<?xml version="1.0" encoding="UTF-8" standalone="no"?>
<!DOCTYPE report PUBLIC "-//JACOCO//DTD Report 1.1//EN" "report.dtd"[]>
<report name="Pester (04/29/2026 12:53:21)">
  <sessioninfo id="this" start="1777467197498" dump="1777467201935" />
  <package name="WinTaskCrossingGuard">
    <class name="WinTaskCrossingGuard/WinTaskCrossingGuard" sourcefilename="WinTaskCrossingGuard.psm1">
      <method name="&lt;script&gt;" desc="()" line="1">
        <counter type="INSTRUCTION" missed="0" covered="1" />
        <counter type="LINE" missed="0" covered="1" />
        <counter type="METHOD" missed="0" covered="1" />
      </method>
      <method name="Get-WtcgObjectPropertyValue" desc="()" line="19">
        <counter type="INSTRUCTION" missed="0" covered="8" />
        <counter type="LINE" missed="0" covered="8" />
        <counter type="METHOD" missed="0" covered="1" />
      </method>
      <method name="Resolve-WtcgDateTime" desc="()" line="43">
        <counter type="INSTRUCTION" missed="0" covered="9" />
        <counter type="LINE" missed="0" covered="9" />
        <counter type="METHOD" missed="0" covered="1" />
      </method>
      <method name="Resolve-WtcgWindow" desc="()" line="79">
        <counter type="INSTRUCTION" missed="0" covered="8" />
        <counter type="LINE" missed="0" covered="8" />
        <counter type="METHOD" missed="0" covered="1" />
      </method>
      <method name="Test-WtcgDateTimeInWindow" desc="()" line="108">
        <counter type="INSTRUCTION" missed="0" covered="2" />
        <counter type="LINE" missed="0" covered="1" />
        <counter type="METHOD" missed="0" covered="1" />
      </method>
      <method name="Normalize-WtcgTaskPath" desc="()" line="120">
        <counter type="INSTRUCTION" missed="0" covered="8" />
        <counter type="LINE" missed="0" covered="8" />
        <counter type="METHOD" missed="0" covered="1" />
      </method>
      <method name="New-WtcgFolderSelection" desc="()" line="147">
        <counter type="INSTRUCTION" missed="0" covered="3" />
        <counter type="LINE" missed="0" covered="3" />
        <counter type="METHOD" missed="0" covered="1" />
      </method>
      <method name="ConvertTo-WtcgFolderSelection" desc="()" line="164">
        <counter type="INSTRUCTION" missed="0" covered="12" />
        <counter type="LINE" missed="0" covered="10" />
        <counter type="METHOD" missed="0" covered="1" />
      </method>
      <method name="New-WtcgTaskIdentity" desc="()" line="235">
        <counter type="INSTRUCTION" missed="0" covered="22" />
        <counter type="LINE" missed="0" covered="18" />
        <counter type="METHOD" missed="0" covered="1" />
      </method>
      <method name="Import-WtcgTaskIdentity" desc="()" line="265">
        <counter type="INSTRUCTION" missed="0" covered="29" />
        <counter type="LINE" missed="0" covered="19" />
        <counter type="METHOD" missed="0" covered="1" />
      </method>
      <method name="Export-WtcgTaskIdentity" desc="()" line="305">
        <counter type="INSTRUCTION" missed="0" covered="34" />
        <counter type="LINE" missed="0" covered="28" />
        <counter type="METHOD" missed="0" covered="1" />
      </method>
      <method name="Resolve-WtcgRuntimeLockPath" desc="()" line="358">
        <counter type="INSTRUCTION" missed="2" covered="7" />
        <counter type="LINE" missed="2" covered="6" />
        <counter type="METHOD" missed="0" covered="1" />
      </method>
      <method name="New-WtcgRuntimeLockName" desc="()" line="383">
        <counter type="INSTRUCTION" missed="2" covered="4" />
        <counter type="LINE" missed="2" covered="4" />
        <counter type="METHOD" missed="0" covered="1" />
      </method>
      <method name="Save-WtcgRuntimeLockFile" desc="()" line="409">
        <counter type="INSTRUCTION" missed="2" covered="18" />
        <counter type="LINE" missed="1" covered="17" />
        <counter type="METHOD" missed="0" covered="1" />
      </method>
      <method name="Enter-WtcgRuntimeLock" desc="()" line="458">
        <counter type="INSTRUCTION" missed="8" covered="18" />
        <counter type="LINE" missed="7" covered="17" />
        <counter type="METHOD" missed="0" covered="1" />
      </method>
      <method name="Exit-WtcgRuntimeLock" desc="()" line="509">
        <counter type="INSTRUCTION" missed="0" covered="13" />
        <counter type="LINE" missed="0" covered="10" />
        <counter type="METHOD" missed="0" covered="1" />
      </method>
      <method name="Import-WtcgTaskSelection" desc="()" line="540">
        <counter type="INSTRUCTION" missed="0" covered="88" />
        <counter type="LINE" missed="0" covered="64" />
        <counter type="METHOD" missed="0" covered="1" />
      </method>
      <method name="Test-WtcgTaskSpecMatch" desc="()" line="654">
        <counter type="INSTRUCTION" missed="0" covered="4" />
        <counter type="LINE" missed="0" covered="4" />
        <counter type="METHOD" missed="0" covered="1" />
      </method>
      <method name="Test-WtcgTaskFolderSelectionMatch" desc="()" line="673">
        <counter type="INSTRUCTION" missed="0" covered="9" />
        <counter type="LINE" missed="0" covered="8" />
        <counter type="METHOD" missed="0" covered="1" />
      </method>
      <method name="Get-WtcgDefaultProtectedFolderSelection" desc="()" line="696">
        <counter type="INSTRUCTION" missed="0" covered="15" />
        <counter type="LINE" missed="0" covered="15" />
        <counter type="METHOD" missed="0" covered="1" />
      </method>
      <method name="Test-WtcgSelectionHasExplicitIncludes" desc="()" line="722">
        <counter type="INSTRUCTION" missed="0" covered="8" />
        <counter type="LINE" missed="0" covered="5" />
        <counter type="METHOD" missed="0" covered="1" />
      </method>
      <method name="Assert-WtcgSafetyAllowListSatisfied" desc="()" line="740">
        <counter type="INSTRUCTION" missed="0" covered="7" />
        <counter type="LINE" missed="0" covered="5" />
        <counter type="METHOD" missed="0" covered="1" />
      </method>
      <method name="Test-WtcgTaskProtected" desc="()" line="766">
        <counter type="INSTRUCTION" missed="0" covered="23" />
        <counter type="LINE" missed="0" covered="19" />
        <counter type="METHOD" missed="0" covered="1" />
      </method>
      <method name="Test-WtcgTaskAllowedBySelection" desc="()" line="811">
        <counter type="INSTRUCTION" missed="0" covered="29" />
        <counter type="LINE" missed="0" covered="24" />
        <counter type="METHOD" missed="0" covered="1" />
      </method>
      <method name="Get-WtcgScheduledTaskCandidate" desc="()" line="873">
        <counter type="INSTRUCTION" missed="0" covered="44" />
        <counter type="LINE" missed="0" covered="32" />
        <counter type="METHOD" missed="0" covered="1" />
      </method>
      <method name="Find-WtcgTaskInWindow" desc="()" line="958">
        <counter type="INSTRUCTION" missed="0" covered="34" />
        <counter type="LINE" missed="0" covered="28" />
        <counter type="METHOD" missed="0" covered="1" />
      </method>
      <method name="Disable-WtcgTaskIdentity" desc="()" line="1022">
        <counter type="INSTRUCTION" missed="1" covered="21" />
        <counter type="LINE" missed="1" covered="18" />
        <counter type="METHOD" missed="0" covered="1" />
      </method>
      <method name="Enable-WtcgTaskIdentity" desc="()" line="1065">
        <counter type="INSTRUCTION" missed="0" covered="10" />
        <counter type="LINE" missed="0" covered="8" />
        <counter type="METHOD" missed="0" covered="1" />
      </method>
      <method name="Start-WtcgTaskIdentity" desc="()" line="1090">
        <counter type="INSTRUCTION" missed="0" covered="9" />
        <counter type="LINE" missed="0" covered="8" />
        <counter type="METHOD" missed="0" covered="1" />
      </method>
      <method name="Save-WtcgManifest" desc="()" line="1128">
        <counter type="INSTRUCTION" missed="0" covered="41" />
        <counter type="LINE" missed="0" covered="32" />
        <counter type="METHOD" missed="0" covered="1" />
      </method>
      <method name="Import-WtcgDotEnv" desc="()" line="1186">
        <counter type="INSTRUCTION" missed="2" covered="23" />
        <counter type="LINE" missed="1" covered="21" />
        <counter type="METHOD" missed="1" covered="0" />
      </method>
      <method name="Get-WtcgLogRetentionDays" desc="()" line="1238">
        <counter type="INSTRUCTION" missed="2" covered="10" />
        <counter type="LINE" missed="1" covered="10" />
        <counter type="METHOD" missed="1" covered="0" />
      </method>
      <method name="Clear-WtcgOldLogs" desc="()" line="1267">
        <counter type="INSTRUCTION" missed="4" covered="21" />
        <counter type="LINE" missed="2" covered="19" />
        <counter type="METHOD" missed="1" covered="0" />
      </method>
      <method name="Resolve-WtcgXmlLogPath" desc="()" line="1323">
        <counter type="INSTRUCTION" missed="0" covered="6" />
        <counter type="LINE" missed="0" covered="5" />
        <counter type="METHOD" missed="0" covered="1" />
      </method>
      <method name="Write-WtcgDisableXmlLog" desc="()" line="1375">
        <counter type="INSTRUCTION" missed="1" covered="65" />
        <counter type="LINE" missed="1" covered="58" />
        <counter type="METHOD" missed="0" covered="1" />
      </method>
      <method name="Write-WtcgErrorXmlLog" desc="()" line="1506">
        <counter type="INSTRUCTION" missed="0" covered="41" />
        <counter type="LINE" missed="0" covered="35" />
        <counter type="METHOD" missed="0" covered="1" />
      </method>
      <method name="Get-WtcgMailSettingsForConfigurationError" desc="()" line="1576">
        <counter type="INSTRUCTION" missed="2" covered="20" />
        <counter type="LINE" missed="2" covered="15" />
        <counter type="METHOD" missed="0" covered="1" />
      </method>
      <method name="ConvertTo-WtcgMailSettings" desc="()" line="1619">
        <counter type="INSTRUCTION" missed="0" covered="55" />
        <counter type="LINE" missed="0" covered="33" />
        <counter type="METHOD" missed="0" covered="1" />
      </method>
      <method name="Assert-WtcgMailEventSettings" desc="()" line="1670">
        <counter type="INSTRUCTION" missed="0" covered="23" />
        <counter type="LINE" missed="0" covered="15" />
        <counter type="METHOD" missed="0" covered="1" />
      </method>
      <method name="ConvertTo-WtcgMailEventSettings" desc="()" line="1709">
        <counter type="INSTRUCTION" missed="0" covered="26" />
        <counter type="LINE" missed="0" covered="23" />
        <counter type="METHOD" missed="0" covered="1" />
      </method>
      <method name="Get-WtcgResultMailSettings" desc="()" line="1766">
        <counter type="INSTRUCTION" missed="1" covered="8" />
        <counter type="LINE" missed="1" covered="8" />
        <counter type="METHOD" missed="0" covered="1" />
      </method>
      <method name="Get-WtcgErrorMailSettings" desc="()" line="1791">
        <counter type="INSTRUCTION" missed="1" covered="8" />
        <counter type="LINE" missed="1" covered="8" />
        <counter type="METHOD" missed="0" covered="1" />
      </method>
      <method name="Test-WtcgMailSettingsReady" desc="()" line="1816">
        <counter type="INSTRUCTION" missed="0" covered="10" />
        <counter type="LINE" missed="0" covered="8" />
        <counter type="METHOD" missed="0" covered="1" />
      </method>
      <method name="Get-WtcgMailAttachments" desc="()" line="1851">
        <counter type="INSTRUCTION" missed="1" covered="9" />
        <counter type="LINE" missed="1" covered="9" />
        <counter type="METHOD" missed="0" covered="1" />
      </method>
      <method name="Send-WtcgLogGeneratedNotificationFromSettings" desc="()" line="1894">
        <counter type="INSTRUCTION" missed="3" covered="5" />
        <counter type="LINE" missed="2" covered="4" />
        <counter type="METHOD" missed="0" covered="1" />
      </method>
      <method name="Send-WtcgErrorNotificationFromSettings" desc="()" line="1956">
        <counter type="INSTRUCTION" missed="3" covered="5" />
        <counter type="LINE" missed="2" covered="4" />
        <counter type="METHOD" missed="0" covered="1" />
      </method>
      <method name="Send-WtcgMailNotification" desc="()" line="2027">
        <counter type="INSTRUCTION" missed="21" covered="25" />
        <counter type="LINE" missed="18" covered="21" />
        <counter type="METHOD" missed="0" covered="1" />
      </method>
      <method name="New-WtcgLogGeneratedMailBody" desc="()" line="2120">
        <counter type="INSTRUCTION" missed="0" covered="2" />
        <counter type="LINE" missed="0" covered="2" />
        <counter type="METHOD" missed="0" covered="1" />
      </method>
      <method name="New-WtcgErrorMailBody" desc="()" line="2219">
        <counter type="INSTRUCTION" missed="2" covered="9" />
        <counter type="LINE" missed="0" covered="7" />
        <counter type="METHOD" missed="0" covered="1" />
      </method>
      <method name="Send-WtcgLogGeneratedNotification" desc="()" line="2301">
        <counter type="INSTRUCTION" missed="0" covered="9" />
        <counter type="LINE" missed="0" covered="7" />
        <counter type="METHOD" missed="0" covered="1" />
      </method>
      <method name="Send-WtcgErrorNotification" desc="()" line="2384">
        <counter type="INSTRUCTION" missed="3" covered="6" />
        <counter type="LINE" missed="2" covered="5" />
        <counter type="METHOD" missed="0" covered="1" />
      </method>
      <method name="Invoke-WtcgRegisterScheduledTask" desc="()" line="2446">
        <counter type="INSTRUCTION" missed="1" covered="0" />
        <counter type="LINE" missed="1" covered="0" />
        <counter type="METHOD" missed="1" covered="0" />
      </method>
      <method name="Invoke-WtcgSetScheduledTask" desc="()" line="2479">
        <counter type="INSTRUCTION" missed="1" covered="0" />
        <counter type="LINE" missed="1" covered="0" />
        <counter type="METHOD" missed="1" covered="0" />
      </method>
      <method name="Disable-WtcgTasksInWindowAndScheduleReenable" desc="()" line="2517">
        <counter type="INSTRUCTION" missed="17" covered="110" />
        <counter type="LINE" missed="13" covered="97" />
        <counter type="METHOD" missed="1" covered="0" />
      </method>
      <counter type="INSTRUCTION" missed="80" covered="1034" />
      <counter type="LINE" missed="62" covered="851" />
      <counter type="METHOD" missed="6" covered="48" />
      <counter type="CLASS" missed="0" covered="1" />
    </class>
    <sourcefile name="WinTaskCrossingGuard.psm1">
      <line nr="1" mi="0" ci="1" mb="0" cb="0" />
      <line nr="19" mi="0" ci="1" mb="0" cb="0" />
      <line nr="20" mi="0" ci="1" mb="0" cb="0" />
      <line nr="23" mi="0" ci="1" mb="0" cb="0" />
      <line nr="25" mi="0" ci="1" mb="0" cb="0" />
      <line nr="26" mi="0" ci="1" mb="0" cb="0" />
      <line nr="29" mi="0" ci="1" mb="0" cb="0" />
      <line nr="30" mi="0" ci="1" mb="0" cb="0" />
      <line nr="33" mi="0" ci="1" mb="0" cb="0" />
      <line nr="43" mi="0" ci="1" mb="0" cb="0" />
      <line nr="46" mi="0" ci="1" mb="0" cb="0" />
      <line nr="47" mi="0" ci="1" mb="0" cb="0" />
      <line nr="49" mi="0" ci="1" mb="0" cb="0" />
      <line nr="50" mi="0" ci="1" mb="0" cb="0" />
      <line nr="51" mi="0" ci="1" mb="0" cb="0" />
      <line nr="54" mi="0" ci="1" mb="0" cb="0" />
      <line nr="55" mi="0" ci="1" mb="0" cb="0" />
      <line nr="66" mi="0" ci="1" mb="0" cb="0" />
      <line nr="79" mi="0" ci="1" mb="0" cb="0" />
      <line nr="82" mi="0" ci="1" mb="0" cb="0" />
      <line nr="83" mi="0" ci="1" mb="0" cb="0" />
      <line nr="85" mi="0" ci="1" mb="0" cb="0" />
      <line nr="86" mi="0" ci="1" mb="0" cb="0" />
      <line nr="89" mi="0" ci="1" mb="0" cb="0" />
      <line nr="90" mi="0" ci="1" mb="0" cb="0" />
      <line nr="91" mi="0" ci="1" mb="0" cb="0" />
      <line nr="108" mi="0" ci="2" mb="0" cb="0" />
      <line nr="120" mi="0" ci="1" mb="0" cb="0" />
      <line nr="121" mi="0" ci="1" mb="0" cb="0" />
      <line nr="124" mi="0" ci="1" mb="0" cb="0" />
      <line nr="126" mi="0" ci="1" mb="0" cb="0" />
      <line nr="127" mi="0" ci="1" mb="0" cb="0" />
      <line nr="130" mi="0" ci="1" mb="0" cb="0" />
      <line nr="131" mi="0" ci="1" mb="0" cb="0" />
      <line nr="134" mi="0" ci="1" mb="0" cb="0" />
      <line nr="147" mi="0" ci="1" mb="0" cb="0" />
      <line nr="148" mi="0" ci="1" mb="0" cb="0" />
      <line nr="149" mi="0" ci="1" mb="0" cb="0" />
      <line nr="164" mi="0" ci="1" mb="0" cb="0" />
      <line nr="165" mi="0" ci="1" mb="0" cb="0" />
      <line nr="166" mi="0" ci="1" mb="0" cb="0" />
      <line nr="170" mi="0" ci="1" mb="0" cb="0" />
      <line nr="171" mi="0" ci="1" mb="0" cb="0" />
      <line nr="172" mi="0" ci="1" mb="0" cb="0" />
      <line nr="175" mi="0" ci="1" mb="0" cb="0" />
      <line nr="176" mi="0" ci="1" mb="0" cb="0" />
      <line nr="179" mi="0" ci="1" mb="0" cb="0" />
      <line nr="180" mi="0" ci="3" mb="0" cb="0" />
      <line nr="235" mi="0" ci="1" mb="0" cb="0" />
      <line nr="236" mi="0" ci="3" mb="0" cb="0" />
      <line nr="237" mi="0" ci="3" mb="0" cb="0" />
      <line nr="239" mi="0" ci="1" mb="0" cb="0" />
      <line nr="240" mi="0" ci="1" mb="0" cb="0" />
      <line nr="241" mi="0" ci="1" mb="0" cb="0" />
      <line nr="242" mi="0" ci="1" mb="0" cb="0" />
      <line nr="243" mi="0" ci="1" mb="0" cb="0" />
      <line nr="244" mi="0" ci="1" mb="0" cb="0" />
      <line nr="245" mi="0" ci="1" mb="0" cb="0" />
      <line nr="246" mi="0" ci="1" mb="0" cb="0" />
      <line nr="247" mi="0" ci="1" mb="0" cb="0" />
      <line nr="248" mi="0" ci="1" mb="0" cb="0" />
      <line nr="249" mi="0" ci="1" mb="0" cb="0" />
      <line nr="250" mi="0" ci="1" mb="0" cb="0" />
      <line nr="251" mi="0" ci="1" mb="0" cb="0" />
      <line nr="252" mi="0" ci="1" mb="0" cb="0" />
      <line nr="253" mi="0" ci="1" mb="0" cb="0" />
      <line nr="265" mi="0" ci="2" mb="0" cb="0" />
      <line nr="266" mi="0" ci="1" mb="0" cb="0" />
      <line nr="269" mi="0" ci="2" mb="0" cb="0" />
      <line nr="271" mi="0" ci="1" mb="0" cb="0" />
      <line nr="272" mi="0" ci="5" mb="0" cb="0" />
      <line nr="274" mi="0" ci="1" mb="0" cb="0" />
      <line nr="275" mi="0" ci="1" mb="0" cb="0" />
      <line nr="276" mi="0" ci="2" mb="0" cb="0" />
      <line nr="277" mi="0" ci="2" mb="0" cb="0" />
      <line nr="278" mi="0" ci="1" mb="0" cb="0" />
      <line nr="279" mi="0" ci="1" mb="0" cb="0" />
      <line nr="280" mi="0" ci="1" mb="0" cb="0" />
      <line nr="281" mi="0" ci="2" mb="0" cb="0" />
      <line nr="282" mi="0" ci="2" mb="0" cb="0" />
      <line nr="283" mi="0" ci="1" mb="0" cb="0" />
      <line nr="284" mi="0" ci="1" mb="0" cb="0" />
      <line nr="285" mi="0" ci="1" mb="0" cb="0" />
      <line nr="286" mi="0" ci="1" mb="0" cb="0" />
      <line nr="287" mi="0" ci="1" mb="0" cb="0" />
      <line nr="305" mi="0" ci="1" mb="0" cb="0" />
      <line nr="309" mi="0" ci="1" mb="0" cb="0" />
      <line nr="310" mi="0" ci="2" mb="0" cb="0" />
      <line nr="311" mi="0" ci="1" mb="0" cb="0" />
      <line nr="312" mi="0" ci="1" mb="0" cb="0" />
      <line nr="313" mi="0" ci="1" mb="0" cb="0" />
      <line nr="314" mi="0" ci="2" mb="0" cb="0" />
      <line nr="315" mi="0" ci="1" mb="0" cb="0" />
      <line nr="316" mi="0" ci="1" mb="0" cb="0" />
      <line nr="317" mi="0" ci="1" mb="0" cb="0" />
      <line nr="318" mi="0" ci="2" mb="0" cb="0" />
      <line nr="319" mi="0" ci="2" mb="0" cb="0" />
      <line nr="320" mi="0" ci="1" mb="0" cb="0" />
      <line nr="321" mi="0" ci="1" mb="0" cb="0" />
      <line nr="322" mi="0" ci="1" mb="0" cb="0" />
      <line nr="323" mi="0" ci="1" mb="0" cb="0" />
      <line nr="324" mi="0" ci="1" mb="0" cb="0" />
      <line nr="330" mi="0" ci="1" mb="0" cb="0" />
      <line nr="331" mi="0" ci="1" mb="0" cb="0" />
      <line nr="332" mi="0" ci="2" mb="0" cb="0" />
      <line nr="333" mi="0" ci="1" mb="0" cb="0" />
      <line nr="336" mi="0" ci="1" mb="0" cb="0" />
      <line nr="337" mi="0" ci="1" mb="0" cb="0" />
      <line nr="338" mi="0" ci="2" mb="0" cb="0" />
      <line nr="341" mi="0" ci="1" mb="0" cb="0" />
      <line nr="342" mi="0" ci="1" mb="0" cb="0" />
      <line nr="343" mi="0" ci="1" mb="0" cb="0" />
      <line nr="345" mi="0" ci="1" mb="0" cb="0" />
      <line nr="358" mi="0" ci="1" mb="0" cb="0" />
      <line nr="359" mi="0" ci="1" mb="0" cb="0" />
      <line nr="362" mi="0" ci="1" mb="0" cb="0" />
      <line nr="363" mi="0" ci="1" mb="0" cb="0" />
      <line nr="364" mi="1" ci="0" mb="0" cb="0" />
      <line nr="367" mi="0" ci="1" mb="0" cb="0" />
      <line nr="368" mi="1" ci="0" mb="0" cb="0" />
      <line nr="371" mi="0" ci="2" mb="0" cb="0" />
      <line nr="383" mi="0" ci="1" mb="0" cb="0" />
      <line nr="384" mi="1" ci="0" mb="0" cb="0" />
      <line nr="387" mi="0" ci="1" mb="0" cb="0" />
      <line nr="388" mi="0" ci="1" mb="0" cb="0" />
      <line nr="389" mi="1" ci="0" mb="0" cb="0" />
      <line nr="392" mi="0" ci="1" mb="0" cb="0" />
      <line nr="409" mi="0" ci="1" mb="0" cb="0" />
      <line nr="410" mi="0" ci="2" mb="0" cb="0" />
      <line nr="411" mi="2" ci="0" mb="0" cb="0" />
      <line nr="414" mi="0" ci="1" mb="0" cb="0" />
      <line nr="415" mi="0" ci="1" mb="0" cb="0" />
      <line nr="416" mi="0" ci="1" mb="0" cb="0" />
      <line nr="417" mi="0" ci="1" mb="0" cb="0" />
      <line nr="418" mi="0" ci="1" mb="0" cb="0" />
      <line nr="419" mi="0" ci="1" mb="0" cb="0" />
      <line nr="420" mi="0" ci="1" mb="0" cb="0" />
      <line nr="421" mi="0" ci="1" mb="0" cb="0" />
      <line nr="422" mi="0" ci="1" mb="0" cb="0" />
      <line nr="425" mi="0" ci="1" mb="0" cb="0" />
      <line nr="426" mi="0" ci="1" mb="0" cb="0" />
      <line nr="427" mi="0" ci="1" mb="0" cb="0" />
      <line nr="428" mi="0" ci="1" mb="0" cb="0" />
      <line nr="431" mi="0" ci="1" mb="0" cb="0" />
      <line nr="432" mi="0" ci="1" mb="0" cb="0" />
      <line nr="458" mi="0" ci="1" mb="0" cb="0" />
      <line nr="459" mi="0" ci="1" mb="0" cb="0" />
      <line nr="462" mi="0" ci="1" mb="0" cb="0" />
      <line nr="463" mi="1" ci="0" mb="0" cb="0" />
      <line nr="466" mi="0" ci="1" mb="0" cb="0" />
      <line nr="469" mi="0" ci="1" mb="0" cb="0" />
      <line nr="470" mi="0" ci="1" mb="0" cb="0" />
      <line nr="471" mi="1" ci="0" mb="0" cb="0" />
      <line nr="472" mi="1" ci="0" mb="0" cb="0" />
      <line nr="473" mi="2" ci="0" mb="0" cb="0" />
      <line nr="474" mi="1" ci="0" mb="0" cb="0" />
      <line nr="476" mi="1" ci="0" mb="0" cb="0" />
      <line nr="479" mi="0" ci="1" mb="0" cb="0" />
      <line nr="480" mi="0" ci="1" mb="0" cb="0" />
      <line nr="481" mi="0" ci="1" mb="0" cb="0" />
      <line nr="482" mi="0" ci="1" mb="0" cb="0" />
      <line nr="483" mi="0" ci="2" mb="0" cb="0" />
      <line nr="487" mi="0" ci="1" mb="0" cb="0" />
      <line nr="488" mi="0" ci="1" mb="0" cb="0" />
      <line nr="489" mi="0" ci="1" mb="0" cb="0" />
      <line nr="490" mi="0" ci="1" mb="0" cb="0" />
      <line nr="491" mi="0" ci="1" mb="0" cb="0" />
      <line nr="492" mi="0" ci="1" mb="0" cb="0" />
      <line nr="496" mi="1" ci="0" mb="0" cb="0" />
      <line nr="509" mi="0" ci="1" mb="0" cb="0" />
      <line nr="514" mi="0" ci="2" mb="0" cb="0" />
      <line nr="515" mi="0" ci="1" mb="0" cb="0" />
      <line nr="516" mi="0" ci="1" mb="0" cb="0" />
      <line nr="520" mi="0" ci="2" mb="0" cb="0" />
      <line nr="521" mi="0" ci="1" mb="0" cb="0" />
      <line nr="524" mi="0" ci="1" mb="0" cb="0" />
      <line nr="525" mi="0" ci="2" mb="0" cb="0" />
      <line nr="526" mi="0" ci="1" mb="0" cb="0" />
      <line nr="527" mi="0" ci="1" mb="0" cb="0" />
      <line nr="540" mi="0" ci="2" mb="0" cb="0" />
      <line nr="541" mi="0" ci="1" mb="0" cb="0" />
      <line nr="545" mi="0" ci="2" mb="0" cb="0" />
      <line nr="548" mi="0" ci="2" mb="0" cb="0" />
      <line nr="551" mi="0" ci="2" mb="0" cb="0" />
      <line nr="552" mi="0" ci="2" mb="0" cb="0" />
      <line nr="554" mi="0" ci="1" mb="0" cb="0" />
      <line nr="555" mi="0" ci="1" mb="0" cb="0" />
      <line nr="556" mi="0" ci="1" mb="0" cb="0" />
      <line nr="557" mi="0" ci="1" mb="0" cb="0" />
      <line nr="558" mi="0" ci="1" mb="0" cb="0" />
      <line nr="559" mi="0" ci="1" mb="0" cb="0" />
      <line nr="560" mi="0" ci="2" mb="0" cb="0" />
      <line nr="561" mi="0" ci="2" mb="0" cb="0" />
      <line nr="563" mi="0" ci="1" mb="0" cb="0" />
      <line nr="564" mi="0" ci="1" mb="0" cb="0" />
      <line nr="565" mi="0" ci="1" mb="0" cb="0" />
      <line nr="566" mi="0" ci="1" mb="0" cb="0" />
      <line nr="567" mi="0" ci="1" mb="0" cb="0" />
      <line nr="571" mi="0" ci="1" mb="0" cb="0" />
      <line nr="572" mi="0" ci="1" mb="0" cb="0" />
      <line nr="573" mi="0" ci="1" mb="0" cb="0" />
      <line nr="574" mi="0" ci="1" mb="0" cb="0" />
      <line nr="575" mi="0" ci="1" mb="0" cb="0" />
      <line nr="579" mi="0" ci="1" mb="0" cb="0" />
      <line nr="580" mi="0" ci="1" mb="0" cb="0" />
      <line nr="581" mi="0" ci="1" mb="0" cb="0" />
      <line nr="582" mi="0" ci="1" mb="0" cb="0" />
      <line nr="583" mi="0" ci="1" mb="0" cb="0" />
      <line nr="587" mi="0" ci="1" mb="0" cb="0" />
      <line nr="588" mi="0" ci="1" mb="0" cb="0" />
      <line nr="589" mi="0" ci="3" mb="0" cb="0" />
      <line nr="590" mi="0" ci="1" mb="0" cb="0" />
      <line nr="591" mi="0" ci="3" mb="0" cb="0" />
      <line nr="592" mi="0" ci="2" mb="0" cb="0" />
      <line nr="597" mi="0" ci="1" mb="0" cb="0" />
      <line nr="598" mi="0" ci="1" mb="0" cb="0" />
      <line nr="599" mi="0" ci="3" mb="0" cb="0" />
      <line nr="600" mi="0" ci="1" mb="0" cb="0" />
      <line nr="601" mi="0" ci="3" mb="0" cb="0" />
      <line nr="602" mi="0" ci="2" mb="0" cb="0" />
      <line nr="607" mi="0" ci="1" mb="0" cb="0" />
      <line nr="608" mi="0" ci="1" mb="0" cb="0" />
      <line nr="609" mi="0" ci="3" mb="0" cb="0" />
      <line nr="610" mi="0" ci="1" mb="0" cb="0" />
      <line nr="611" mi="0" ci="3" mb="0" cb="0" />
      <line nr="612" mi="0" ci="2" mb="0" cb="0" />
      <line nr="617" mi="0" ci="1" mb="0" cb="0" />
      <line nr="618" mi="0" ci="1" mb="0" cb="0" />
      <line nr="619" mi="0" ci="1" mb="0" cb="0" />
      <line nr="623" mi="0" ci="1" mb="0" cb="0" />
      <line nr="624" mi="0" ci="1" mb="0" cb="0" />
      <line nr="625" mi="0" ci="1" mb="0" cb="0" />
      <line nr="629" mi="0" ci="1" mb="0" cb="0" />
      <line nr="630" mi="0" ci="1" mb="0" cb="0" />
      <line nr="631" mi="0" ci="1" mb="0" cb="0" />
      <line nr="632" mi="0" ci="1" mb="0" cb="0" />
      <line nr="633" mi="0" ci="1" mb="0" cb="0" />
      <line nr="634" mi="0" ci="1" mb="0" cb="0" />
      <line nr="635" mi="0" ci="1" mb="0" cb="0" />
      <line nr="636" mi="0" ci="1" mb="0" cb="0" />
      <line nr="637" mi="0" ci="1" mb="0" cb="0" />
      <line nr="638" mi="0" ci="2" mb="0" cb="0" />
      <line nr="639" mi="0" ci="2" mb="0" cb="0" />
      <line nr="654" mi="0" ci="1" mb="0" cb="0" />
      <line nr="655" mi="0" ci="1" mb="0" cb="0" />
      <line nr="656" mi="0" ci="1" mb="0" cb="0" />
      <line nr="660" mi="0" ci="1" mb="0" cb="0" />
      <line nr="673" mi="0" ci="1" mb="0" cb="0" />
      <line nr="674" mi="0" ci="2" mb="0" cb="0" />
      <line nr="676" mi="0" ci="1" mb="0" cb="0" />
      <line nr="677" mi="0" ci="1" mb="0" cb="0" />
      <line nr="678" mi="0" ci="1" mb="0" cb="0" />
      <line nr="682" mi="0" ci="1" mb="0" cb="0" />
      <line nr="683" mi="0" ci="1" mb="0" cb="0" />
      <line nr="688" mi="0" ci="1" mb="0" cb="0" />
      <line nr="696" mi="0" ci="1" mb="0" cb="0" />
      <line nr="697" mi="0" ci="1" mb="0" cb="0" />
      <line nr="698" mi="0" ci="1" mb="0" cb="0" />
      <line nr="699" mi="0" ci="1" mb="0" cb="0" />
      <line nr="700" mi="0" ci="1" mb="0" cb="0" />
      <line nr="701" mi="0" ci="1" mb="0" cb="0" />
      <line nr="702" mi="0" ci="1" mb="0" cb="0" />
      <line nr="703" mi="0" ci="1" mb="0" cb="0" />
      <line nr="704" mi="0" ci="1" mb="0" cb="0" />
      <line nr="705" mi="0" ci="1" mb="0" cb="0" />
      <line nr="706" mi="0" ci="1" mb="0" cb="0" />
      <line nr="707" mi="0" ci="1" mb="0" cb="0" />
      <line nr="708" mi="0" ci="1" mb="0" cb="0" />
      <line nr="709" mi="0" ci="1" mb="0" cb="0" />
      <line nr="710" mi="0" ci="1" mb="0" cb="0" />
      <line nr="722" mi="0" ci="1" mb="0" cb="0" />
      <line nr="723" mi="0" ci="1" mb="0" cb="0" />
      <line nr="726" mi="0" ci="2" mb="0" cb="0" />
      <line nr="727" mi="0" ci="2" mb="0" cb="0" />
      <line nr="729" mi="0" ci="2" mb="0" cb="0" />
      <line nr="740" mi="0" ci="1" mb="0" cb="0" />
      <line nr="744" mi="0" ci="2" mb="0" cb="0" />
      <line nr="746" mi="0" ci="1" mb="0" cb="0" />
      <line nr="750" mi="0" ci="2" mb="0" cb="0" />
      <line nr="751" mi="0" ci="1" mb="0" cb="0" />
      <line nr="766" mi="0" ci="2" mb="0" cb="0" />
      <line nr="767" mi="0" ci="1" mb="0" cb="0" />
      <line nr="769" mi="0" ci="1" mb="0" cb="0" />
      <line nr="770" mi="0" ci="2" mb="0" cb="0" />
      <line nr="772" mi="0" ci="1" mb="0" cb="0" />
      <line nr="773" mi="0" ci="1" mb="0" cb="0" />
      <line nr="776" mi="0" ci="1" mb="0" cb="0" />
      <line nr="777" mi="0" ci="1" mb="0" cb="0" />
      <line nr="778" mi="0" ci="2" mb="0" cb="0" />
      <line nr="781" mi="0" ci="1" mb="0" cb="0" />
      <line nr="782" mi="0" ci="1" mb="0" cb="0" />
      <line nr="783" mi="0" ci="2" mb="0" cb="0" />
      <line nr="787" mi="0" ci="1" mb="0" cb="0" />
      <line nr="788" mi="0" ci="1" mb="0" cb="0" />
      <line nr="789" mi="0" ci="1" mb="0" cb="0" />
      <line nr="792" mi="0" ci="1" mb="0" cb="0" />
      <line nr="793" mi="0" ci="1" mb="0" cb="0" />
      <line nr="794" mi="0" ci="1" mb="0" cb="0" />
      <line nr="797" mi="0" ci="1" mb="0" cb="0" />
      <line nr="811" mi="0" ci="1" mb="0" cb="0" />
      <line nr="812" mi="0" ci="1" mb="0" cb="0" />
      <line nr="815" mi="0" ci="1" mb="0" cb="0" />
      <line nr="816" mi="0" ci="1" mb="0" cb="0" />
      <line nr="819" mi="0" ci="2" mb="0" cb="0" />
      <line nr="820" mi="0" ci="2" mb="0" cb="0" />
      <line nr="821" mi="0" ci="2" mb="0" cb="0" />
      <line nr="822" mi="0" ci="2" mb="0" cb="0" />
      <line nr="824" mi="0" ci="1" mb="0" cb="0" />
      <line nr="825" mi="0" ci="1" mb="0" cb="0" />
      <line nr="826" mi="0" ci="1" mb="0" cb="0" />
      <line nr="829" mi="0" ci="1" mb="0" cb="0" />
      <line nr="830" mi="0" ci="1" mb="0" cb="0" />
      <line nr="831" mi="0" ci="1" mb="0" cb="0" />
      <line nr="834" mi="0" ci="2" mb="0" cb="0" />
      <line nr="836" mi="0" ci="1" mb="0" cb="0" />
      <line nr="837" mi="0" ci="1" mb="0" cb="0" />
      <line nr="840" mi="0" ci="1" mb="0" cb="0" />
      <line nr="841" mi="0" ci="1" mb="0" cb="0" />
      <line nr="842" mi="0" ci="1" mb="0" cb="0" />
      <line nr="845" mi="0" ci="1" mb="0" cb="0" />
      <line nr="846" mi="0" ci="1" mb="0" cb="0" />
      <line nr="847" mi="0" ci="1" mb="0" cb="0" />
      <line nr="850" mi="0" ci="1" mb="0" cb="0" />
      <line nr="873" mi="0" ci="1" mb="0" cb="0" />
      <line nr="875" mi="0" ci="1" mb="0" cb="0" />
      <line nr="877" mi="0" ci="1" mb="0" cb="0" />
      <line nr="879" mi="0" ci="4" mb="0" cb="0" />
      <line nr="880" mi="0" ci="1" mb="0" cb="0" />
      <line nr="881" mi="0" ci="1" mb="0" cb="0" />
      <line nr="882" mi="0" ci="2" mb="0" cb="0" />
      <line nr="883" mi="0" ci="2" mb="0" cb="0" />
      <line nr="886" mi="0" ci="1" mb="0" cb="0" />
      <line nr="887" mi="0" ci="2" mb="0" cb="0" />
      <line nr="891" mi="0" ci="1" mb="0" cb="0" />
      <line nr="892" mi="0" ci="1" mb="0" cb="0" />
      <line nr="893" mi="0" ci="2" mb="0" cb="0" />
      <line nr="895" mi="0" ci="1" mb="0" cb="0" />
      <line nr="896" mi="0" ci="1" mb="0" cb="0" />
      <line nr="897" mi="0" ci="2" mb="0" cb="0" />
      <line nr="898" mi="0" ci="2" mb="0" cb="0" />
      <line nr="901" mi="0" ci="1" mb="0" cb="0" />
      <line nr="902" mi="0" ci="2" mb="0" cb="0" />
      <line nr="907" mi="0" ci="1" mb="0" cb="0" />
      <line nr="908" mi="0" ci="1" mb="0" cb="0" />
      <line nr="909" mi="0" ci="1" mb="0" cb="0" />
      <line nr="910" mi="0" ci="2" mb="0" cb="0" />
      <line nr="914" mi="0" ci="1" mb="0" cb="0" />
      <line nr="915" mi="0" ci="1" mb="0" cb="0" />
      <line nr="916" mi="0" ci="1" mb="0" cb="0" />
      <line nr="918" mi="0" ci="1" mb="0" cb="0" />
      <line nr="919" mi="0" ci="2" mb="0" cb="0" />
      <line nr="922" mi="0" ci="1" mb="0" cb="0" />
      <line nr="923" mi="0" ci="1" mb="0" cb="0" />
      <line nr="924" mi="0" ci="1" mb="0" cb="0" />
      <line nr="926" mi="0" ci="1" mb="0" cb="0" />
      <line nr="958" mi="0" ci="1" mb="0" cb="0" />
      <line nr="965" mi="0" ci="1" mb="0" cb="0" />
      <line nr="966" mi="0" ci="1" mb="0" cb="0" />
      <line nr="968" mi="0" ci="1" mb="0" cb="0" />
      <line nr="971" mi="0" ci="4" mb="0" cb="0" />
      <line nr="975" mi="0" ci="1" mb="0" cb="0" />
      <line nr="979" mi="0" ci="1" mb="0" cb="0" />
      <line nr="980" mi="0" ci="1" mb="0" cb="0" />
      <line nr="981" mi="0" ci="1" mb="0" cb="0" />
      <line nr="985" mi="0" ci="1" mb="0" cb="0" />
      <line nr="986" mi="0" ci="1" mb="0" cb="0" />
      <line nr="987" mi="0" ci="1" mb="0" cb="0" />
      <line nr="990" mi="0" ci="1" mb="0" cb="0" />
      <line nr="991" mi="0" ci="1" mb="0" cb="0" />
      <line nr="994" mi="0" ci="1" mb="0" cb="0" />
      <line nr="995" mi="0" ci="1" mb="0" cb="0" />
      <line nr="996" mi="0" ci="1" mb="0" cb="0" />
      <line nr="997" mi="0" ci="3" mb="0" cb="0" />
      <line nr="998" mi="0" ci="1" mb="0" cb="0" />
      <line nr="999" mi="0" ci="1" mb="0" cb="0" />
      <line nr="1000" mi="0" ci="2" mb="0" cb="0" />
      <line nr="1001" mi="0" ci="1" mb="0" cb="0" />
      <line nr="1002" mi="0" ci="1" mb="0" cb="0" />
      <line nr="1003" mi="0" ci="1" mb="0" cb="0" />
      <line nr="1004" mi="0" ci="1" mb="0" cb="0" />
      <line nr="1005" mi="0" ci="1" mb="0" cb="0" />
      <line nr="1006" mi="0" ci="1" mb="0" cb="0" />
      <line nr="1007" mi="0" ci="1" mb="0" cb="0" />
      <line nr="1022" mi="0" ci="1" mb="0" cb="0" />
      <line nr="1026" mi="0" ci="1" mb="0" cb="0" />
      <line nr="1027" mi="0" ci="2" mb="0" cb="0" />
      <line nr="1028" mi="0" ci="1" mb="0" cb="0" />
      <line nr="1029" mi="0" ci="1" mb="0" cb="0" />
      <line nr="1031" mi="0" ci="2" mb="0" cb="0" />
      <line nr="1032" mi="0" ci="1" mb="0" cb="0" />
      <line nr="1033" mi="1" ci="0" mb="0" cb="0" />
      <line nr="1037" mi="0" ci="1" mb="0" cb="0" />
      <line nr="1038" mi="0" ci="2" mb="0" cb="0" />
      <line nr="1039" mi="0" ci="1" mb="0" cb="0" />
      <line nr="1042" mi="0" ci="1" mb="0" cb="0" />
      <line nr="1043" mi="0" ci="1" mb="0" cb="0" />
      <line nr="1044" mi="0" ci="1" mb="0" cb="0" />
      <line nr="1047" mi="0" ci="1" mb="0" cb="0" />
      <line nr="1048" mi="0" ci="1" mb="0" cb="0" />
      <line nr="1049" mi="0" ci="1" mb="0" cb="0" />
      <line nr="1050" mi="0" ci="1" mb="0" cb="0" />
      <line nr="1051" mi="0" ci="1" mb="0" cb="0" />
      <line nr="1065" mi="0" ci="1" mb="0" cb="0" />
      <line nr="1069" mi="0" ci="1" mb="0" cb="0" />
      <line nr="1070" mi="0" ci="2" mb="0" cb="0" />
      <line nr="1071" mi="0" ci="1" mb="0" cb="0" />
      <line nr="1072" mi="0" ci="1" mb="0" cb="0" />
      <line nr="1074" mi="0" ci="1" mb="0" cb="0" />
      <line nr="1075" mi="0" ci="2" mb="0" cb="0" />
      <line nr="1076" mi="0" ci="1" mb="0" cb="0" />
      <line nr="1090" mi="0" ci="1" mb="0" cb="0" />
      <line nr="1094" mi="0" ci="1" mb="0" cb="0" />
      <line nr="1095" mi="0" ci="2" mb="0" cb="0" />
      <line nr="1096" mi="0" ci="1" mb="0" cb="0" />
      <line nr="1097" mi="0" ci="1" mb="0" cb="0" />
      <line nr="1099" mi="0" ci="1" mb="0" cb="0" />
      <line nr="1100" mi="0" ci="1" mb="0" cb="0" />
      <line nr="1101" mi="0" ci="1" mb="0" cb="0" />
      <line nr="1128" mi="0" ci="1" mb="0" cb="0" />
      <line nr="1132" mi="0" ci="1" mb="0" cb="0" />
      <line nr="1133" mi="0" ci="2" mb="0" cb="0" />
      <line nr="1134" mi="0" ci="1" mb="0" cb="0" />
      <line nr="1135" mi="0" ci="1" mb="0" cb="0" />
      <line nr="1136" mi="0" ci="1" mb="0" cb="0" />
      <line nr="1137" mi="0" ci="2" mb="0" cb="0" />
      <line nr="1138" mi="0" ci="1" mb="0" cb="0" />
      <line nr="1139" mi="0" ci="2" mb="0" cb="0" />
      <line nr="1140" mi="0" ci="2" mb="0" cb="0" />
      <line nr="1141" mi="0" ci="2" mb="0" cb="0" />
      <line nr="1142" mi="0" ci="1" mb="0" cb="0" />
      <line nr="1143" mi="0" ci="1" mb="0" cb="0" />
      <line nr="1144" mi="0" ci="1" mb="0" cb="0" />
      <line nr="1145" mi="0" ci="1" mb="0" cb="0" />
      <line nr="1146" mi="0" ci="1" mb="0" cb="0" />
      <line nr="1147" mi="0" ci="1" mb="0" cb="0" />
      <line nr="1153" mi="0" ci="1" mb="0" cb="0" />
      <line nr="1154" mi="0" ci="1" mb="0" cb="0" />
      <line nr="1155" mi="0" ci="1" mb="0" cb="0" />
      <line nr="1156" mi="0" ci="2" mb="0" cb="0" />
      <line nr="1157" mi="0" ci="1" mb="0" cb="0" />
      <line nr="1158" mi="0" ci="1" mb="0" cb="0" />
      <line nr="1159" mi="0" ci="3" mb="0" cb="0" />
      <line nr="1160" mi="0" ci="1" mb="0" cb="0" />
      <line nr="1163" mi="0" ci="1" mb="0" cb="0" />
      <line nr="1164" mi="0" ci="1" mb="0" cb="0" />
      <line nr="1165" mi="0" ci="2" mb="0" cb="0" />
      <line nr="1168" mi="0" ci="1" mb="0" cb="0" />
      <line nr="1169" mi="0" ci="1" mb="0" cb="0" />
      <line nr="1170" mi="0" ci="1" mb="0" cb="0" />
      <line nr="1172" mi="0" ci="1" mb="0" cb="0" />
      <line nr="1186" mi="2" ci="0" mb="0" cb="0" />
      <line nr="1189" mi="0" ci="1" mb="0" cb="0" />
      <line nr="1191" mi="0" ci="2" mb="0" cb="0" />
      <line nr="1192" mi="0" ci="1" mb="0" cb="0" />
      <line nr="1195" mi="0" ci="1" mb="0" cb="0" />
      <line nr="1197" mi="0" ci="1" mb="0" cb="0" />
      <line nr="1198" mi="0" ci="1" mb="0" cb="0" />
      <line nr="1199" mi="0" ci="1" mb="0" cb="0" />
      <line nr="1201" mi="0" ci="1" mb="0" cb="0" />
      <line nr="1205" mi="0" ci="1" mb="0" cb="0" />
      <line nr="1209" mi="0" ci="1" mb="0" cb="0" />
      <line nr="1210" mi="0" ci="1" mb="0" cb="0" />
      <line nr="1211" mi="0" ci="1" mb="0" cb="0" />
      <line nr="1214" mi="0" ci="1" mb="0" cb="0" />
      <line nr="1215" mi="0" ci="1" mb="0" cb="0" />
      <line nr="1217" mi="0" ci="1" mb="0" cb="0" />
      <line nr="1218" mi="0" ci="1" mb="0" cb="0" />
      <line nr="1221" mi="0" ci="2" mb="0" cb="0" />
      <line nr="1222" mi="0" ci="1" mb="0" cb="0" />
      <line nr="1223" mi="0" ci="1" mb="0" cb="0" />
      <line nr="1226" mi="0" ci="1" mb="0" cb="0" />
      <line nr="1229" mi="0" ci="1" mb="0" cb="0" />
      <line nr="1238" mi="2" ci="0" mb="0" cb="0" />
      <line nr="1241" mi="0" ci="1" mb="0" cb="0" />
      <line nr="1243" mi="0" ci="1" mb="0" cb="0" />
      <line nr="1244" mi="0" ci="1" mb="0" cb="0" />
      <line nr="1247" mi="0" ci="1" mb="0" cb="0" />
      <line nr="1248" mi="0" ci="1" mb="0" cb="0" />
      <line nr="1250" mi="0" ci="1" mb="0" cb="0" />
      <line nr="1251" mi="0" ci="1" mb="0" cb="0" />
      <line nr="1254" mi="0" ci="1" mb="0" cb="0" />
      <line nr="1255" mi="0" ci="1" mb="0" cb="0" />
      <line nr="1258" mi="0" ci="1" mb="0" cb="0" />
      <line nr="1267" mi="2" ci="0" mb="0" cb="0" />
      <line nr="1270" mi="2" ci="0" mb="0" cb="0" />
      <line nr="1273" mi="0" ci="1" mb="0" cb="0" />
      <line nr="1279" mi="0" ci="1" mb="0" cb="0" />
      <line nr="1281" mi="0" ci="1" mb="0" cb="0" />
      <line nr="1282" mi="0" ci="1" mb="0" cb="0" />
      <line nr="1286" mi="0" ci="2" mb="0" cb="0" />
      <line nr="1287" mi="0" ci="1" mb="0" cb="0" />
      <line nr="1291" mi="0" ci="1" mb="0" cb="0" />
      <line nr="1293" mi="0" ci="1" mb="0" cb="0" />
      <line nr="1294" mi="0" ci="1" mb="0" cb="0" />
      <line nr="1295" mi="0" ci="2" mb="0" cb="0" />
      <line nr="1298" mi="0" ci="1" mb="0" cb="0" />
      <line nr="1299" mi="0" ci="1" mb="0" cb="0" />
      <line nr="1300" mi="0" ci="1" mb="0" cb="0" />
      <line nr="1302" mi="0" ci="1" mb="0" cb="0" />
      <line nr="1303" mi="0" ci="1" mb="0" cb="0" />
      <line nr="1304" mi="0" ci="1" mb="0" cb="0" />
      <line nr="1305" mi="0" ci="1" mb="0" cb="0" />
      <line nr="1306" mi="0" ci="1" mb="0" cb="0" />
      <line nr="1307" mi="0" ci="1" mb="0" cb="0" />
      <line nr="1323" mi="0" ci="1" mb="0" cb="0" />
      <line nr="1329" mi="0" ci="1" mb="0" cb="0" />
      <line nr="1330" mi="0" ci="1" mb="0" cb="0" />
      <line nr="1333" mi="0" ci="1" mb="0" cb="0" />
      <line nr="1334" mi="0" ci="2" mb="0" cb="0" />
      <line nr="1375" mi="0" ci="1" mb="0" cb="0" />
      <line nr="1376" mi="0" ci="1" mb="0" cb="0" />
      <line nr="1380" mi="0" ci="1" mb="0" cb="0" />
      <line nr="1381" mi="0" ci="1" mb="0" cb="0" />
      <line nr="1386" mi="0" ci="1" mb="0" cb="0" />
      <line nr="1387" mi="0" ci="1" mb="0" cb="0" />
      <line nr="1390" mi="0" ci="1" mb="0" cb="0" />
      <line nr="1393" mi="0" ci="1" mb="0" cb="0" />
      <line nr="1394" mi="1" ci="0" mb="0" cb="0" />
      <line nr="1397" mi="0" ci="1" mb="0" cb="0" />
      <line nr="1398" mi="0" ci="1" mb="0" cb="0" />
      <line nr="1399" mi="0" ci="2" mb="0" cb="0" />
      <line nr="1402" mi="0" ci="1" mb="0" cb="0" />
      <line nr="1403" mi="0" ci="1" mb="0" cb="0" />
      <line nr="1404" mi="0" ci="1" mb="0" cb="0" />
      <line nr="1406" mi="0" ci="1" mb="0" cb="0" />
      <line nr="1409" mi="0" ci="1" mb="0" cb="0" />
      <line nr="1411" mi="0" ci="1" mb="0" cb="0" />
      <line nr="1412" mi="0" ci="1" mb="0" cb="0" />
      <line nr="1413" mi="0" ci="1" mb="0" cb="0" />
      <line nr="1414" mi="0" ci="1" mb="0" cb="0" />
      <line nr="1416" mi="0" ci="1" mb="0" cb="0" />
      <line nr="1417" mi="0" ci="1" mb="0" cb="0" />
      <line nr="1418" mi="0" ci="1" mb="0" cb="0" />
      <line nr="1419" mi="0" ci="1" mb="0" cb="0" />
      <line nr="1421" mi="0" ci="1" mb="0" cb="0" />
      <line nr="1422" mi="0" ci="1" mb="0" cb="0" />
      <line nr="1425" mi="0" ci="1" mb="0" cb="0" />
      <line nr="1426" mi="0" ci="1" mb="0" cb="0" />
      <line nr="1429" mi="0" ci="1" mb="0" cb="0" />
      <line nr="1430" mi="0" ci="1" mb="0" cb="0" />
      <line nr="1433" mi="0" ci="1" mb="0" cb="0" />
      <line nr="1434" mi="0" ci="1" mb="0" cb="0" />
      <line nr="1437" mi="0" ci="1" mb="0" cb="0" />
      <line nr="1438" mi="0" ci="2" mb="0" cb="0" />
      <line nr="1440" mi="0" ci="1" mb="0" cb="0" />
      <line nr="1441" mi="0" ci="3" mb="0" cb="0" />
      <line nr="1442" mi="0" ci="2" mb="0" cb="0" />
      <line nr="1444" mi="0" ci="1" mb="0" cb="0" />
      <line nr="1445" mi="0" ci="1" mb="0" cb="0" />
      <line nr="1446" mi="0" ci="1" mb="0" cb="0" />
      <line nr="1447" mi="0" ci="1" mb="0" cb="0" />
      <line nr="1449" mi="0" ci="1" mb="0" cb="0" />
      <line nr="1450" mi="0" ci="1" mb="0" cb="0" />
      <line nr="1451" mi="0" ci="2" mb="0" cb="0" />
      <line nr="1454" mi="0" ci="1" mb="0" cb="0" />
      <line nr="1455" mi="0" ci="1" mb="0" cb="0" />
      <line nr="1456" mi="0" ci="1" mb="0" cb="0" />
      <line nr="1457" mi="0" ci="1" mb="0" cb="0" />
      <line nr="1458" mi="0" ci="1" mb="0" cb="0" />
      <line nr="1462" mi="0" ci="1" mb="0" cb="0" />
      <line nr="1463" mi="0" ci="2" mb="0" cb="0" />
      <line nr="1464" mi="0" ci="1" mb="0" cb="0" />
      <line nr="1467" mi="0" ci="1" mb="0" cb="0" />
      <line nr="1468" mi="0" ci="1" mb="0" cb="0" />
      <line nr="1469" mi="0" ci="1" mb="0" cb="0" />
      <line nr="1472" mi="0" ci="1" mb="0" cb="0" />
      <line nr="1473" mi="0" ci="1" mb="0" cb="0" />
      <line nr="1477" mi="0" ci="1" mb="0" cb="0" />
      <line nr="1506" mi="0" ci="1" mb="0" cb="0" />
      <line nr="1507" mi="0" ci="1" mb="0" cb="0" />
      <line nr="1508" mi="0" ci="1" mb="0" cb="0" />
      <line nr="1509" mi="0" ci="2" mb="0" cb="0" />
      <line nr="1512" mi="0" ci="1" mb="0" cb="0" />
      <line nr="1513" mi="0" ci="1" mb="0" cb="0" />
      <line nr="1514" mi="0" ci="3" mb="0" cb="0" />
      <line nr="1515" mi="0" ci="3" mb="0" cb="0" />
      <line nr="1517" mi="0" ci="1" mb="0" cb="0" />
      <line nr="1518" mi="0" ci="1" mb="0" cb="0" />
      <line nr="1519" mi="0" ci="1" mb="0" cb="0" />
      <line nr="1521" mi="0" ci="1" mb="0" cb="0" />
      <line nr="1524" mi="0" ci="1" mb="0" cb="0" />
      <line nr="1525" mi="0" ci="1" mb="0" cb="0" />
      <line nr="1526" mi="0" ci="1" mb="0" cb="0" />
      <line nr="1527" mi="0" ci="1" mb="0" cb="0" />
      <line nr="1528" mi="0" ci="1" mb="0" cb="0" />
      <line nr="1530" mi="0" ci="1" mb="0" cb="0" />
      <line nr="1531" mi="0" ci="1" mb="0" cb="0" />
      <line nr="1534" mi="0" ci="1" mb="0" cb="0" />
      <line nr="1535" mi="0" ci="1" mb="0" cb="0" />
      <line nr="1538" mi="0" ci="1" mb="0" cb="0" />
      <line nr="1539" mi="0" ci="1" mb="0" cb="0" />
      <line nr="1541" mi="0" ci="1" mb="0" cb="0" />
      <line nr="1542" mi="0" ci="1" mb="0" cb="0" />
      <line nr="1545" mi="0" ci="1" mb="0" cb="0" />
      <line nr="1546" mi="0" ci="2" mb="0" cb="0" />
      <line nr="1549" mi="0" ci="1" mb="0" cb="0" />
      <line nr="1551" mi="0" ci="1" mb="0" cb="0" />
      <line nr="1554" mi="0" ci="1" mb="0" cb="0" />
      <line nr="1555" mi="0" ci="1" mb="0" cb="0" />
      <line nr="1556" mi="0" ci="1" mb="0" cb="0" />
      <line nr="1559" mi="0" ci="1" mb="0" cb="0" />
      <line nr="1560" mi="0" ci="1" mb="0" cb="0" />
      <line nr="1564" mi="0" ci="1" mb="0" cb="0" />
      <line nr="1576" mi="0" ci="2" mb="0" cb="0" />
      <line nr="1577" mi="0" ci="1" mb="0" cb="0" />
      <line nr="1581" mi="0" ci="2" mb="0" cb="0" />
      <line nr="1583" mi="0" ci="1" mb="0" cb="0" />
      <line nr="1585" mi="0" ci="1" mb="0" cb="0" />
      <line nr="1586" mi="0" ci="1" mb="0" cb="0" />
      <line nr="1589" mi="0" ci="2" mb="0" cb="0" />
      <line nr="1591" mi="0" ci="1" mb="0" cb="0" />
      <line nr="1592" mi="0" ci="1" mb="0" cb="0" />
      <line nr="1595" mi="0" ci="2" mb="0" cb="0" />
      <line nr="1596" mi="0" ci="1" mb="0" cb="0" />
      <line nr="1597" mi="0" ci="2" mb="0" cb="0" />
      <line nr="1598" mi="0" ci="1" mb="0" cb="0" />
      <line nr="1600" mi="0" ci="1" mb="0" cb="0" />
      <line nr="1601" mi="0" ci="1" mb="0" cb="0" />
      <line nr="1604" mi="1" ci="0" mb="0" cb="0" />
      <line nr="1607" mi="1" ci="0" mb="0" cb="0" />
      <line nr="1619" mi="0" ci="1" mb="0" cb="0" />
      <line nr="1620" mi="0" ci="1" mb="0" cb="0" />
      <line nr="1621" mi="0" ci="1" mb="0" cb="0" />
      <line nr="1622" mi="0" ci="1" mb="0" cb="0" />
      <line nr="1623" mi="0" ci="1" mb="0" cb="0" />
      <line nr="1624" mi="0" ci="1" mb="0" cb="0" />
      <line nr="1625" mi="0" ci="1" mb="0" cb="0" />
      <line nr="1626" mi="0" ci="1" mb="0" cb="0" />
      <line nr="1627" mi="0" ci="1" mb="0" cb="0" />
      <line nr="1628" mi="0" ci="1" mb="0" cb="0" />
      <line nr="1629" mi="0" ci="1" mb="0" cb="0" />
      <line nr="1630" mi="0" ci="1" mb="0" cb="0" />
      <line nr="1634" mi="0" ci="2" mb="0" cb="0" />
      <line nr="1635" mi="0" ci="2" mb="0" cb="0" />
      <line nr="1636" mi="0" ci="2" mb="0" cb="0" />
      <line nr="1637" mi="0" ci="2" mb="0" cb="0" />
      <line nr="1638" mi="0" ci="2" mb="0" cb="0" />
      <line nr="1639" mi="0" ci="2" mb="0" cb="0" />
      <line nr="1641" mi="0" ci="1" mb="0" cb="0" />
      <line nr="1642" mi="0" ci="1" mb="0" cb="0" />
      <line nr="1643" mi="0" ci="2" mb="0" cb="0" />
      <line nr="1644" mi="0" ci="2" mb="0" cb="0" />
      <line nr="1646" mi="0" ci="1" mb="0" cb="0" />
      <line nr="1647" mi="0" ci="1" mb="0" cb="0" />
      <line nr="1648" mi="0" ci="3" mb="0" cb="0" />
      <line nr="1649" mi="0" ci="1" mb="0" cb="0" />
      <line nr="1650" mi="0" ci="3" mb="0" cb="0" />
      <line nr="1651" mi="0" ci="6" mb="0" cb="0" />
      <line nr="1652" mi="0" ci="6" mb="0" cb="0" />
      <line nr="1653" mi="0" ci="1" mb="0" cb="0" />
      <line nr="1654" mi="0" ci="1" mb="0" cb="0" />
      <line nr="1655" mi="0" ci="1" mb="0" cb="0" />
      <line nr="1656" mi="0" ci="1" mb="0" cb="0" />
      <line nr="1670" mi="0" ci="2" mb="0" cb="0" />
      <line nr="1672" mi="0" ci="1" mb="0" cb="0" />
      <line nr="1676" mi="0" ci="1" mb="0" cb="0" />
      <line nr="1677" mi="0" ci="1" mb="0" cb="0" />
      <line nr="1680" mi="0" ci="1" mb="0" cb="0" />
      <line nr="1681" mi="0" ci="1" mb="0" cb="0" />
      <line nr="1682" mi="0" ci="1" mb="0" cb="0" />
      <line nr="1683" mi="0" ci="1" mb="0" cb="0" />
      <line nr="1686" mi="0" ci="2" mb="0" cb="0" />
      <line nr="1689" mi="0" ci="1" mb="0" cb="0" />
      <line nr="1690" mi="0" ci="2" mb="0" cb="0" />
      <line nr="1691" mi="0" ci="1" mb="0" cb="0" />
      <line nr="1695" mi="0" ci="4" mb="0" cb="0" />
      <line nr="1696" mi="0" ci="3" mb="0" cb="0" />
      <line nr="1697" mi="0" ci="1" mb="0" cb="0" />
      <line nr="1709" mi="0" ci="1" mb="0" cb="0" />
      <line nr="1711" mi="0" ci="1" mb="0" cb="0" />
      <line nr="1712" mi="0" ci="1" mb="0" cb="0" />
      <line nr="1713" mi="0" ci="1" mb="0" cb="0" />
      <line nr="1714" mi="0" ci="1" mb="0" cb="0" />
      <line nr="1718" mi="0" ci="2" mb="0" cb="0" />
      <line nr="1721" mi="0" ci="1" mb="0" cb="0" />
      <line nr="1722" mi="0" ci="1" mb="0" cb="0" />
      <line nr="1724" mi="0" ci="1" mb="0" cb="0" />
      <line nr="1725" mi="0" ci="1" mb="0" cb="0" />
      <line nr="1726" mi="0" ci="1" mb="0" cb="0" />
      <line nr="1730" mi="0" ci="1" mb="0" cb="0" />
      <line nr="1732" mi="0" ci="1" mb="0" cb="0" />
      <line nr="1733" mi="0" ci="1" mb="0" cb="0" />
      <line nr="1735" mi="0" ci="1" mb="0" cb="0" />
      <line nr="1736" mi="0" ci="3" mb="0" cb="0" />
      <line nr="1737" mi="0" ci="1" mb="0" cb="0" />
      <line nr="1739" mi="0" ci="1" mb="0" cb="0" />
      <line nr="1741" mi="0" ci="1" mb="0" cb="0" />
      <line nr="1746" mi="0" ci="1" mb="0" cb="0" />
      <line nr="1752" mi="0" ci="1" mb="0" cb="0" />
      <line nr="1753" mi="0" ci="1" mb="0" cb="0" />
      <line nr="1754" mi="0" ci="1" mb="0" cb="0" />
      <line nr="1766" mi="0" ci="1" mb="0" cb="0" />
      <line nr="1767" mi="0" ci="1" mb="0" cb="0" />
      <line nr="1770" mi="0" ci="1" mb="0" cb="0" />
      <line nr="1771" mi="0" ci="1" mb="0" cb="0" />
      <line nr="1772" mi="1" ci="0" mb="0" cb="0" />
      <line nr="1775" mi="0" ci="1" mb="0" cb="0" />
      <line nr="1776" mi="0" ci="1" mb="0" cb="0" />
      <line nr="1777" mi="0" ci="1" mb="0" cb="0" />
      <line nr="1780" mi="0" ci="1" mb="0" cb="0" />
      <line nr="1791" mi="0" ci="1" mb="0" cb="0" />
      <line nr="1792" mi="0" ci="1" mb="0" cb="0" />
      <line nr="1795" mi="0" ci="1" mb="0" cb="0" />
      <line nr="1796" mi="0" ci="1" mb="0" cb="0" />
      <line nr="1797" mi="1" ci="0" mb="0" cb="0" />
      <line nr="1800" mi="0" ci="1" mb="0" cb="0" />
      <line nr="1801" mi="0" ci="1" mb="0" cb="0" />
      <line nr="1802" mi="0" ci="1" mb="0" cb="0" />
      <line nr="1805" mi="0" ci="1" mb="0" cb="0" />
      <line nr="1816" mi="0" ci="1" mb="0" cb="0" />
      <line nr="1817" mi="0" ci="1" mb="0" cb="0" />
      <line nr="1820" mi="0" ci="2" mb="0" cb="0" />
      <line nr="1821" mi="0" ci="1" mb="0" cb="0" />
      <line nr="1822" mi="0" ci="1" mb="0" cb="0" />
      <line nr="1823" mi="0" ci="2" mb="0" cb="0" />
      <line nr="1825" mi="0" ci="1" mb="0" cb="0" />
      <line nr="1826" mi="0" ci="1" mb="0" cb="0" />
      <line nr="1851" mi="0" ci="1" mb="0" cb="0" />
      <line nr="1853" mi="0" ci="1" mb="0" cb="0" />
      <line nr="1854" mi="1" ci="0" mb="0" cb="0" />
      <line nr="1857" mi="0" ci="1" mb="0" cb="0" />
      <line nr="1859" mi="0" ci="1" mb="0" cb="0" />
      <line nr="1860" mi="0" ci="1" mb="0" cb="0" />
      <line nr="1863" mi="0" ci="1" mb="0" cb="0" />
      <line nr="1865" mi="0" ci="1" mb="0" cb="0" />
      <line nr="1866" mi="0" ci="1" mb="0" cb="0" />
      <line nr="1869" mi="0" ci="1" mb="0" cb="0" />
      <line nr="1894" mi="0" ci="2" mb="0" cb="0" />
      <line nr="1899" mi="0" ci="1" mb="0" cb="0" />
      <line nr="1904" mi="0" ci="1" mb="0" cb="0" />
      <line nr="1909" mi="0" ci="1" mb="0" cb="0" />
      <line nr="1921" mi="2" ci="0" mb="0" cb="0" />
      <line nr="1923" mi="1" ci="0" mb="0" cb="0" />
      <line nr="1956" mi="0" ci="2" mb="0" cb="0" />
      <line nr="1961" mi="0" ci="1" mb="0" cb="0" />
      <line nr="1966" mi="0" ci="1" mb="0" cb="0" />
      <line nr="1972" mi="0" ci="1" mb="0" cb="0" />
      <line nr="1984" mi="2" ci="0" mb="0" cb="0" />
      <line nr="1986" mi="1" ci="0" mb="0" cb="0" />
      <line nr="2027" mi="0" ci="1" mb="0" cb="0" />
      <line nr="2028" mi="0" ci="1" mb="0" cb="0" />
      <line nr="2031" mi="0" ci="1" mb="0" cb="0" />
      <line nr="2033" mi="0" ci="2" mb="0" cb="0" />
      <line nr="2034" mi="0" ci="1" mb="0" cb="0" />
      <line nr="2035" mi="0" ci="1" mb="0" cb="0" />
      <line nr="2039" mi="0" ci="2" mb="0" cb="0" />
      <line nr="2040" mi="0" ci="1" mb="0" cb="0" />
      <line nr="2041" mi="0" ci="1" mb="0" cb="0" />
      <line nr="2045" mi="0" ci="1" mb="0" cb="0" />
      <line nr="2046" mi="0" ci="1" mb="0" cb="0" />
      <line nr="2049" mi="0" ci="1" mb="0" cb="0" />
      <line nr="2050" mi="0" ci="1" mb="0" cb="0" />
      <line nr="2051" mi="0" ci="1" mb="0" cb="0" />
      <line nr="2053" mi="0" ci="2" mb="0" cb="0" />
      <line nr="2054" mi="0" ci="1" mb="0" cb="0" />
      <line nr="2055" mi="0" ci="2" mb="0" cb="0" />
      <line nr="2056" mi="0" ci="1" mb="0" cb="0" />
      <line nr="2059" mi="1" ci="0" mb="0" cb="0" />
      <line nr="2060" mi="1" ci="0" mb="0" cb="0" />
      <line nr="2064" mi="1" ci="0" mb="0" cb="0" />
      <line nr="2065" mi="1" ci="0" mb="0" cb="0" />
      <line nr="2067" mi="1" ci="0" mb="0" cb="0" />
      <line nr="2068" mi="1" ci="0" mb="0" cb="0" />
      <line nr="2071" mi="1" ci="0" mb="0" cb="0" />
      <line nr="2074" mi="1" ci="0" mb="0" cb="0" />
      <line nr="2076" mi="1" ci="0" mb="0" cb="0" />
      <line nr="2077" mi="1" ci="0" mb="0" cb="0" />
      <line nr="2078" mi="1" ci="0" mb="0" cb="0" />
      <line nr="2079" mi="1" ci="0" mb="0" cb="0" />
      <line nr="2080" mi="1" ci="0" mb="0" cb="0" />
      <line nr="2081" mi="1" ci="0" mb="0" cb="0" />
      <line nr="2082" mi="1" ci="0" mb="0" cb="0" />
      <line nr="2083" mi="1" ci="0" mb="0" cb="0" />
      <line nr="2084" mi="4" ci="0" mb="0" cb="0" />
      <line nr="2088" mi="0" ci="1" mb="0" cb="0" />
      <line nr="2089" mi="0" ci="1" mb="0" cb="0" />
      <line nr="2092" mi="0" ci="1" mb="0" cb="0" />
      <line nr="2093" mi="1" ci="0" mb="0" cb="0" />
      <line nr="2120" mi="0" ci="1" mb="0" cb="0" />
      <line nr="2130" mi="0" ci="1" mb="0" cb="0" />
      <line nr="2219" mi="0" ci="1" mb="0" cb="0" />
      <line nr="2220" mi="1" ci="2" mb="0" cb="0" />
      <line nr="2221" mi="1" ci="2" mb="0" cb="0" />
      <line nr="2223" mi="0" ci="1" mb="0" cb="0" />
      <line nr="2233" mi="0" ci="1" mb="0" cb="0" />
      <line nr="2242" mi="0" ci="1" mb="0" cb="0" />
      <line nr="2251" mi="0" ci="1" mb="0" cb="0" />
      <line nr="2301" mi="0" ci="1" mb="0" cb="0" />
      <line nr="2303" mi="0" ci="2" mb="0" cb="0" />
      <line nr="2304" mi="0" ci="1" mb="0" cb="0" />
      <line nr="2307" mi="0" ci="1" mb="0" cb="0" />
      <line nr="2312" mi="0" ci="1" mb="0" cb="0" />
      <line nr="2325" mi="0" ci="2" mb="0" cb="0" />
      <line nr="2327" mi="0" ci="1" mb="0" cb="0" />
      <line nr="2384" mi="0" ci="1" mb="0" cb="0" />
      <line nr="2386" mi="0" ci="2" mb="0" cb="0" />
      <line nr="2387" mi="0" ci="1" mb="0" cb="0" />
      <line nr="2390" mi="0" ci="1" mb="0" cb="0" />
      <line nr="2396" mi="0" ci="1" mb="0" cb="0" />
      <line nr="2409" mi="2" ci="0" mb="0" cb="0" />
      <line nr="2411" mi="1" ci="0" mb="0" cb="0" />
      <line nr="2446" mi="1" ci="0" mb="0" cb="0" />
      <line nr="2479" mi="1" ci="0" mb="0" cb="0" />
      <line nr="2517" mi="2" ci="0" mb="0" cb="0" />
      <line nr="2534" mi="0" ci="2" mb="0" cb="0" />
      <line nr="2613" mi="1" ci="0" mb="0" cb="0" />
      <line nr="2615" mi="2" ci="0" mb="0" cb="0" />
      <line nr="2617" mi="1" ci="0" mb="0" cb="0" />
      <line nr="2624" mi="2" ci="0" mb="0" cb="0" />
      <line nr="2627" mi="2" ci="0" mb="0" cb="0" />
      <line nr="2628" mi="1" ci="0" mb="0" cb="0" />
      <line nr="2630" mi="1" ci="0" mb="0" cb="0" />
      <line nr="2638" mi="1" ci="0" mb="0" cb="0" />
      <line nr="2641" mi="1" ci="0" mb="0" cb="0" />
      <line nr="2643" mi="1" ci="0" mb="0" cb="0" />
      <line nr="2645" mi="1" ci="0" mb="0" cb="0" />
      <line nr="2608" mi="0" ci="1" mb="0" cb="0" />
      <line nr="2609" mi="0" ci="1" mb="0" cb="0" />
      <line nr="2610" mi="0" ci="1" mb="0" cb="0" />
      <line nr="2666" mi="0" ci="1" mb="0" cb="0" />
      <line nr="2668" mi="0" ci="1" mb="0" cb="0" />
      <line nr="2669" mi="0" ci="1" mb="0" cb="0" />
      <line nr="2670" mi="0" ci="1" mb="0" cb="0" />
      <line nr="2672" mi="0" ci="1" mb="0" cb="0" />
      <line nr="2674" mi="0" ci="1" mb="0" cb="0" />
      <line nr="2675" mi="0" ci="1" mb="0" cb="0" />
      <line nr="2676" mi="0" ci="1" mb="0" cb="0" />
      <line nr="2682" mi="0" ci="1" mb="0" cb="0" />
      <line nr="2683" mi="0" ci="1" mb="0" cb="0" />
      <line nr="2684" mi="0" ci="1" mb="0" cb="0" />
      <line nr="2685" mi="0" ci="1" mb="0" cb="0" />
      <line nr="2686" mi="0" ci="1" mb="0" cb="0" />
      <line nr="2690" mi="0" ci="1" mb="0" cb="0" />
      <line nr="2691" mi="0" ci="1" mb="0" cb="0" />
      <line nr="2692" mi="0" ci="1" mb="0" cb="0" />
      <line nr="2695" mi="0" ci="1" mb="0" cb="0" />
      <line nr="2696" mi="0" ci="1" mb="0" cb="0" />
      <line nr="2698" mi="0" ci="1" mb="0" cb="0" />
      <line nr="2699" mi="0" ci="1" mb="0" cb="0" />
      <line nr="2710" mi="0" ci="1" mb="0" cb="0" />
      <line nr="2711" mi="0" ci="3" mb="0" cb="0" />
      <line nr="2712" mi="0" ci="1" mb="0" cb="0" />
      <line nr="2713" mi="0" ci="1" mb="0" cb="0" />
      <line nr="2717" mi="0" ci="1" mb="0" cb="0" />
      <line nr="2718" mi="0" ci="1" mb="0" cb="0" />
      <line nr="2719" mi="0" ci="1" mb="0" cb="0" />
      <line nr="2720" mi="0" ci="2" mb="0" cb="0" />
      <line nr="2722" mi="0" ci="2" mb="0" cb="0" />
      <line nr="2726" mi="0" ci="1" mb="0" cb="0" />
      <line nr="2727" mi="0" ci="1" mb="0" cb="0" />
      <line nr="2728" mi="0" ci="1" mb="0" cb="0" />
      <line nr="2731" mi="0" ci="1" mb="0" cb="0" />
      <line nr="2732" mi="0" ci="1" mb="0" cb="0" />
      <line nr="2733" mi="0" ci="1" mb="0" cb="0" />
      <line nr="2734" mi="0" ci="1" mb="0" cb="0" />
      <line nr="2737" mi="0" ci="1" mb="0" cb="0" />
      <line nr="2742" mi="0" ci="1" mb="0" cb="0" />
      <line nr="2743" mi="0" ci="1" mb="0" cb="0" />
      <line nr="2749" mi="0" ci="1" mb="0" cb="0" />
      <line nr="2750" mi="0" ci="2" mb="0" cb="0" />
      <line nr="2752" mi="0" ci="1" mb="0" cb="0" />
      <line nr="2753" mi="0" ci="1" mb="0" cb="0" />
      <line nr="2758" mi="0" ci="3" mb="0" cb="0" />
      <line nr="2760" mi="0" ci="1" mb="0" cb="0" />
      <line nr="2763" mi="0" ci="1" mb="0" cb="0" />
      <line nr="2764" mi="0" ci="2" mb="0" cb="0" />
      <line nr="2766" mi="0" ci="1" mb="0" cb="0" />
      <line nr="2773" mi="0" ci="1" mb="0" cb="0" />
      <line nr="2776" mi="0" ci="1" mb="0" cb="0" />
      <line nr="2778" mi="1" ci="0" mb="0" cb="0" />
      <line nr="2794" mi="0" ci="1" mb="0" cb="0" />
      <line nr="2796" mi="0" ci="1" mb="0" cb="0" />
      <line nr="2797" mi="0" ci="1" mb="0" cb="0" />
      <line nr="2799" mi="0" ci="1" mb="0" cb="0" />
      <line nr="2800" mi="0" ci="1" mb="0" cb="0" />
      <line nr="2801" mi="0" ci="1" mb="0" cb="0" />
      <line nr="2802" mi="0" ci="1" mb="0" cb="0" />
      <line nr="2803" mi="0" ci="1" mb="0" cb="0" />
      <line nr="2804" mi="0" ci="1" mb="0" cb="0" />
      <line nr="2805" mi="0" ci="1" mb="0" cb="0" />
      <line nr="2808" mi="0" ci="1" mb="0" cb="0" />
      <line nr="2812" mi="0" ci="1" mb="0" cb="0" />
      <line nr="2816" mi="0" ci="1" mb="0" cb="0" />
      <line nr="2821" mi="0" ci="1" mb="0" cb="0" />
      <line nr="2826" mi="0" ci="1" mb="0" cb="0" />
      <line nr="2831" mi="0" ci="1" mb="0" cb="0" />
      <line nr="2832" mi="0" ci="1" mb="0" cb="0" />
      <line nr="2836" mi="0" ci="1" mb="0" cb="0" />
      <line nr="2845" mi="0" ci="1" mb="0" cb="0" />
      <line nr="2847" mi="0" ci="1" mb="0" cb="0" />
      <line nr="2848" mi="0" ci="1" mb="0" cb="0" />
      <line nr="2852" mi="0" ci="1" mb="0" cb="0" />
      <line nr="2856" mi="0" ci="1" mb="0" cb="0" />
      <line nr="2863" mi="0" ci="1" mb="0" cb="0" />
      <line nr="2865" mi="0" ci="1" mb="0" cb="0" />
      <line nr="2866" mi="0" ci="1" mb="0" cb="0" />
      <line nr="2867" mi="0" ci="1" mb="0" cb="0" />
      <line nr="2871" mi="0" ci="1" mb="0" cb="0" />
      <line nr="2872" mi="0" ci="1" mb="0" cb="0" />
      <line nr="2873" mi="0" ci="1" mb="0" cb="0" />
      <line nr="2874" mi="0" ci="1" mb="0" cb="0" />
      <line nr="2875" mi="0" ci="1" mb="0" cb="0" />
      <line nr="2876" mi="0" ci="1" mb="0" cb="0" />
      <line nr="2877" mi="0" ci="1" mb="0" cb="0" />
      <line nr="2878" mi="0" ci="1" mb="0" cb="0" />
      <line nr="2879" mi="0" ci="1" mb="0" cb="0" />
      <line nr="2880" mi="0" ci="1" mb="0" cb="0" />
      <line nr="2881" mi="0" ci="1" mb="0" cb="0" />
      <line nr="2885" mi="0" ci="5" mb="0" cb="0" />
      <line nr="2887" mi="0" ci="1" mb="0" cb="0" />
      <line nr="2888" mi="0" ci="1" mb="0" cb="0" />
      <line nr="2891" mi="0" ci="1" mb="0" cb="0" />
      <line nr="2892" mi="0" ci="1" mb="0" cb="0" />
      <counter type="INSTRUCTION" missed="80" covered="1034" />
      <counter type="LINE" missed="62" covered="851" />
      <counter type="METHOD" missed="6" covered="48" />
      <counter type="CLASS" missed="0" covered="1" />
    </sourcefile>
    <counter type="INSTRUCTION" missed="80" covered="1034" />
    <counter type="LINE" missed="62" covered="851" />
    <counter type="METHOD" missed="6" covered="48" />
    <counter type="CLASS" missed="0" covered="1" />
  </package>
  <counter type="INSTRUCTION" missed="80" covered="1034" />
  <counter type="LINE" missed="62" covered="851" />
  <counter type="METHOD" missed="6" covered="48" />
  <counter type="CLASS" missed="0" covered="1" />
</report>
