<?xml version="1.0" encoding="UTF-8" standalone="no"?>
<!DOCTYPE report PUBLIC "-//JACOCO//DTD Report 1.1//EN" "report.dtd"[]>
<report name="Pester (04/27/2026 13:25:39)">
  <sessioninfo id="this" start="1777296334786" dump="1777296339024" />
  <package name="WinTaskCrossingGuard">
    <class name="WinTaskCrossingGuard/WinTaskCrossingGuard" sourcefilename="WinTaskCrossingGuard.psm1">
      <method name="&lt;script&gt;" desc="()" line="1">
        <counter type="INSTRUCTION" missed="0" covered="1" />
        <counter type="LINE" missed="0" covered="1" />
        <counter type="METHOD" missed="0" covered="1" />
      </method>
      <method name="Get-WtcgObjectPropertyValue" desc="()" line="19">
        <counter type="INSTRUCTION" missed="0" covered="8" />
        <counter type="LINE" missed="0" covered="8" />
        <counter type="METHOD" missed="0" covered="1" />
      </method>
      <method name="Resolve-WtcgDateTime" desc="()" line="43">
        <counter type="INSTRUCTION" missed="0" covered="9" />
        <counter type="LINE" missed="0" covered="9" />
        <counter type="METHOD" missed="0" covered="1" />
      </method>
      <method name="Resolve-WtcgWindow" desc="()" line="79">
        <counter type="INSTRUCTION" missed="0" covered="8" />
        <counter type="LINE" missed="0" covered="8" />
        <counter type="METHOD" missed="0" covered="1" />
      </method>
      <method name="Test-WtcgDateTimeInWindow" desc="()" line="108">
        <counter type="INSTRUCTION" missed="0" covered="2" />
        <counter type="LINE" missed="0" covered="1" />
        <counter type="METHOD" missed="0" covered="1" />
      </method>
      <method name="Normalize-WtcgTaskPath" desc="()" line="120">
        <counter type="INSTRUCTION" missed="0" covered="8" />
        <counter type="LINE" missed="0" covered="8" />
        <counter type="METHOD" missed="0" covered="1" />
      </method>
      <method name="New-WtcgFolderSelection" desc="()" line="147">
        <counter type="INSTRUCTION" missed="0" covered="3" />
        <counter type="LINE" missed="0" covered="3" />
        <counter type="METHOD" missed="0" covered="1" />
      </method>
      <method name="ConvertTo-WtcgFolderSelection" desc="()" line="164">
        <counter type="INSTRUCTION" missed="0" covered="12" />
        <counter type="LINE" missed="0" covered="10" />
        <counter type="METHOD" missed="0" covered="1" />
      </method>
      <method name="New-WtcgTaskIdentity" desc="()" line="203">
        <counter type="INSTRUCTION" missed="0" covered="8" />
        <counter type="LINE" missed="0" covered="8" />
        <counter type="METHOD" missed="0" covered="1" />
      </method>
      <method name="Import-WtcgTaskIdentity" desc="()" line="222">
        <counter type="INSTRUCTION" missed="0" covered="17" />
        <counter type="LINE" missed="0" covered="9" />
        <counter type="METHOD" missed="0" covered="1" />
      </method>
      <method name="Export-WtcgTaskIdentity" desc="()" line="252">
        <counter type="INSTRUCTION" missed="0" covered="24" />
        <counter type="LINE" missed="0" covered="20" />
        <counter type="METHOD" missed="0" covered="1" />
      </method>
      <method name="Import-WtcgTaskSelection" desc="()" line="295">
        <counter type="INSTRUCTION" missed="0" covered="88" />
        <counter type="LINE" missed="0" covered="64" />
        <counter type="METHOD" missed="0" covered="1" />
      </method>
      <method name="Test-WtcgTaskSpecMatch" desc="()" line="409">
        <counter type="INSTRUCTION" missed="0" covered="4" />
        <counter type="LINE" missed="0" covered="4" />
        <counter type="METHOD" missed="0" covered="1" />
      </method>
      <method name="Test-WtcgTaskFolderSelectionMatch" desc="()" line="428">
        <counter type="INSTRUCTION" missed="0" covered="9" />
        <counter type="LINE" missed="0" covered="8" />
        <counter type="METHOD" missed="0" covered="1" />
      </method>
      <method name="Get-WtcgDefaultProtectedFolderSelection" desc="()" line="451">
        <counter type="INSTRUCTION" missed="0" covered="15" />
        <counter type="LINE" missed="0" covered="15" />
        <counter type="METHOD" missed="0" covered="1" />
      </method>
      <method name="Test-WtcgSelectionHasExplicitIncludes" desc="()" line="477">
        <counter type="INSTRUCTION" missed="0" covered="8" />
        <counter type="LINE" missed="0" covered="5" />
        <counter type="METHOD" missed="0" covered="1" />
      </method>
      <method name="Assert-WtcgSafetyAllowListSatisfied" desc="()" line="495">
        <counter type="INSTRUCTION" missed="0" covered="7" />
        <counter type="LINE" missed="0" covered="5" />
        <counter type="METHOD" missed="0" covered="1" />
      </method>
      <method name="Test-WtcgTaskProtected" desc="()" line="521">
        <counter type="INSTRUCTION" missed="0" covered="23" />
        <counter type="LINE" missed="0" covered="19" />
        <counter type="METHOD" missed="0" covered="1" />
      </method>
      <method name="Test-WtcgTaskAllowedBySelection" desc="()" line="566">
        <counter type="INSTRUCTION" missed="0" covered="29" />
        <counter type="LINE" missed="0" covered="24" />
        <counter type="METHOD" missed="0" covered="1" />
      </method>
      <method name="Get-WtcgScheduledTaskCandidate" desc="()" line="628">
        <counter type="INSTRUCTION" missed="0" covered="44" />
        <counter type="LINE" missed="0" covered="32" />
        <counter type="METHOD" missed="0" covered="1" />
      </method>
      <method name="Find-WtcgTaskInWindow" desc="()" line="713">
        <counter type="INSTRUCTION" missed="0" covered="25" />
        <counter type="LINE" missed="0" covered="20" />
        <counter type="METHOD" missed="0" covered="1" />
      </method>
      <method name="Disable-WtcgTaskIdentity" desc="()" line="767">
        <counter type="INSTRUCTION" missed="0" covered="10" />
        <counter type="LINE" missed="0" covered="8" />
        <counter type="METHOD" missed="0" covered="1" />
      </method>
      <method name="Enable-WtcgTaskIdentity" desc="()" line="792">
        <counter type="INSTRUCTION" missed="0" covered="10" />
        <counter type="LINE" missed="0" covered="8" />
        <counter type="METHOD" missed="0" covered="1" />
      </method>
      <method name="Start-WtcgTaskIdentity" desc="()" line="817">
        <counter type="INSTRUCTION" missed="0" covered="9" />
        <counter type="LINE" missed="0" covered="8" />
        <counter type="METHOD" missed="0" covered="1" />
      </method>
      <method name="Save-WtcgManifest" desc="()" line="855">
        <counter type="INSTRUCTION" missed="0" covered="32" />
        <counter type="LINE" missed="0" covered="26" />
        <counter type="METHOD" missed="0" covered="1" />
      </method>
      <method name="Import-WtcgDotEnv" desc="()" line="907">
        <counter type="INSTRUCTION" missed="2" covered="23" />
        <counter type="LINE" missed="1" covered="21" />
        <counter type="METHOD" missed="1" covered="0" />
      </method>
      <method name="Get-WtcgLogRetentionDays" desc="()" line="959">
        <counter type="INSTRUCTION" missed="2" covered="10" />
        <counter type="LINE" missed="1" covered="10" />
        <counter type="METHOD" missed="1" covered="0" />
      </method>
      <method name="Clear-WtcgOldLogs" desc="()" line="988">
        <counter type="INSTRUCTION" missed="4" covered="21" />
        <counter type="LINE" missed="2" covered="19" />
        <counter type="METHOD" missed="1" covered="0" />
      </method>
      <method name="Resolve-WtcgXmlLogPath" desc="()" line="1044">
        <counter type="INSTRUCTION" missed="0" covered="6" />
        <counter type="LINE" missed="0" covered="5" />
        <counter type="METHOD" missed="0" covered="1" />
      </method>
      <method name="Write-WtcgDisableXmlLog" desc="()" line="1096">
        <counter type="INSTRUCTION" missed="1" covered="65" />
        <counter type="LINE" missed="1" covered="58" />
        <counter type="METHOD" missed="0" covered="1" />
      </method>
      <method name="Write-WtcgErrorXmlLog" desc="()" line="1227">
        <counter type="INSTRUCTION" missed="0" covered="41" />
        <counter type="LINE" missed="0" covered="35" />
        <counter type="METHOD" missed="0" covered="1" />
      </method>
      <method name="Get-WtcgMailSettingsForConfigurationError" desc="()" line="1297">
        <counter type="INSTRUCTION" missed="2" covered="20" />
        <counter type="LINE" missed="2" covered="15" />
        <counter type="METHOD" missed="0" covered="1" />
      </method>
      <method name="ConvertTo-WtcgMailSettings" desc="()" line="1340">
        <counter type="INSTRUCTION" missed="0" covered="55" />
        <counter type="LINE" missed="0" covered="33" />
        <counter type="METHOD" missed="0" covered="1" />
      </method>
      <method name="Assert-WtcgMailEventSettings" desc="()" line="1391">
        <counter type="INSTRUCTION" missed="0" covered="23" />
        <counter type="LINE" missed="0" covered="15" />
        <counter type="METHOD" missed="0" covered="1" />
      </method>
      <method name="ConvertTo-WtcgMailEventSettings" desc="()" line="1430">
        <counter type="INSTRUCTION" missed="0" covered="26" />
        <counter type="LINE" missed="0" covered="23" />
        <counter type="METHOD" missed="0" covered="1" />
      </method>
      <method name="Get-WtcgResultMailSettings" desc="()" line="1487">
        <counter type="INSTRUCTION" missed="1" covered="8" />
        <counter type="LINE" missed="1" covered="8" />
        <counter type="METHOD" missed="0" covered="1" />
      </method>
      <method name="Get-WtcgErrorMailSettings" desc="()" line="1512">
        <counter type="INSTRUCTION" missed="1" covered="8" />
        <counter type="LINE" missed="1" covered="8" />
        <counter type="METHOD" missed="0" covered="1" />
      </method>
      <method name="Test-WtcgMailSettingsReady" desc="()" line="1537">
        <counter type="INSTRUCTION" missed="0" covered="10" />
        <counter type="LINE" missed="0" covered="8" />
        <counter type="METHOD" missed="0" covered="1" />
      </method>
      <method name="Get-WtcgMailAttachments" desc="()" line="1572">
        <counter type="INSTRUCTION" missed="1" covered="9" />
        <counter type="LINE" missed="1" covered="9" />
        <counter type="METHOD" missed="0" covered="1" />
      </method>
      <method name="Send-WtcgLogGeneratedNotificationFromSettings" desc="()" line="1615">
        <counter type="INSTRUCTION" missed="3" covered="5" />
        <counter type="LINE" missed="2" covered="4" />
        <counter type="METHOD" missed="0" covered="1" />
      </method>
      <method name="Send-WtcgErrorNotificationFromSettings" desc="()" line="1677">
        <counter type="INSTRUCTION" missed="3" covered="5" />
        <counter type="LINE" missed="2" covered="4" />
        <counter type="METHOD" missed="0" covered="1" />
      </method>
      <method name="Send-WtcgMailNotification" desc="()" line="1748">
        <counter type="INSTRUCTION" missed="21" covered="25" />
        <counter type="LINE" missed="18" covered="21" />
        <counter type="METHOD" missed="0" covered="1" />
      </method>
      <method name="New-WtcgLogGeneratedMailBody" desc="()" line="1841">
        <counter type="INSTRUCTION" missed="0" covered="2" />
        <counter type="LINE" missed="0" covered="2" />
        <counter type="METHOD" missed="0" covered="1" />
      </method>
      <method name="New-WtcgErrorMailBody" desc="()" line="1940">
        <counter type="INSTRUCTION" missed="2" covered="9" />
        <counter type="LINE" missed="0" covered="7" />
        <counter type="METHOD" missed="0" covered="1" />
      </method>
      <method name="Send-WtcgLogGeneratedNotification" desc="()" line="2022">
        <counter type="INSTRUCTION" missed="0" covered="9" />
        <counter type="LINE" missed="0" covered="7" />
        <counter type="METHOD" missed="0" covered="1" />
      </method>
      <method name="Send-WtcgErrorNotification" desc="()" line="2105">
        <counter type="INSTRUCTION" missed="3" covered="6" />
        <counter type="LINE" missed="2" covered="5" />
        <counter type="METHOD" missed="0" covered="1" />
      </method>
      <method name="Invoke-WtcgRegisterScheduledTask" desc="()" line="2167">
        <counter type="INSTRUCTION" missed="1" covered="0" />
        <counter type="LINE" missed="1" covered="0" />
        <counter type="METHOD" missed="1" covered="0" />
      </method>
      <method name="Invoke-WtcgSetScheduledTask" desc="()" line="2200">
        <counter type="INSTRUCTION" missed="1" covered="0" />
        <counter type="LINE" missed="1" covered="0" />
        <counter type="METHOD" missed="1" covered="0" />
      </method>
      <method name="Disable-WtcgTasksInWindowAndScheduleReenable" desc="()" line="2237">
        <counter type="INSTRUCTION" missed="16" covered="89" />
        <counter type="LINE" missed="12" covered="75" />
        <counter type="METHOD" missed="1" covered="0" />
      </method>
      <counter type="INSTRUCTION" missed="64" covered="888" />
      <counter type="LINE" missed="48" covered="723" />
      <counter type="METHOD" missed="6" covered="43" />
      <counter type="CLASS" missed="0" covered="1" />
    </class>
    <sourcefile name="WinTaskCrossingGuard.psm1">
      <line nr="1" mi="0" ci="1" mb="0" cb="0" />
      <line nr="19" mi="0" ci="1" mb="0" cb="0" />
      <line nr="20" mi="0" ci="1" mb="0" cb="0" />
      <line nr="23" mi="0" ci="1" mb="0" cb="0" />
      <line nr="25" mi="0" ci="1" mb="0" cb="0" />
      <line nr="26" mi="0" ci="1" mb="0" cb="0" />
      <line nr="29" mi="0" ci="1" mb="0" cb="0" />
      <line nr="30" mi="0" ci="1" mb="0" cb="0" />
      <line nr="33" mi="0" ci="1" mb="0" cb="0" />
      <line nr="43" mi="0" ci="1" mb="0" cb="0" />
      <line nr="46" mi="0" ci="1" mb="0" cb="0" />
      <line nr="47" mi="0" ci="1" mb="0" cb="0" />
      <line nr="49" mi="0" ci="1" mb="0" cb="0" />
      <line nr="50" mi="0" ci="1" mb="0" cb="0" />
      <line nr="51" mi="0" ci="1" mb="0" cb="0" />
      <line nr="54" mi="0" ci="1" mb="0" cb="0" />
      <line nr="55" mi="0" ci="1" mb="0" cb="0" />
      <line nr="66" mi="0" ci="1" mb="0" cb="0" />
      <line nr="79" mi="0" ci="1" mb="0" cb="0" />
      <line nr="82" mi="0" ci="1" mb="0" cb="0" />
      <line nr="83" mi="0" ci="1" mb="0" cb="0" />
      <line nr="85" mi="0" ci="1" mb="0" cb="0" />
      <line nr="86" mi="0" ci="1" mb="0" cb="0" />
      <line nr="89" mi="0" ci="1" mb="0" cb="0" />
      <line nr="90" mi="0" ci="1" mb="0" cb="0" />
      <line nr="91" mi="0" ci="1" mb="0" cb="0" />
      <line nr="108" mi="0" ci="2" mb="0" cb="0" />
      <line nr="120" mi="0" ci="1" mb="0" cb="0" />
      <line nr="121" mi="0" ci="1" mb="0" cb="0" />
      <line nr="124" mi="0" ci="1" mb="0" cb="0" />
      <line nr="126" mi="0" ci="1" mb="0" cb="0" />
      <line nr="127" mi="0" ci="1" mb="0" cb="0" />
      <line nr="130" mi="0" ci="1" mb="0" cb="0" />
      <line nr="131" mi="0" ci="1" mb="0" cb="0" />
      <line nr="134" mi="0" ci="1" mb="0" cb="0" />
      <line nr="147" mi="0" ci="1" mb="0" cb="0" />
      <line nr="148" mi="0" ci="1" mb="0" cb="0" />
      <line nr="149" mi="0" ci="1" mb="0" cb="0" />
      <line nr="164" mi="0" ci="1" mb="0" cb="0" />
      <line nr="165" mi="0" ci="1" mb="0" cb="0" />
      <line nr="166" mi="0" ci="1" mb="0" cb="0" />
      <line nr="170" mi="0" ci="1" mb="0" cb="0" />
      <line nr="171" mi="0" ci="1" mb="0" cb="0" />
      <line nr="172" mi="0" ci="1" mb="0" cb="0" />
      <line nr="175" mi="0" ci="1" mb="0" cb="0" />
      <line nr="176" mi="0" ci="1" mb="0" cb="0" />
      <line nr="179" mi="0" ci="1" mb="0" cb="0" />
      <line nr="180" mi="0" ci="3" mb="0" cb="0" />
      <line nr="203" mi="0" ci="1" mb="0" cb="0" />
      <line nr="205" mi="0" ci="1" mb="0" cb="0" />
      <line nr="206" mi="0" ci="1" mb="0" cb="0" />
      <line nr="207" mi="0" ci="1" mb="0" cb="0" />
      <line nr="208" mi="0" ci="1" mb="0" cb="0" />
      <line nr="209" mi="0" ci="1" mb="0" cb="0" />
      <line nr="210" mi="0" ci="1" mb="0" cb="0" />
      <line nr="211" mi="0" ci="1" mb="0" cb="0" />
      <line nr="222" mi="0" ci="2" mb="0" cb="0" />
      <line nr="223" mi="0" ci="1" mb="0" cb="0" />
      <line nr="226" mi="0" ci="2" mb="0" cb="0" />
      <line nr="228" mi="0" ci="1" mb="0" cb="0" />
      <line nr="229" mi="0" ci="5" mb="0" cb="0" />
      <line nr="231" mi="0" ci="1" mb="0" cb="0" />
      <line nr="232" mi="0" ci="1" mb="0" cb="0" />
      <line nr="233" mi="0" ci="2" mb="0" cb="0" />
      <line nr="234" mi="0" ci="2" mb="0" cb="0" />
      <line nr="252" mi="0" ci="1" mb="0" cb="0" />
      <line nr="256" mi="0" ci="1" mb="0" cb="0" />
      <line nr="257" mi="0" ci="2" mb="0" cb="0" />
      <line nr="258" mi="0" ci="1" mb="0" cb="0" />
      <line nr="259" mi="0" ci="1" mb="0" cb="0" />
      <line nr="260" mi="0" ci="1" mb="0" cb="0" />
      <line nr="261" mi="0" ci="2" mb="0" cb="0" />
      <line nr="262" mi="0" ci="1" mb="0" cb="0" />
      <line nr="263" mi="0" ci="1" mb="0" cb="0" />
      <line nr="269" mi="0" ci="1" mb="0" cb="0" />
      <line nr="270" mi="0" ci="1" mb="0" cb="0" />
      <line nr="271" mi="0" ci="2" mb="0" cb="0" />
      <line nr="272" mi="0" ci="1" mb="0" cb="0" />
      <line nr="275" mi="0" ci="1" mb="0" cb="0" />
      <line nr="276" mi="0" ci="1" mb="0" cb="0" />
      <line nr="277" mi="0" ci="2" mb="0" cb="0" />
      <line nr="280" mi="0" ci="1" mb="0" cb="0" />
      <line nr="281" mi="0" ci="1" mb="0" cb="0" />
      <line nr="282" mi="0" ci="1" mb="0" cb="0" />
      <line nr="284" mi="0" ci="1" mb="0" cb="0" />
      <line nr="295" mi="0" ci="2" mb="0" cb="0" />
      <line nr="296" mi="0" ci="1" mb="0" cb="0" />
      <line nr="300" mi="0" ci="2" mb="0" cb="0" />
      <line nr="303" mi="0" ci="2" mb="0" cb="0" />
      <line nr="306" mi="0" ci="2" mb="0" cb="0" />
      <line nr="307" mi="0" ci="2" mb="0" cb="0" />
      <line nr="309" mi="0" ci="1" mb="0" cb="0" />
      <line nr="310" mi="0" ci="1" mb="0" cb="0" />
      <line nr="311" mi="0" ci="1" mb="0" cb="0" />
      <line nr="312" mi="0" ci="1" mb="0" cb="0" />
      <line nr="313" mi="0" ci="1" mb="0" cb="0" />
      <line nr="314" mi="0" ci="1" mb="0" cb="0" />
      <line nr="315" mi="0" ci="2" mb="0" cb="0" />
      <line nr="316" mi="0" ci="2" mb="0" cb="0" />
      <line nr="318" mi="0" ci="1" mb="0" cb="0" />
      <line nr="319" mi="0" ci="1" mb="0" cb="0" />
      <line nr="320" mi="0" ci="1" mb="0" cb="0" />
      <line nr="321" mi="0" ci="1" mb="0" cb="0" />
      <line nr="322" mi="0" ci="1" mb="0" cb="0" />
      <line nr="326" mi="0" ci="1" mb="0" cb="0" />
      <line nr="327" mi="0" ci="1" mb="0" cb="0" />
      <line nr="328" mi="0" ci="1" mb="0" cb="0" />
      <line nr="329" mi="0" ci="1" mb="0" cb="0" />
      <line nr="330" mi="0" ci="1" mb="0" cb="0" />
      <line nr="334" mi="0" ci="1" mb="0" cb="0" />
      <line nr="335" mi="0" ci="1" mb="0" cb="0" />
      <line nr="336" mi="0" ci="1" mb="0" cb="0" />
      <line nr="337" mi="0" ci="1" mb="0" cb="0" />
      <line nr="338" mi="0" ci="1" mb="0" cb="0" />
      <line nr="342" mi="0" ci="1" mb="0" cb="0" />
      <line nr="343" mi="0" ci="1" mb="0" cb="0" />
      <line nr="344" mi="0" ci="3" mb="0" cb="0" />
      <line nr="345" mi="0" ci="1" mb="0" cb="0" />
      <line nr="346" mi="0" ci="3" mb="0" cb="0" />
      <line nr="347" mi="0" ci="2" mb="0" cb="0" />
      <line nr="352" mi="0" ci="1" mb="0" cb="0" />
      <line nr="353" mi="0" ci="1" mb="0" cb="0" />
      <line nr="354" mi="0" ci="3" mb="0" cb="0" />
      <line nr="355" mi="0" ci="1" mb="0" cb="0" />
      <line nr="356" mi="0" ci="3" mb="0" cb="0" />
      <line nr="357" mi="0" ci="2" mb="0" cb="0" />
      <line nr="362" mi="0" ci="1" mb="0" cb="0" />
      <line nr="363" mi="0" ci="1" mb="0" cb="0" />
      <line nr="364" mi="0" ci="3" mb="0" cb="0" />
      <line nr="365" mi="0" ci="1" mb="0" cb="0" />
      <line nr="366" mi="0" ci="3" mb="0" cb="0" />
      <line nr="367" mi="0" ci="2" mb="0" cb="0" />
      <line nr="372" mi="0" ci="1" mb="0" cb="0" />
      <line nr="373" mi="0" ci="1" mb="0" cb="0" />
      <line nr="374" mi="0" ci="1" mb="0" cb="0" />
      <line nr="378" mi="0" ci="1" mb="0" cb="0" />
      <line nr="379" mi="0" ci="1" mb="0" cb="0" />
      <line nr="380" mi="0" ci="1" mb="0" cb="0" />
      <line nr="384" mi="0" ci="1" mb="0" cb="0" />
      <line nr="385" mi="0" ci="1" mb="0" cb="0" />
      <line nr="386" mi="0" ci="1" mb="0" cb="0" />
      <line nr="387" mi="0" ci="1" mb="0" cb="0" />
      <line nr="388" mi="0" ci="1" mb="0" cb="0" />
      <line nr="389" mi="0" ci="1" mb="0" cb="0" />
      <line nr="390" mi="0" ci="1" mb="0" cb="0" />
      <line nr="391" mi="0" ci="1" mb="0" cb="0" />
      <line nr="392" mi="0" ci="1" mb="0" cb="0" />
      <line nr="393" mi="0" ci="2" mb="0" cb="0" />
      <line nr="394" mi="0" ci="2" mb="0" cb="0" />
      <line nr="409" mi="0" ci="1" mb="0" cb="0" />
      <line nr="410" mi="0" ci="1" mb="0" cb="0" />
      <line nr="411" mi="0" ci="1" mb="0" cb="0" />
      <line nr="415" mi="0" ci="1" mb="0" cb="0" />
      <line nr="428" mi="0" ci="1" mb="0" cb="0" />
      <line nr="429" mi="0" ci="2" mb="0" cb="0" />
      <line nr="431" mi="0" ci="1" mb="0" cb="0" />
      <line nr="432" mi="0" ci="1" mb="0" cb="0" />
      <line nr="433" mi="0" ci="1" mb="0" cb="0" />
      <line nr="437" mi="0" ci="1" mb="0" cb="0" />
      <line nr="438" mi="0" ci="1" mb="0" cb="0" />
      <line nr="443" mi="0" ci="1" mb="0" cb="0" />
      <line nr="451" mi="0" ci="1" mb="0" cb="0" />
      <line nr="452" mi="0" ci="1" mb="0" cb="0" />
      <line nr="453" mi="0" ci="1" mb="0" cb="0" />
      <line nr="454" mi="0" ci="1" mb="0" cb="0" />
      <line nr="455" mi="0" ci="1" mb="0" cb="0" />
      <line nr="456" mi="0" ci="1" mb="0" cb="0" />
      <line nr="457" mi="0" ci="1" mb="0" cb="0" />
      <line nr="458" mi="0" ci="1" mb="0" cb="0" />
      <line nr="459" mi="0" ci="1" mb="0" cb="0" />
      <line nr="460" mi="0" ci="1" mb="0" cb="0" />
      <line nr="461" mi="0" ci="1" mb="0" cb="0" />
      <line nr="462" mi="0" ci="1" mb="0" cb="0" />
      <line nr="463" mi="0" ci="1" mb="0" cb="0" />
      <line nr="464" mi="0" ci="1" mb="0" cb="0" />
      <line nr="465" mi="0" ci="1" mb="0" cb="0" />
      <line nr="477" mi="0" ci="1" mb="0" cb="0" />
      <line nr="478" mi="0" ci="1" mb="0" cb="0" />
      <line nr="481" mi="0" ci="2" mb="0" cb="0" />
      <line nr="482" mi="0" ci="2" mb="0" cb="0" />
      <line nr="484" mi="0" ci="2" mb="0" cb="0" />
      <line nr="495" mi="0" ci="1" mb="0" cb="0" />
      <line nr="499" mi="0" ci="2" mb="0" cb="0" />
      <line nr="501" mi="0" ci="1" mb="0" cb="0" />
      <line nr="505" mi="0" ci="2" mb="0" cb="0" />
      <line nr="506" mi="0" ci="1" mb="0" cb="0" />
      <line nr="521" mi="0" ci="2" mb="0" cb="0" />
      <line nr="522" mi="0" ci="1" mb="0" cb="0" />
      <line nr="524" mi="0" ci="1" mb="0" cb="0" />
      <line nr="525" mi="0" ci="2" mb="0" cb="0" />
      <line nr="527" mi="0" ci="1" mb="0" cb="0" />
      <line nr="528" mi="0" ci="1" mb="0" cb="0" />
      <line nr="531" mi="0" ci="1" mb="0" cb="0" />
      <line nr="532" mi="0" ci="1" mb="0" cb="0" />
      <line nr="533" mi="0" ci="2" mb="0" cb="0" />
      <line nr="536" mi="0" ci="1" mb="0" cb="0" />
      <line nr="537" mi="0" ci="1" mb="0" cb="0" />
      <line nr="538" mi="0" ci="2" mb="0" cb="0" />
      <line nr="542" mi="0" ci="1" mb="0" cb="0" />
      <line nr="543" mi="0" ci="1" mb="0" cb="0" />
      <line nr="544" mi="0" ci="1" mb="0" cb="0" />
      <line nr="547" mi="0" ci="1" mb="0" cb="0" />
      <line nr="548" mi="0" ci="1" mb="0" cb="0" />
      <line nr="549" mi="0" ci="1" mb="0" cb="0" />
      <line nr="552" mi="0" ci="1" mb="0" cb="0" />
      <line nr="566" mi="0" ci="1" mb="0" cb="0" />
      <line nr="567" mi="0" ci="1" mb="0" cb="0" />
      <line nr="570" mi="0" ci="1" mb="0" cb="0" />
      <line nr="571" mi="0" ci="1" mb="0" cb="0" />
      <line nr="574" mi="0" ci="2" mb="0" cb="0" />
      <line nr="575" mi="0" ci="2" mb="0" cb="0" />
      <line nr="576" mi="0" ci="2" mb="0" cb="0" />
      <line nr="577" mi="0" ci="2" mb="0" cb="0" />
      <line nr="579" mi="0" ci="1" mb="0" cb="0" />
      <line nr="580" mi="0" ci="1" mb="0" cb="0" />
      <line nr="581" mi="0" ci="1" mb="0" cb="0" />
      <line nr="584" mi="0" ci="1" mb="0" cb="0" />
      <line nr="585" mi="0" ci="1" mb="0" cb="0" />
      <line nr="586" mi="0" ci="1" mb="0" cb="0" />
      <line nr="589" mi="0" ci="2" mb="0" cb="0" />
      <line nr="591" mi="0" ci="1" mb="0" cb="0" />
      <line nr="592" mi="0" ci="1" mb="0" cb="0" />
      <line nr="595" mi="0" ci="1" mb="0" cb="0" />
      <line nr="596" mi="0" ci="1" mb="0" cb="0" />
      <line nr="597" mi="0" ci="1" mb="0" cb="0" />
      <line nr="600" mi="0" ci="1" mb="0" cb="0" />
      <line nr="601" mi="0" ci="1" mb="0" cb="0" />
      <line nr="602" mi="0" ci="1" mb="0" cb="0" />
      <line nr="605" mi="0" ci="1" mb="0" cb="0" />
      <line nr="628" mi="0" ci="1" mb="0" cb="0" />
      <line nr="630" mi="0" ci="1" mb="0" cb="0" />
      <line nr="632" mi="0" ci="1" mb="0" cb="0" />
      <line nr="634" mi="0" ci="4" mb="0" cb="0" />
      <line nr="635" mi="0" ci="1" mb="0" cb="0" />
      <line nr="636" mi="0" ci="1" mb="0" cb="0" />
      <line nr="637" mi="0" ci="2" mb="0" cb="0" />
      <line nr="638" mi="0" ci="2" mb="0" cb="0" />
      <line nr="641" mi="0" ci="1" mb="0" cb="0" />
      <line nr="642" mi="0" ci="2" mb="0" cb="0" />
      <line nr="646" mi="0" ci="1" mb="0" cb="0" />
      <line nr="647" mi="0" ci="1" mb="0" cb="0" />
      <line nr="648" mi="0" ci="2" mb="0" cb="0" />
      <line nr="650" mi="0" ci="1" mb="0" cb="0" />
      <line nr="651" mi="0" ci="1" mb="0" cb="0" />
      <line nr="652" mi="0" ci="2" mb="0" cb="0" />
      <line nr="653" mi="0" ci="2" mb="0" cb="0" />
      <line nr="656" mi="0" ci="1" mb="0" cb="0" />
      <line nr="657" mi="0" ci="2" mb="0" cb="0" />
      <line nr="662" mi="0" ci="1" mb="0" cb="0" />
      <line nr="663" mi="0" ci="1" mb="0" cb="0" />
      <line nr="664" mi="0" ci="1" mb="0" cb="0" />
      <line nr="665" mi="0" ci="2" mb="0" cb="0" />
      <line nr="669" mi="0" ci="1" mb="0" cb="0" />
      <line nr="670" mi="0" ci="1" mb="0" cb="0" />
      <line nr="671" mi="0" ci="1" mb="0" cb="0" />
      <line nr="673" mi="0" ci="1" mb="0" cb="0" />
      <line nr="674" mi="0" ci="2" mb="0" cb="0" />
      <line nr="677" mi="0" ci="1" mb="0" cb="0" />
      <line nr="678" mi="0" ci="1" mb="0" cb="0" />
      <line nr="679" mi="0" ci="1" mb="0" cb="0" />
      <line nr="681" mi="0" ci="1" mb="0" cb="0" />
      <line nr="713" mi="0" ci="1" mb="0" cb="0" />
      <line nr="720" mi="0" ci="1" mb="0" cb="0" />
      <line nr="721" mi="0" ci="1" mb="0" cb="0" />
      <line nr="723" mi="0" ci="1" mb="0" cb="0" />
      <line nr="726" mi="0" ci="4" mb="0" cb="0" />
      <line nr="730" mi="0" ci="1" mb="0" cb="0" />
      <line nr="734" mi="0" ci="1" mb="0" cb="0" />
      <line nr="735" mi="0" ci="1" mb="0" cb="0" />
      <line nr="736" mi="0" ci="1" mb="0" cb="0" />
      <line nr="740" mi="0" ci="1" mb="0" cb="0" />
      <line nr="743" mi="0" ci="1" mb="0" cb="0" />
      <line nr="744" mi="0" ci="1" mb="0" cb="0" />
      <line nr="745" mi="0" ci="1" mb="0" cb="0" />
      <line nr="746" mi="0" ci="3" mb="0" cb="0" />
      <line nr="747" mi="0" ci="1" mb="0" cb="0" />
      <line nr="748" mi="0" ci="1" mb="0" cb="0" />
      <line nr="749" mi="0" ci="1" mb="0" cb="0" />
      <line nr="750" mi="0" ci="1" mb="0" cb="0" />
      <line nr="751" mi="0" ci="1" mb="0" cb="0" />
      <line nr="752" mi="0" ci="1" mb="0" cb="0" />
      <line nr="767" mi="0" ci="1" mb="0" cb="0" />
      <line nr="771" mi="0" ci="1" mb="0" cb="0" />
      <line nr="772" mi="0" ci="2" mb="0" cb="0" />
      <line nr="773" mi="0" ci="1" mb="0" cb="0" />
      <line nr="774" mi="0" ci="1" mb="0" cb="0" />
      <line nr="776" mi="0" ci="1" mb="0" cb="0" />
      <line nr="777" mi="0" ci="2" mb="0" cb="0" />
      <line nr="778" mi="0" ci="1" mb="0" cb="0" />
      <line nr="792" mi="0" ci="1" mb="0" cb="0" />
      <line nr="796" mi="0" ci="1" mb="0" cb="0" />
      <line nr="797" mi="0" ci="2" mb="0" cb="0" />
      <line nr="798" mi="0" ci="1" mb="0" cb="0" />
      <line nr="799" mi="0" ci="1" mb="0" cb="0" />
      <line nr="801" mi="0" ci="1" mb="0" cb="0" />
      <line nr="802" mi="0" ci="2" mb="0" cb="0" />
      <line nr="803" mi="0" ci="1" mb="0" cb="0" />
      <line nr="817" mi="0" ci="1" mb="0" cb="0" />
      <line nr="821" mi="0" ci="1" mb="0" cb="0" />
      <line nr="822" mi="0" ci="2" mb="0" cb="0" />
      <line nr="823" mi="0" ci="1" mb="0" cb="0" />
      <line nr="824" mi="0" ci="1" mb="0" cb="0" />
      <line nr="826" mi="0" ci="1" mb="0" cb="0" />
      <line nr="827" mi="0" ci="1" mb="0" cb="0" />
      <line nr="828" mi="0" ci="1" mb="0" cb="0" />
      <line nr="855" mi="0" ci="1" mb="0" cb="0" />
      <line nr="859" mi="0" ci="1" mb="0" cb="0" />
      <line nr="860" mi="0" ci="2" mb="0" cb="0" />
      <line nr="861" mi="0" ci="1" mb="0" cb="0" />
      <line nr="862" mi="0" ci="1" mb="0" cb="0" />
      <line nr="863" mi="0" ci="1" mb="0" cb="0" />
      <line nr="864" mi="0" ci="2" mb="0" cb="0" />
      <line nr="865" mi="0" ci="1" mb="0" cb="0" />
      <line nr="866" mi="0" ci="1" mb="0" cb="0" />
      <line nr="867" mi="0" ci="1" mb="0" cb="0" />
      <line nr="868" mi="0" ci="1" mb="0" cb="0" />
      <line nr="869" mi="0" ci="1" mb="0" cb="0" />
      <line nr="870" mi="0" ci="1" mb="0" cb="0" />
      <line nr="876" mi="0" ci="1" mb="0" cb="0" />
      <line nr="877" mi="0" ci="2" mb="0" cb="0" />
      <line nr="878" mi="0" ci="1" mb="0" cb="0" />
      <line nr="879" mi="0" ci="1" mb="0" cb="0" />
      <line nr="880" mi="0" ci="3" mb="0" cb="0" />
      <line nr="881" mi="0" ci="1" mb="0" cb="0" />
      <line nr="884" mi="0" ci="1" mb="0" cb="0" />
      <line nr="885" mi="0" ci="1" mb="0" cb="0" />
      <line nr="886" mi="0" ci="2" mb="0" cb="0" />
      <line nr="889" mi="0" ci="1" mb="0" cb="0" />
      <line nr="890" mi="0" ci="1" mb="0" cb="0" />
      <line nr="891" mi="0" ci="1" mb="0" cb="0" />
      <line nr="893" mi="0" ci="1" mb="0" cb="0" />
      <line nr="907" mi="2" ci="0" mb="0" cb="0" />
      <line nr="910" mi="0" ci="1" mb="0" cb="0" />
      <line nr="912" mi="0" ci="2" mb="0" cb="0" />
      <line nr="913" mi="0" ci="1" mb="0" cb="0" />
      <line nr="916" mi="0" ci="1" mb="0" cb="0" />
      <line nr="918" mi="0" ci="1" mb="0" cb="0" />
      <line nr="919" mi="0" ci="1" mb="0" cb="0" />
      <line nr="920" mi="0" ci="1" mb="0" cb="0" />
      <line nr="922" mi="0" ci="1" mb="0" cb="0" />
      <line nr="926" mi="0" ci="1" mb="0" cb="0" />
      <line nr="930" mi="0" ci="1" mb="0" cb="0" />
      <line nr="931" mi="0" ci="1" mb="0" cb="0" />
      <line nr="932" mi="0" ci="1" mb="0" cb="0" />
      <line nr="935" mi="0" ci="1" mb="0" cb="0" />
      <line nr="936" mi="0" ci="1" mb="0" cb="0" />
      <line nr="938" mi="0" ci="1" mb="0" cb="0" />
      <line nr="939" mi="0" ci="1" mb="0" cb="0" />
      <line nr="942" mi="0" ci="2" mb="0" cb="0" />
      <line nr="943" mi="0" ci="1" mb="0" cb="0" />
      <line nr="944" mi="0" ci="1" mb="0" cb="0" />
      <line nr="947" mi="0" ci="1" mb="0" cb="0" />
      <line nr="950" mi="0" ci="1" mb="0" cb="0" />
      <line nr="959" mi="2" ci="0" mb="0" cb="0" />
      <line nr="962" mi="0" ci="1" mb="0" cb="0" />
      <line nr="964" mi="0" ci="1" mb="0" cb="0" />
      <line nr="965" mi="0" ci="1" mb="0" cb="0" />
      <line nr="968" mi="0" ci="1" mb="0" cb="0" />
      <line nr="969" mi="0" ci="1" mb="0" cb="0" />
      <line nr="971" mi="0" ci="1" mb="0" cb="0" />
      <line nr="972" mi="0" ci="1" mb="0" cb="0" />
      <line nr="975" mi="0" ci="1" mb="0" cb="0" />
      <line nr="976" mi="0" ci="1" mb="0" cb="0" />
      <line nr="979" mi="0" ci="1" mb="0" cb="0" />
      <line nr="988" mi="2" ci="0" mb="0" cb="0" />
      <line nr="991" mi="2" ci="0" mb="0" cb="0" />
      <line nr="994" mi="0" ci="1" mb="0" cb="0" />
      <line nr="1000" mi="0" ci="1" mb="0" cb="0" />
      <line nr="1002" mi="0" ci="1" mb="0" cb="0" />
      <line nr="1003" mi="0" ci="1" mb="0" cb="0" />
      <line nr="1007" mi="0" ci="2" mb="0" cb="0" />
      <line nr="1008" mi="0" ci="1" mb="0" cb="0" />
      <line nr="1012" mi="0" ci="1" mb="0" cb="0" />
      <line nr="1014" mi="0" ci="1" mb="0" cb="0" />
      <line nr="1015" mi="0" ci="1" mb="0" cb="0" />
      <line nr="1016" mi="0" ci="2" mb="0" cb="0" />
      <line nr="1019" mi="0" ci="1" mb="0" cb="0" />
      <line nr="1020" mi="0" ci="1" mb="0" cb="0" />
      <line nr="1021" mi="0" ci="1" mb="0" cb="0" />
      <line nr="1023" mi="0" ci="1" mb="0" cb="0" />
      <line nr="1024" mi="0" ci="1" mb="0" cb="0" />
      <line nr="1025" mi="0" ci="1" mb="0" cb="0" />
      <line nr="1026" mi="0" ci="1" mb="0" cb="0" />
      <line nr="1027" mi="0" ci="1" mb="0" cb="0" />
      <line nr="1028" mi="0" ci="1" mb="0" cb="0" />
      <line nr="1044" mi="0" ci="1" mb="0" cb="0" />
      <line nr="1050" mi="0" ci="1" mb="0" cb="0" />
      <line nr="1051" mi="0" ci="1" mb="0" cb="0" />
      <line nr="1054" mi="0" ci="1" mb="0" cb="0" />
      <line nr="1055" mi="0" ci="2" mb="0" cb="0" />
      <line nr="1096" mi="0" ci="1" mb="0" cb="0" />
      <line nr="1097" mi="0" ci="1" mb="0" cb="0" />
      <line nr="1101" mi="0" ci="1" mb="0" cb="0" />
      <line nr="1102" mi="0" ci="1" mb="0" cb="0" />
      <line nr="1107" mi="0" ci="1" mb="0" cb="0" />
      <line nr="1108" mi="0" ci="1" mb="0" cb="0" />
      <line nr="1111" mi="0" ci="1" mb="0" cb="0" />
      <line nr="1114" mi="0" ci="1" mb="0" cb="0" />
      <line nr="1115" mi="1" ci="0" mb="0" cb="0" />
      <line nr="1118" mi="0" ci="1" mb="0" cb="0" />
      <line nr="1119" mi="0" ci="1" mb="0" cb="0" />
      <line nr="1120" mi="0" ci="2" mb="0" cb="0" />
      <line nr="1123" mi="0" ci="1" mb="0" cb="0" />
      <line nr="1124" mi="0" ci="1" mb="0" cb="0" />
      <line nr="1125" mi="0" ci="1" mb="0" cb="0" />
      <line nr="1127" mi="0" ci="1" mb="0" cb="0" />
      <line nr="1130" mi="0" ci="1" mb="0" cb="0" />
      <line nr="1132" mi="0" ci="1" mb="0" cb="0" />
      <line nr="1133" mi="0" ci="1" mb="0" cb="0" />
      <line nr="1134" mi="0" ci="1" mb="0" cb="0" />
      <line nr="1135" mi="0" ci="1" mb="0" cb="0" />
      <line nr="1137" mi="0" ci="1" mb="0" cb="0" />
      <line nr="1138" mi="0" ci="1" mb="0" cb="0" />
      <line nr="1139" mi="0" ci="1" mb="0" cb="0" />
      <line nr="1140" mi="0" ci="1" mb="0" cb="0" />
      <line nr="1142" mi="0" ci="1" mb="0" cb="0" />
      <line nr="1143" mi="0" ci="1" mb="0" cb="0" />
      <line nr="1146" mi="0" ci="1" mb="0" cb="0" />
      <line nr="1147" mi="0" ci="1" mb="0" cb="0" />
      <line nr="1150" mi="0" ci="1" mb="0" cb="0" />
      <line nr="1151" mi="0" ci="1" mb="0" cb="0" />
      <line nr="1154" mi="0" ci="1" mb="0" cb="0" />
      <line nr="1155" mi="0" ci="1" mb="0" cb="0" />
      <line nr="1158" mi="0" ci="1" mb="0" cb="0" />
      <line nr="1159" mi="0" ci="2" mb="0" cb="0" />
      <line nr="1161" mi="0" ci="1" mb="0" cb="0" />
      <line nr="1162" mi="0" ci="3" mb="0" cb="0" />
      <line nr="1163" mi="0" ci="2" mb="0" cb="0" />
      <line nr="1165" mi="0" ci="1" mb="0" cb="0" />
      <line nr="1166" mi="0" ci="1" mb="0" cb="0" />
      <line nr="1167" mi="0" ci="1" mb="0" cb="0" />
      <line nr="1168" mi="0" ci="1" mb="0" cb="0" />
      <line nr="1170" mi="0" ci="1" mb="0" cb="0" />
      <line nr="1171" mi="0" ci="1" mb="0" cb="0" />
      <line nr="1172" mi="0" ci="2" mb="0" cb="0" />
      <line nr="1175" mi="0" ci="1" mb="0" cb="0" />
      <line nr="1176" mi="0" ci="1" mb="0" cb="0" />
      <line nr="1177" mi="0" ci="1" mb="0" cb="0" />
      <line nr="1178" mi="0" ci="1" mb="0" cb="0" />
      <line nr="1179" mi="0" ci="1" mb="0" cb="0" />
      <line nr="1183" mi="0" ci="1" mb="0" cb="0" />
      <line nr="1184" mi="0" ci="2" mb="0" cb="0" />
      <line nr="1185" mi="0" ci="1" mb="0" cb="0" />
      <line nr="1188" mi="0" ci="1" mb="0" cb="0" />
      <line nr="1189" mi="0" ci="1" mb="0" cb="0" />
      <line nr="1190" mi="0" ci="1" mb="0" cb="0" />
      <line nr="1193" mi="0" ci="1" mb="0" cb="0" />
      <line nr="1194" mi="0" ci="1" mb="0" cb="0" />
      <line nr="1198" mi="0" ci="1" mb="0" cb="0" />
      <line nr="1227" mi="0" ci="1" mb="0" cb="0" />
      <line nr="1228" mi="0" ci="1" mb="0" cb="0" />
      <line nr="1229" mi="0" ci="1" mb="0" cb="0" />
      <line nr="1230" mi="0" ci="2" mb="0" cb="0" />
      <line nr="1233" mi="0" ci="1" mb="0" cb="0" />
      <line nr="1234" mi="0" ci="1" mb="0" cb="0" />
      <line nr="1235" mi="0" ci="3" mb="0" cb="0" />
      <line nr="1236" mi="0" ci="3" mb="0" cb="0" />
      <line nr="1238" mi="0" ci="1" mb="0" cb="0" />
      <line nr="1239" mi="0" ci="1" mb="0" cb="0" />
      <line nr="1240" mi="0" ci="1" mb="0" cb="0" />
      <line nr="1242" mi="0" ci="1" mb="0" cb="0" />
      <line nr="1245" mi="0" ci="1" mb="0" cb="0" />
      <line nr="1246" mi="0" ci="1" mb="0" cb="0" />
      <line nr="1247" mi="0" ci="1" mb="0" cb="0" />
      <line nr="1248" mi="0" ci="1" mb="0" cb="0" />
      <line nr="1249" mi="0" ci="1" mb="0" cb="0" />
      <line nr="1251" mi="0" ci="1" mb="0" cb="0" />
      <line nr="1252" mi="0" ci="1" mb="0" cb="0" />
      <line nr="1255" mi="0" ci="1" mb="0" cb="0" />
      <line nr="1256" mi="0" ci="1" mb="0" cb="0" />
      <line nr="1259" mi="0" ci="1" mb="0" cb="0" />
      <line nr="1260" mi="0" ci="1" mb="0" cb="0" />
      <line nr="1262" mi="0" ci="1" mb="0" cb="0" />
      <line nr="1263" mi="0" ci="1" mb="0" cb="0" />
      <line nr="1266" mi="0" ci="1" mb="0" cb="0" />
      <line nr="1267" mi="0" ci="2" mb="0" cb="0" />
      <line nr="1270" mi="0" ci="1" mb="0" cb="0" />
      <line nr="1272" mi="0" ci="1" mb="0" cb="0" />
      <line nr="1275" mi="0" ci="1" mb="0" cb="0" />
      <line nr="1276" mi="0" ci="1" mb="0" cb="0" />
      <line nr="1277" mi="0" ci="1" mb="0" cb="0" />
      <line nr="1280" mi="0" ci="1" mb="0" cb="0" />
      <line nr="1281" mi="0" ci="1" mb="0" cb="0" />
      <line nr="1285" mi="0" ci="1" mb="0" cb="0" />
      <line nr="1297" mi="0" ci="2" mb="0" cb="0" />
      <line nr="1298" mi="0" ci="1" mb="0" cb="0" />
      <line nr="1302" mi="0" ci="2" mb="0" cb="0" />
      <line nr="1304" mi="0" ci="1" mb="0" cb="0" />
      <line nr="1306" mi="0" ci="1" mb="0" cb="0" />
      <line nr="1307" mi="0" ci="1" mb="0" cb="0" />
      <line nr="1310" mi="0" ci="2" mb="0" cb="0" />
      <line nr="1312" mi="0" ci="1" mb="0" cb="0" />
      <line nr="1313" mi="0" ci="1" mb="0" cb="0" />
      <line nr="1316" mi="0" ci="2" mb="0" cb="0" />
      <line nr="1317" mi="0" ci="1" mb="0" cb="0" />
      <line nr="1318" mi="0" ci="2" mb="0" cb="0" />
      <line nr="1319" mi="0" ci="1" mb="0" cb="0" />
      <line nr="1321" mi="0" ci="1" mb="0" cb="0" />
      <line nr="1322" mi="0" ci="1" mb="0" cb="0" />
      <line nr="1325" mi="1" ci="0" mb="0" cb="0" />
      <line nr="1328" mi="1" ci="0" mb="0" cb="0" />
      <line nr="1340" mi="0" ci="1" mb="0" cb="0" />
      <line nr="1341" mi="0" ci="1" mb="0" cb="0" />
      <line nr="1342" mi="0" ci="1" mb="0" cb="0" />
      <line nr="1343" mi="0" ci="1" mb="0" cb="0" />
      <line nr="1344" mi="0" ci="1" mb="0" cb="0" />
      <line nr="1345" mi="0" ci="1" mb="0" cb="0" />
      <line nr="1346" mi="0" ci="1" mb="0" cb="0" />
      <line nr="1347" mi="0" ci="1" mb="0" cb="0" />
      <line nr="1348" mi="0" ci="1" mb="0" cb="0" />
      <line nr="1349" mi="0" ci="1" mb="0" cb="0" />
      <line nr="1350" mi="0" ci="1" mb="0" cb="0" />
      <line nr="1351" mi="0" ci="1" mb="0" cb="0" />
      <line nr="1355" mi="0" ci="2" mb="0" cb="0" />
      <line nr="1356" mi="0" ci="2" mb="0" cb="0" />
      <line nr="1357" mi="0" ci="2" mb="0" cb="0" />
      <line nr="1358" mi="0" ci="2" mb="0" cb="0" />
      <line nr="1359" mi="0" ci="2" mb="0" cb="0" />
      <line nr="1360" mi="0" ci="2" mb="0" cb="0" />
      <line nr="1362" mi="0" ci="1" mb="0" cb="0" />
      <line nr="1363" mi="0" ci="1" mb="0" cb="0" />
      <line nr="1364" mi="0" ci="2" mb="0" cb="0" />
      <line nr="1365" mi="0" ci="2" mb="0" cb="0" />
      <line nr="1367" mi="0" ci="1" mb="0" cb="0" />
      <line nr="1368" mi="0" ci="1" mb="0" cb="0" />
      <line nr="1369" mi="0" ci="3" mb="0" cb="0" />
      <line nr="1370" mi="0" ci="1" mb="0" cb="0" />
      <line nr="1371" mi="0" ci="3" mb="0" cb="0" />
      <line nr="1372" mi="0" ci="6" mb="0" cb="0" />
      <line nr="1373" mi="0" ci="6" mb="0" cb="0" />
      <line nr="1374" mi="0" ci="1" mb="0" cb="0" />
      <line nr="1375" mi="0" ci="1" mb="0" cb="0" />
      <line nr="1376" mi="0" ci="1" mb="0" cb="0" />
      <line nr="1377" mi="0" ci="1" mb="0" cb="0" />
      <line nr="1391" mi="0" ci="2" mb="0" cb="0" />
      <line nr="1393" mi="0" ci="1" mb="0" cb="0" />
      <line nr="1397" mi="0" ci="1" mb="0" cb="0" />
      <line nr="1398" mi="0" ci="1" mb="0" cb="0" />
      <line nr="1401" mi="0" ci="1" mb="0" cb="0" />
      <line nr="1402" mi="0" ci="1" mb="0" cb="0" />
      <line nr="1403" mi="0" ci="1" mb="0" cb="0" />
      <line nr="1404" mi="0" ci="1" mb="0" cb="0" />
      <line nr="1407" mi="0" ci="2" mb="0" cb="0" />
      <line nr="1410" mi="0" ci="1" mb="0" cb="0" />
      <line nr="1411" mi="0" ci="2" mb="0" cb="0" />
      <line nr="1412" mi="0" ci="1" mb="0" cb="0" />
      <line nr="1416" mi="0" ci="4" mb="0" cb="0" />
      <line nr="1417" mi="0" ci="3" mb="0" cb="0" />
      <line nr="1418" mi="0" ci="1" mb="0" cb="0" />
      <line nr="1430" mi="0" ci="1" mb="0" cb="0" />
      <line nr="1432" mi="0" ci="1" mb="0" cb="0" />
      <line nr="1433" mi="0" ci="1" mb="0" cb="0" />
      <line nr="1434" mi="0" ci="1" mb="0" cb="0" />
      <line nr="1435" mi="0" ci="1" mb="0" cb="0" />
      <line nr="1439" mi="0" ci="2" mb="0" cb="0" />
      <line nr="1442" mi="0" ci="1" mb="0" cb="0" />
      <line nr="1443" mi="0" ci="1" mb="0" cb="0" />
      <line nr="1445" mi="0" ci="1" mb="0" cb="0" />
      <line nr="1446" mi="0" ci="1" mb="0" cb="0" />
      <line nr="1447" mi="0" ci="1" mb="0" cb="0" />
      <line nr="1451" mi="0" ci="1" mb="0" cb="0" />
      <line nr="1453" mi="0" ci="1" mb="0" cb="0" />
      <line nr="1454" mi="0" ci="1" mb="0" cb="0" />
      <line nr="1456" mi="0" ci="1" mb="0" cb="0" />
      <line nr="1457" mi="0" ci="3" mb="0" cb="0" />
      <line nr="1458" mi="0" ci="1" mb="0" cb="0" />
      <line nr="1460" mi="0" ci="1" mb="0" cb="0" />
      <line nr="1462" mi="0" ci="1" mb="0" cb="0" />
      <line nr="1467" mi="0" ci="1" mb="0" cb="0" />
      <line nr="1473" mi="0" ci="1" mb="0" cb="0" />
      <line nr="1474" mi="0" ci="1" mb="0" cb="0" />
      <line nr="1475" mi="0" ci="1" mb="0" cb="0" />
      <line nr="1487" mi="0" ci="1" mb="0" cb="0" />
      <line nr="1488" mi="0" ci="1" mb="0" cb="0" />
      <line nr="1491" mi="0" ci="1" mb="0" cb="0" />
      <line nr="1492" mi="0" ci="1" mb="0" cb="0" />
      <line nr="1493" mi="1" ci="0" mb="0" cb="0" />
      <line nr="1496" mi="0" ci="1" mb="0" cb="0" />
      <line nr="1497" mi="0" ci="1" mb="0" cb="0" />
      <line nr="1498" mi="0" ci="1" mb="0" cb="0" />
      <line nr="1501" mi="0" ci="1" mb="0" cb="0" />
      <line nr="1512" mi="0" ci="1" mb="0" cb="0" />
      <line nr="1513" mi="0" ci="1" mb="0" cb="0" />
      <line nr="1516" mi="0" ci="1" mb="0" cb="0" />
      <line nr="1517" mi="0" ci="1" mb="0" cb="0" />
      <line nr="1518" mi="1" ci="0" mb="0" cb="0" />
      <line nr="1521" mi="0" ci="1" mb="0" cb="0" />
      <line nr="1522" mi="0" ci="1" mb="0" cb="0" />
      <line nr="1523" mi="0" ci="1" mb="0" cb="0" />
      <line nr="1526" mi="0" ci="1" mb="0" cb="0" />
      <line nr="1537" mi="0" ci="1" mb="0" cb="0" />
      <line nr="1538" mi="0" ci="1" mb="0" cb="0" />
      <line nr="1541" mi="0" ci="2" mb="0" cb="0" />
      <line nr="1542" mi="0" ci="1" mb="0" cb="0" />
      <line nr="1543" mi="0" ci="1" mb="0" cb="0" />
      <line nr="1544" mi="0" ci="2" mb="0" cb="0" />
      <line nr="1546" mi="0" ci="1" mb="0" cb="0" />
      <line nr="1547" mi="0" ci="1" mb="0" cb="0" />
      <line nr="1572" mi="0" ci="1" mb="0" cb="0" />
      <line nr="1574" mi="0" ci="1" mb="0" cb="0" />
      <line nr="1575" mi="1" ci="0" mb="0" cb="0" />
      <line nr="1578" mi="0" ci="1" mb="0" cb="0" />
      <line nr="1580" mi="0" ci="1" mb="0" cb="0" />
      <line nr="1581" mi="0" ci="1" mb="0" cb="0" />
      <line nr="1584" mi="0" ci="1" mb="0" cb="0" />
      <line nr="1586" mi="0" ci="1" mb="0" cb="0" />
      <line nr="1587" mi="0" ci="1" mb="0" cb="0" />
      <line nr="1590" mi="0" ci="1" mb="0" cb="0" />
      <line nr="1615" mi="0" ci="2" mb="0" cb="0" />
      <line nr="1620" mi="0" ci="1" mb="0" cb="0" />
      <line nr="1625" mi="0" ci="1" mb="0" cb="0" />
      <line nr="1630" mi="0" ci="1" mb="0" cb="0" />
      <line nr="1642" mi="2" ci="0" mb="0" cb="0" />
      <line nr="1644" mi="1" ci="0" mb="0" cb="0" />
      <line nr="1677" mi="0" ci="2" mb="0" cb="0" />
      <line nr="1682" mi="0" ci="1" mb="0" cb="0" />
      <line nr="1687" mi="0" ci="1" mb="0" cb="0" />
      <line nr="1693" mi="0" ci="1" mb="0" cb="0" />
      <line nr="1705" mi="2" ci="0" mb="0" cb="0" />
      <line nr="1707" mi="1" ci="0" mb="0" cb="0" />
      <line nr="1748" mi="0" ci="1" mb="0" cb="0" />
      <line nr="1749" mi="0" ci="1" mb="0" cb="0" />
      <line nr="1752" mi="0" ci="1" mb="0" cb="0" />
      <line nr="1754" mi="0" ci="2" mb="0" cb="0" />
      <line nr="1755" mi="0" ci="1" mb="0" cb="0" />
      <line nr="1756" mi="0" ci="1" mb="0" cb="0" />
      <line nr="1760" mi="0" ci="2" mb="0" cb="0" />
      <line nr="1761" mi="0" ci="1" mb="0" cb="0" />
      <line nr="1762" mi="0" ci="1" mb="0" cb="0" />
      <line nr="1766" mi="0" ci="1" mb="0" cb="0" />
      <line nr="1767" mi="0" ci="1" mb="0" cb="0" />
      <line nr="1770" mi="0" ci="1" mb="0" cb="0" />
      <line nr="1771" mi="0" ci="1" mb="0" cb="0" />
      <line nr="1772" mi="0" ci="1" mb="0" cb="0" />
      <line nr="1774" mi="0" ci="2" mb="0" cb="0" />
      <line nr="1775" mi="0" ci="1" mb="0" cb="0" />
      <line nr="1776" mi="0" ci="2" mb="0" cb="0" />
      <line nr="1777" mi="0" ci="1" mb="0" cb="0" />
      <line nr="1780" mi="1" ci="0" mb="0" cb="0" />
      <line nr="1781" mi="1" ci="0" mb="0" cb="0" />
      <line nr="1785" mi="1" ci="0" mb="0" cb="0" />
      <line nr="1786" mi="1" ci="0" mb="0" cb="0" />
      <line nr="1788" mi="1" ci="0" mb="0" cb="0" />
      <line nr="1789" mi="1" ci="0" mb="0" cb="0" />
      <line nr="1792" mi="1" ci="0" mb="0" cb="0" />
      <line nr="1795" mi="1" ci="0" mb="0" cb="0" />
      <line nr="1797" mi="1" ci="0" mb="0" cb="0" />
      <line nr="1798" mi="1" ci="0" mb="0" cb="0" />
      <line nr="1799" mi="1" ci="0" mb="0" cb="0" />
      <line nr="1800" mi="1" ci="0" mb="0" cb="0" />
      <line nr="1801" mi="1" ci="0" mb="0" cb="0" />
      <line nr="1802" mi="1" ci="0" mb="0" cb="0" />
      <line nr="1803" mi="1" ci="0" mb="0" cb="0" />
      <line nr="1804" mi="1" ci="0" mb="0" cb="0" />
      <line nr="1805" mi="4" ci="0" mb="0" cb="0" />
      <line nr="1809" mi="0" ci="1" mb="0" cb="0" />
      <line nr="1810" mi="0" ci="1" mb="0" cb="0" />
      <line nr="1813" mi="0" ci="1" mb="0" cb="0" />
      <line nr="1814" mi="1" ci="0" mb="0" cb="0" />
      <line nr="1841" mi="0" ci="1" mb="0" cb="0" />
      <line nr="1851" mi="0" ci="1" mb="0" cb="0" />
      <line nr="1940" mi="0" ci="1" mb="0" cb="0" />
      <line nr="1941" mi="1" ci="2" mb="0" cb="0" />
      <line nr="1942" mi="1" ci="2" mb="0" cb="0" />
      <line nr="1944" mi="0" ci="1" mb="0" cb="0" />
      <line nr="1954" mi="0" ci="1" mb="0" cb="0" />
      <line nr="1963" mi="0" ci="1" mb="0" cb="0" />
      <line nr="1972" mi="0" ci="1" mb="0" cb="0" />
      <line nr="2022" mi="0" ci="1" mb="0" cb="0" />
      <line nr="2024" mi="0" ci="2" mb="0" cb="0" />
      <line nr="2025" mi="0" ci="1" mb="0" cb="0" />
      <line nr="2028" mi="0" ci="1" mb="0" cb="0" />
      <line nr="2033" mi="0" ci="1" mb="0" cb="0" />
      <line nr="2046" mi="0" ci="2" mb="0" cb="0" />
      <line nr="2048" mi="0" ci="1" mb="0" cb="0" />
      <line nr="2105" mi="0" ci="1" mb="0" cb="0" />
      <line nr="2107" mi="0" ci="2" mb="0" cb="0" />
      <line nr="2108" mi="0" ci="1" mb="0" cb="0" />
      <line nr="2111" mi="0" ci="1" mb="0" cb="0" />
      <line nr="2117" mi="0" ci="1" mb="0" cb="0" />
      <line nr="2130" mi="2" ci="0" mb="0" cb="0" />
      <line nr="2132" mi="1" ci="0" mb="0" cb="0" />
      <line nr="2167" mi="1" ci="0" mb="0" cb="0" />
      <line nr="2200" mi="1" ci="0" mb="0" cb="0" />
      <line nr="2237" mi="2" ci="0" mb="0" cb="0" />
      <line nr="2254" mi="0" ci="2" mb="0" cb="0" />
      <line nr="2318" mi="2" ci="0" mb="0" cb="0" />
      <line nr="2320" mi="1" ci="0" mb="0" cb="0" />
      <line nr="2327" mi="2" ci="0" mb="0" cb="0" />
      <line nr="2330" mi="2" ci="0" mb="0" cb="0" />
      <line nr="2331" mi="1" ci="0" mb="0" cb="0" />
      <line nr="2333" mi="1" ci="0" mb="0" cb="0" />
      <line nr="2341" mi="1" ci="0" mb="0" cb="0" />
      <line nr="2344" mi="1" ci="0" mb="0" cb="0" />
      <line nr="2346" mi="1" ci="0" mb="0" cb="0" />
      <line nr="2348" mi="1" ci="0" mb="0" cb="0" />
      <line nr="2314" mi="0" ci="1" mb="0" cb="0" />
      <line nr="2315" mi="0" ci="1" mb="0" cb="0" />
      <line nr="2369" mi="0" ci="1" mb="0" cb="0" />
      <line nr="2371" mi="0" ci="1" mb="0" cb="0" />
      <line nr="2372" mi="0" ci="1" mb="0" cb="0" />
      <line nr="2373" mi="0" ci="1" mb="0" cb="0" />
      <line nr="2375" mi="0" ci="1" mb="0" cb="0" />
      <line nr="2377" mi="0" ci="1" mb="0" cb="0" />
      <line nr="2378" mi="0" ci="1" mb="0" cb="0" />
      <line nr="2379" mi="0" ci="1" mb="0" cb="0" />
      <line nr="2382" mi="0" ci="1" mb="0" cb="0" />
      <line nr="2383" mi="0" ci="1" mb="0" cb="0" />
      <line nr="2385" mi="0" ci="1" mb="0" cb="0" />
      <line nr="2386" mi="0" ci="1" mb="0" cb="0" />
      <line nr="2397" mi="0" ci="1" mb="0" cb="0" />
      <line nr="2398" mi="0" ci="3" mb="0" cb="0" />
      <line nr="2402" mi="0" ci="1" mb="0" cb="0" />
      <line nr="2403" mi="0" ci="1" mb="0" cb="0" />
      <line nr="2407" mi="0" ci="1" mb="0" cb="0" />
      <line nr="2408" mi="0" ci="2" mb="0" cb="0" />
      <line nr="2410" mi="0" ci="1" mb="0" cb="0" />
      <line nr="2411" mi="0" ci="1" mb="0" cb="0" />
      <line nr="2416" mi="0" ci="3" mb="0" cb="0" />
      <line nr="2418" mi="0" ci="1" mb="0" cb="0" />
      <line nr="2421" mi="0" ci="1" mb="0" cb="0" />
      <line nr="2422" mi="0" ci="2" mb="0" cb="0" />
      <line nr="2424" mi="0" ci="1" mb="0" cb="0" />
      <line nr="2431" mi="0" ci="1" mb="0" cb="0" />
      <line nr="2434" mi="0" ci="1" mb="0" cb="0" />
      <line nr="2436" mi="1" ci="0" mb="0" cb="0" />
      <line nr="2452" mi="0" ci="1" mb="0" cb="0" />
      <line nr="2453" mi="0" ci="1" mb="0" cb="0" />
      <line nr="2454" mi="0" ci="2" mb="0" cb="0" />
      <line nr="2456" mi="0" ci="3" mb="0" cb="0" />
      <line nr="2459" mi="0" ci="1" mb="0" cb="0" />
      <line nr="2461" mi="0" ci="1" mb="0" cb="0" />
      <line nr="2462" mi="0" ci="1" mb="0" cb="0" />
      <line nr="2464" mi="0" ci="1" mb="0" cb="0" />
      <line nr="2465" mi="0" ci="1" mb="0" cb="0" />
      <line nr="2466" mi="0" ci="1" mb="0" cb="0" />
      <line nr="2467" mi="0" ci="1" mb="0" cb="0" />
      <line nr="2468" mi="0" ci="1" mb="0" cb="0" />
      <line nr="2469" mi="0" ci="1" mb="0" cb="0" />
      <line nr="2470" mi="0" ci="1" mb="0" cb="0" />
      <line nr="2473" mi="0" ci="1" mb="0" cb="0" />
      <line nr="2477" mi="0" ci="1" mb="0" cb="0" />
      <line nr="2481" mi="0" ci="1" mb="0" cb="0" />
      <line nr="2486" mi="0" ci="1" mb="0" cb="0" />
      <line nr="2491" mi="0" ci="1" mb="0" cb="0" />
      <line nr="2496" mi="0" ci="1" mb="0" cb="0" />
      <line nr="2497" mi="0" ci="1" mb="0" cb="0" />
      <line nr="2501" mi="0" ci="1" mb="0" cb="0" />
      <line nr="2510" mi="0" ci="1" mb="0" cb="0" />
      <line nr="2512" mi="0" ci="1" mb="0" cb="0" />
      <line nr="2513" mi="0" ci="1" mb="0" cb="0" />
      <line nr="2517" mi="0" ci="1" mb="0" cb="0" />
      <line nr="2521" mi="0" ci="1" mb="0" cb="0" />
      <line nr="2528" mi="0" ci="1" mb="0" cb="0" />
      <line nr="2530" mi="0" ci="1" mb="0" cb="0" />
      <line nr="2531" mi="0" ci="1" mb="0" cb="0" />
      <line nr="2532" mi="0" ci="1" mb="0" cb="0" />
      <line nr="2536" mi="0" ci="1" mb="0" cb="0" />
      <line nr="2537" mi="0" ci="1" mb="0" cb="0" />
      <line nr="2538" mi="0" ci="1" mb="0" cb="0" />
      <line nr="2539" mi="0" ci="1" mb="0" cb="0" />
      <line nr="2540" mi="0" ci="1" mb="0" cb="0" />
      <line nr="2541" mi="0" ci="1" mb="0" cb="0" />
      <line nr="2542" mi="0" ci="1" mb="0" cb="0" />
      <line nr="2543" mi="0" ci="1" mb="0" cb="0" />
      <line nr="2544" mi="0" ci="1" mb="0" cb="0" />
      <line nr="2545" mi="0" ci="1" mb="0" cb="0" />
      <line nr="2546" mi="0" ci="1" mb="0" cb="0" />
      <line nr="2550" mi="0" ci="5" mb="0" cb="0" />
      <line nr="2552" mi="0" ci="1" mb="0" cb="0" />
      <line nr="2553" mi="0" ci="1" mb="0" cb="0" />
      <counter type="INSTRUCTION" missed="64" covered="888" />
      <counter type="LINE" missed="48" covered="723" />
      <counter type="METHOD" missed="6" covered="43" />
      <counter type="CLASS" missed="0" covered="1" />
    </sourcefile>
    <counter type="INSTRUCTION" missed="64" covered="888" />
    <counter type="LINE" missed="48" covered="723" />
    <counter type="METHOD" missed="6" covered="43" />
    <counter type="CLASS" missed="0" covered="1" />
  </package>
  <counter type="INSTRUCTION" missed="64" covered="888" />
  <counter type="LINE" missed="48" covered="723" />
  <counter type="METHOD" missed="6" covered="43" />
  <counter type="CLASS" missed="0" covered="1" />
</report>
