<?xml version="1.0" encoding="utf-8" standalone="no"?>
<test-results xmlns:xsi="http://www.w3.org/2001/XMLSchema-instance" xsi:noNamespaceSchemaLocation="nunit_schema_2.5.xsd" name="Pester" total="187" errors="0" failures="0" not-run="0" inconclusive="0" ignored="0" skipped="0" invalid="0" date="2026-05-06" time="11:48:06">
  <environment user-domain="FISHBALLOON" os-version="10.0.22631" user="vcucc" platform="Microsoft Windows 11 Pro|C:\Windows|\Device\Harddisk1\Partition3" nunit-version="2.5.8.0" machine-name="FISHBALLOON" clr-version="10.0.6" cwd="C:\Users\vcucc\Downloads\WinTaskCrossingGuard-future-adapters-fixed-v5\WinTaskCrossingGuard-future-adapters" />
  <culture-info current-culture="en-US" current-uiculture="en-US" />
  <test-suite type="TestFixture" name="Pester" executed="True" result="Success" success="True" time="12.3811" asserts="0" description="Pester">
    <results>
      <test-suite type="TestFixture" name="C:\Users\vcucc\Downloads\WinTaskCrossingGuard-future-adapters-fixed-v5\WinTaskCrossingGuard-future-adapters\tests\ConfigurationErrorXmlLog.Tests.ps1" executed="True" result="Success" success="True" time="0.6567" asserts="0" description="C:\Users\vcucc\Downloads\WinTaskCrossingGuard-future-adapters-fixed-v5\WinTaskCrossingGuard-future-adapters\tests\ConfigurationErrorXmlLog.Tests.ps1">
        <results>
          <test-suite type="TestFixture" name="Configuration error XML logging" executed="True" result="Success" success="True" time="0.1877" asserts="0" description="Configuration error XML logging">
            <results>
              <test-case description="writes an XML error log that records the configuration error" name="Configuration error XML logging.writes an XML error log that records the configuration error" time="0.151" asserts="0" success="True" result="Success" executed="True" />
            </results>
          </test-suite>
        </results>
      </test-suite>
      <test-suite type="TestFixture" name="C:\Users\vcucc\Downloads\WinTaskCrossingGuard-future-adapters-fixed-v5\WinTaskCrossingGuard-future-adapters\tests\CoverageBranch.Tests.ps1" executed="True" result="Success" success="True" time="0.7861" asserts="0" description="C:\Users\vcucc\Downloads\WinTaskCrossingGuard-future-adapters-fixed-v5\WinTaskCrossingGuard-future-adapters\tests\CoverageBranch.Tests.ps1">
        <results>
          <test-suite type="TestFixture" name="WinTaskCrossingGuard coverage branch tests" executed="True" result="Success" success="True" time="0.6617" asserts="0" description="WinTaskCrossingGuard coverage branch tests">
            <results>
              <test-case description="returns the default object property value when the input object is null" name="WinTaskCrossingGuard coverage branch tests.returns the default object property value when the input object is null" time="0.0177" asserts="0" success="True" result="Success" executed="True" />
              <test-case description="returns false when checking explicit includes against null selection" name="WinTaskCrossingGuard coverage branch tests.returns false when checking explicit includes against null selection" time="0.0137" asserts="0" success="True" result="Success" executed="True" />
              <test-case description="throws when protectedTasks has an empty taskName" name="WinTaskCrossingGuard coverage branch tests.throws when protectedTasks has an empty taskName" time="0.1412" asserts="0" success="True" result="Success" executed="True" />
              <test-case description="throws when .env contains a malformed line without equals" name="WinTaskCrossingGuard coverage branch tests.throws when .env contains a malformed line without equals" time="0.0313" asserts="0" success="True" result="Success" executed="True" />
              <test-case description="throws when .env contains an empty key" name="WinTaskCrossingGuard coverage branch tests.throws when .env contains an empty key" time="0.0243" asserts="0" success="True" result="Success" executed="True" />
              <test-case description="skips log cleanup when logs folder is missing" name="WinTaskCrossingGuard coverage branch tests.skips log cleanup when logs folder is missing" time="0.0451" asserts="0" success="True" result="Success" executed="True" />
              <test-case description="returns disabled mail settings for missing configuration-error selection path" name="WinTaskCrossingGuard coverage branch tests.returns disabled mail settings for missing configuration-error selection path" time="0.0202" asserts="0" success="True" result="Success" executed="True" />
              <test-case description="returns disabled mail settings when configuration-error JSON has no mail block" name="WinTaskCrossingGuard coverage branch tests.returns disabled mail settings when configuration-error JSON has no mail block" time="0.0271" asserts="0" success="True" result="Success" executed="True" />
              <test-case description="uses a single mail entry for configuration-error fallback" name="WinTaskCrossingGuard coverage branch tests.uses a single mail entry for configuration-error fallback" time="0.1001" asserts="0" success="True" result="Success" executed="True" />
              <test-case description="throws when more than two mail event entries are supplied" name="WinTaskCrossingGuard coverage branch tests.throws when more than two mail event entries are supplied" time="0.0271" asserts="0" success="True" result="Success" executed="True" />
              <test-case description="throws when an unsupported mail event value is supplied" name="WinTaskCrossingGuard coverage branch tests.throws when an unsupported mail event value is supplied" time="0.0363" asserts="0" success="True" result="Success" executed="True" />
              <test-case description="returns the plain Mail object when result and error wrappers are absent" name="WinTaskCrossingGuard coverage branch tests.returns the plain Mail object when result and error wrappers are absent" time="0.0429" asserts="0" success="True" result="Success" executed="True" />
              <test-case description="returns false for null mail settings readiness" name="WinTaskCrossingGuard coverage branch tests.returns false for null mail settings readiness" time="0.0125" asserts="0" success="True" result="Success" executed="True" />
              <test-case description="returns an empty attachment list when no attachments are enabled" name="WinTaskCrossingGuard coverage branch tests.returns an empty attachment list when no attachments are enabled" time="0.018" asserts="0" success="True" result="Success" executed="True" />
              <test-case description="throws from direct mail sender when there are no recipients" name="WinTaskCrossingGuard coverage branch tests.throws from direct mail sender when there are no recipients" time="0.0277" asserts="0" success="True" result="Success" executed="True" />
              <test-case description="throws from direct mail sender when an attachment is missing" name="WinTaskCrossingGuard coverage branch tests.throws from direct mail sender when an attachment is missing" time="0.0295" asserts="0" success="True" result="Success" executed="True" />
              <test-case description="builds an error XML log when the error record is plain text-like" name="WinTaskCrossingGuard coverage branch tests.builds an error XML log when the error record is plain text-like" time="0.0427" asserts="0" success="True" result="Success" executed="True" />
            </results>
          </test-suite>
        </results>
      </test-suite>
      <test-suite type="TestFixture" name="C:\Users\vcucc\Downloads\WinTaskCrossingGuard-future-adapters-fixed-v5\WinTaskCrossingGuard-future-adapters\tests\DefaultXmlLogPath.Tests.ps1" executed="True" result="Success" success="True" time="0.2523" asserts="0" description="C:\Users\vcucc\Downloads\WinTaskCrossingGuard-future-adapters-fixed-v5\WinTaskCrossingGuard-future-adapters\tests\DefaultXmlLogPath.Tests.ps1">
        <results>
          <test-suite type="TestFixture" name="Default XML log path behavior" executed="True" result="Success" success="True" time="0.137" asserts="0" description="Default XML log path behavior">
            <results>
              <test-case description="resolves an empty XML log path to logs folder with current date/time filename" name="Default XML log path behavior.resolves an empty XML log path to logs folder with current date/time filename" time="0.0165" asserts="0" success="True" result="Success" executed="True" />
              <test-case description="keeps the provided XML log path unchanged" name="Default XML log path behavior.keeps the provided XML log path unchanged" time="0.0117" asserts="0" success="True" result="Success" executed="True" />
              <test-case description="writes to logs folder with timestamp when Write-WtcgDisableXmlLog receives no path" name="Default XML log path behavior.writes to logs folder with timestamp when Write-WtcgDisableXmlLog receives no path" time="0.1054" asserts="0" success="True" result="Success" executed="True" />
            </results>
          </test-suite>
        </results>
      </test-suite>
      <test-suite type="TestFixture" name="C:\Users\vcucc\Downloads\WinTaskCrossingGuard-future-adapters-fixed-v5\WinTaskCrossingGuard-future-adapters\tests\EmailNotifications.Tests.ps1" executed="True" result="Success" success="True" time="1.2911" asserts="0" description="C:\Users\vcucc\Downloads\WinTaskCrossingGuard-future-adapters-fixed-v5\WinTaskCrossingGuard-future-adapters\tests\EmailNotifications.Tests.ps1">
        <results>
          <test-suite type="TestFixture" name="WinTaskCrossingGuard email body helpers" executed="True" result="Success" success="True" time="1.1793" asserts="0" description="WinTaskCrossingGuard email body helpers">
            <results>
              <test-case description="builds a log-generated email body that references the XML log" name="WinTaskCrossingGuard email body helpers.builds a log-generated email body that references the XML log" time="0.0158" asserts="0" success="True" result="Success" executed="True" />
              <test-case description="builds an error email body that references the XML log and error message" name="WinTaskCrossingGuard email body helpers.builds an error email body that references the XML log and error message" time="0.02" asserts="0" success="True" result="Success" executed="True" />
              <test-case description="log-generated notification attempts to attach the XML log when requested" name="WinTaskCrossingGuard email body helpers.log-generated notification attempts to attach the XML log when requested" time="0.3938" asserts="0" success="True" result="Success" executed="True" />
              <test-case description="error notification attempts to attach the XML log when requested" name="WinTaskCrossingGuard email body helpers.error notification attempts to attach the XML log when requested" time="0.26" asserts="0" success="True" result="Success" executed="True" />
              <test-case description="notification helpers warn instead of throwing when email send fails by default" name="WinTaskCrossingGuard email body helpers.notification helpers warn instead of throwing when email send fails by default" time="0.2535" asserts="0" success="True" result="Success" executed="True" />
              <test-case description="notification helpers can fail the operation when FailOnEmailError is set" name="WinTaskCrossingGuard email body helpers.notification helpers can fail the operation when FailOnEmailError is set" time="0.2327" asserts="0" success="True" result="Success" executed="True" />
            </results>
          </test-suite>
        </results>
      </test-suite>
      <test-suite type="TestFixture" name="C:\Users\vcucc\Downloads\WinTaskCrossingGuard-future-adapters-fixed-v5\WinTaskCrossingGuard-future-adapters\tests\EmergencyRestoreLatest.Tests.ps1" executed="True" result="Success" success="True" time="0.8247" asserts="0" description="C:\Users\vcucc\Downloads\WinTaskCrossingGuard-future-adapters-fixed-v5\WinTaskCrossingGuard-future-adapters\tests\EmergencyRestoreLatest.Tests.ps1">
        <results>
          <test-suite type="TestFixture" name="Emergency restore latest artifact discovery" executed="True" result="Success" success="True" time="0.7264" asserts="0" description="Emergency restore latest artifact discovery">
            <results>
              <test-case description="finds the newest restorable identity or manifest JSON file under the run root" name="Emergency restore latest artifact discovery.finds the newest restorable identity or manifest JSON file under the run root" time="0.5133" asserts="0" success="True" result="Success" executed="True" />
              <test-case description="imports only tasks that were originally enabled and disabled by this suite run" name="Emergency restore latest artifact discovery.imports only tasks that were originally enabled and disabled by this suite run" time="0.2021" asserts="0" success="True" result="Success" executed="True" />
              <test-case description="ships a root wrapper for the emergency restore script" name="Emergency restore latest artifact discovery.ships a root wrapper for the emergency restore script" time="0.0078" asserts="0" success="True" result="Success" executed="True" />
            </results>
          </test-suite>
        </results>
      </test-suite>
      <test-suite type="TestFixture" name="C:\Users\vcucc\Downloads\WinTaskCrossingGuard-future-adapters-fixed-v5\WinTaskCrossingGuard-future-adapters\tests\JsonlLogging.Tests.ps1" executed="True" result="Success" success="True" time="0.4683" asserts="0" description="C:\Users\vcucc\Downloads\WinTaskCrossingGuard-future-adapters-fixed-v5\WinTaskCrossingGuard-future-adapters\tests\JsonlLogging.Tests.ps1">
        <results>
          <test-suite type="TestFixture" name="SIEM-friendly JSONL logging" executed="True" result="Success" success="True" time="0.376" asserts="0" description="SIEM-friendly JSONL logging">
            <results>
              <test-case description="resolves an empty JSONL log path to the streamablelogs folder" name="SIEM-friendly JSONL logging.resolves an empty JSONL log path to the streamablelogs folder" time="0.0141" asserts="0" success="True" result="Success" executed="True" />
              <test-case description="writes disable actions as newline-delimited JSON events" name="SIEM-friendly JSONL logging.writes disable actions as newline-delimited JSON events" time="0.1552" asserts="0" success="True" result="Success" executed="True" />
              <test-case description="writes re-enable actions as JSONL events" name="SIEM-friendly JSONL logging.writes re-enable actions as JSONL events" time="0.057" asserts="0" success="True" result="Success" executed="True" />
              <test-case description="writes error actions as JSONL events" name="SIEM-friendly JSONL logging.writes error actions as JSONL events" time="0.0418" asserts="0" success="True" result="Success" executed="True" />
              <test-case description="writes notification actions as JSONL events" name="SIEM-friendly JSONL logging.writes notification actions as JSONL events" time="0.0526" asserts="0" success="True" result="Success" executed="True" />
              <test-case description="cleans up old JSONL files when requested with a JSONL filter" name="SIEM-friendly JSONL logging.cleans up old JSONL files when requested with a JSONL filter" time="0.0519" asserts="0" success="True" result="Success" executed="True" />
            </results>
          </test-suite>
        </results>
      </test-suite>
      <test-suite type="TestFixture" name="C:\Users\vcucc\Downloads\WinTaskCrossingGuard-future-adapters-fixed-v5\WinTaskCrossingGuard-future-adapters\tests\JsonMailConfig.Tests.ps1" executed="True" result="Success" success="True" time="0.7873" asserts="0" description="C:\Users\vcucc\Downloads\WinTaskCrossingGuard-future-adapters-fixed-v5\WinTaskCrossingGuard-future-adapters\tests\JsonMailConfig.Tests.ps1">
        <results>
          <test-suite type="TestFixture" name="JSON mail configuration" executed="True" result="Success" success="True" time="0.6987" asserts="0" description="JSON mail configuration">
            <results>
              <test-case description="imports mail settings from SelectionPath JSON" name="JSON mail configuration.imports mail settings from SelectionPath JSON" time="0.2093" asserts="0" success="True" result="Success" executed="True" />
              <test-case description="treats missing mail settings as disabled" name="JSON mail configuration.treats missing mail settings as disabled" time="0.03" asserts="0" success="True" result="Success" executed="True" />
              <test-case description="builds attachment list from JSON mail settings for XML log and identity file" name="JSON mail configuration.builds attachment list from JSON mail settings for XML log and identity file" time="0.0651" asserts="0" success="True" result="Success" executed="True" />
              <test-case description="does not attach identity file when attachIdentityFile is false" name="JSON mail configuration.does not attach identity file when attachIdentityFile is false" time="0.0644" asserts="0" success="True" result="Success" executed="True" />
              <test-case description="dispatches log-generated notification from JSON settings with configured attachments" name="JSON mail configuration.dispatches log-generated notification from JSON settings with configured attachments" time="0.2123" asserts="0" success="True" result="Success" executed="True" />
              <test-case description="dispatches error notification from JSON settings with configured attachments" name="JSON mail configuration.dispatches error notification from JSON settings with configured attachments" time="0.1143" asserts="0" success="True" result="Success" executed="True" />
            </results>
          </test-suite>
        </results>
      </test-suite>
      <test-suite type="TestFixture" name="C:\Users\vcucc\Downloads\WinTaskCrossingGuard-future-adapters-fixed-v5\WinTaskCrossingGuard-future-adapters\tests\LogRetentionEnv.Tests.ps1" executed="True" result="Success" success="True" time="0.1519" asserts="0" description="C:\Users\vcucc\Downloads\WinTaskCrossingGuard-future-adapters-fixed-v5\WinTaskCrossingGuard-future-adapters\tests\LogRetentionEnv.Tests.ps1">
        <results>
          <test-suite type="TestFixture" name=".env log retention cleanup" executed="True" result="Success" success="True" time="0.1141" asserts="0" description=".env log retention cleanup">
            <results>
              <test-case description="imports KEY=VALUE pairs from a .env file and ignores comments/blanks" name=".env log retention cleanup.imports KEY=VALUE pairs from a .env file and ignores comments/blanks" time="0.019" asserts="0" success="True" result="Success" executed="True" />
              <test-case description="returns null when LOG_RETENTION is not configured" name=".env log retention cleanup.returns null when LOG_RETENTION is not configured" time="0.0155" asserts="0" success="True" result="Success" executed="True" />
              <test-case description="throws when LOG_RETENTION is not a whole number" name=".env log retention cleanup.throws when LOG_RETENTION is not a whole number" time="0.0147" asserts="0" success="True" result="Success" executed="True" />
              <test-case description="throws when LOG_RETENTION is negative" name=".env log retention cleanup.throws when LOG_RETENTION is negative" time="0.0186" asserts="0" success="True" result="Success" executed="True" />
              <test-case description="deletes XML logs older than LOG_RETENTION days and keeps newer XML logs" name=".env log retention cleanup.deletes XML logs older than LOG_RETENTION days and keeps newer XML logs" time="0.0289" asserts="0" success="True" result="Success" executed="True" />
              <test-case description="skips cleanup when .env file is missing" name=".env log retention cleanup.skips cleanup when .env file is missing" time="0.0142" asserts="0" success="True" result="Success" executed="True" />
            </results>
          </test-suite>
        </results>
      </test-suite>
      <test-suite type="TestFixture" name="C:\Users\vcucc\Downloads\WinTaskCrossingGuard-future-adapters-fixed-v5\WinTaskCrossingGuard-future-adapters\tests\RunFolderLayout.Tests.ps1" executed="True" result="Success" success="True" time="0.3128" asserts="0" description="C:\Users\vcucc\Downloads\WinTaskCrossingGuard-future-adapters-fixed-v5\WinTaskCrossingGuard-future-adapters\tests\RunFolderLayout.Tests.ps1">
        <results>
          <test-suite type="TestFixture" name="Central run folder and run ID" executed="True" result="Success" success="True" time="0.2692" asserts="0" description="Central run folder and run ID">
            <results>
              <test-case description="creates a unique run folder with the expected artifact subfolders and run-info file" name="Central run folder and run ID.creates a unique run folder with the expected artifact subfolders and run-info file" time="0.0557" asserts="0" success="True" result="Success" executed="True" />
              <test-case description="resolves artifacts into the central run folder layout" name="Central run folder and run ID.resolves artifacts into the central run folder layout" time="0.0628" asserts="0" success="True" result="Success" executed="True" />
              <test-case description="adds run correlation fields to manifests, reports, XML logs, and JSONL events" name="Central run folder and run ID.adds run correlation fields to manifests, reports, XML logs, and JSONL events" time="0.1478" asserts="0" success="True" result="Success" executed="True" />
            </results>
          </test-suite>
        </results>
      </test-suite>
      <test-suite type="TestFixture" name="C:\Users\vcucc\Downloads\WinTaskCrossingGuard-future-adapters-fixed-v5\WinTaskCrossingGuard-future-adapters\tests\SafetyAllowListProtectedTasks.Tests.ps1" executed="True" result="Success" success="True" time="1.0135" asserts="0" description="C:\Users\vcucc\Downloads\WinTaskCrossingGuard-future-adapters-fixed-v5\WinTaskCrossingGuard-future-adapters\tests\SafetyAllowListProtectedTasks.Tests.ps1">
        <results>
          <test-suite type="TestFixture" name="Safety allow-list mode" executed="True" result="Success" success="True" time="0.5376" asserts="0" description="Safety allow-list mode">
            <results>
              <test-case description="imports safetyAllowListMode from SelectionPath JSON" name="Safety allow-list mode.imports safetyAllowListMode from SelectionPath JSON" time="0.0419" asserts="0" success="True" result="Success" executed="True" />
              <test-case description="throws before scanning when safety allow-list mode is enabled without includes" name="Safety allow-list mode.throws before scanning when safety allow-list mode is enabled without includes" time="0.1026" asserts="0" success="True" result="Success" executed="True" />
              <test-case description="allows scanning when safety allow-list mode has includeTasks" name="Safety allow-list mode.allows scanning when safety allow-list mode has includeTasks" time="0.1914" asserts="0" success="True" result="Success" executed="True" />
              <test-case description="allows scanning when safety allow-list mode has includeFolders" name="Safety allow-list mode.allows scanning when safety allow-list mode has includeFolders" time="0.1839" asserts="0" success="True" result="Success" executed="True" />
              <test-case description="directly allows explicit includes through Assert-WtcgSafetyAllowListSatisfied" name="Safety allow-list mode.directly allows explicit includes through Assert-WtcgSafetyAllowListSatisfied" time="0.0147" asserts="0" success="True" result="Success" executed="True" />
            </results>
          </test-suite>
          <test-suite type="TestFixture" name="Protected never-disable task policy" executed="True" result="Success" success="True" time="0.9746" asserts="0" description="Protected never-disable task policy">
            <results>
              <test-case description="returns built-in protected folder selections" name="Protected never-disable task policy.returns built-in protected folder selections" time="0.0399" asserts="0" success="True" result="Success" executed="True" />
              <test-case description="treats Microsoft UpdateOrchestrator tasks as protected by default" name="Protected never-disable task policy.treats Microsoft UpdateOrchestrator tasks as protected by default" time="0.0412" asserts="0" success="True" result="Success" executed="True" />
              <test-case description="lets callers disable the built-in protected task list explicitly" name="Protected never-disable task policy.lets callers disable the built-in protected task list explicitly" time="0.0404" asserts="0" success="True" result="Success" executed="True" />
              <test-case description="treats user-defined protected folders as protected" name="Protected never-disable task policy.treats user-defined protected folders as protected" time="0.065" asserts="0" success="True" result="Success" executed="True" />
              <test-case description="treats user-defined protected tasks as protected by wildcard name" name="Protected never-disable task policy.treats user-defined protected tasks as protected by wildcard name" time="0.0443" asserts="0" success="True" result="Success" executed="True" />
              <test-case description="protected tasks are blocked even when explicitly included" name="Protected never-disable task policy.protected tasks are blocked even when explicitly included" time="0.0425" asserts="0" success="True" result="Success" executed="True" />
              <test-case description="candidate discovery filters out built-in protected tasks" name="Protected never-disable task policy.candidate discovery filters out built-in protected tasks" time="0.1178" asserts="0" success="True" result="Success" executed="True" />
              <test-case description="imports protectedFolders and protectedTasks from SelectionPath JSON" name="Protected never-disable task policy.imports protectedFolders and protectedTasks from SelectionPath JSON" time="0.0431" asserts="0" success="True" result="Success" executed="True" />
            </results>
          </test-suite>
        </results>
      </test-suite>
      <test-suite type="TestFixture" name="C:\Users\vcucc\Downloads\WinTaskCrossingGuard-future-adapters-fixed-v5\WinTaskCrossingGuard-future-adapters\tests\ScheduledReenable.Tests.ps1" executed="True" result="Success" success="True" time="2.208" asserts="0" description="C:\Users\vcucc\Downloads\WinTaskCrossingGuard-future-adapters-fixed-v5\WinTaskCrossingGuard-future-adapters\tests\ScheduledReenable.Tests.ps1">
        <results>
          <test-suite type="TestFixture" name="Disable-WtcgTasksInWindowAndScheduleReenable orchestration" executed="True" result="Success" success="True" time="2.1664" asserts="0" description="Disable-WtcgTasksInWindowAndScheduleReenable orchestration">
            <results>
              <test-case description="finds tasks, disables them, writes identities, and creates a re-enable scheduled task when one does not exist" name="Disable-WtcgTasksInWindowAndScheduleReenable orchestration.finds tasks, disables them, writes identities, and creates a re-enable scheduled task when one does not exist" time="0.8042" asserts="0" success="True" result="Success" executed="True" />
              <test-case description="blocks a new run when the configured re-enable task is still active" name="Disable-WtcgTasksInWindowAndScheduleReenable orchestration.blocks a new run when the configured re-enable task is still active" time="0.5072" asserts="0" success="True" result="Success" executed="True" />
              <test-case description="detects an overlapping manifest-backed active prior run in the re-enable folder" name="Disable-WtcgTasksInWindowAndScheduleReenable orchestration.detects an overlapping manifest-backed active prior run in the re-enable folder" time="0.0836" asserts="0" success="True" result="Success" executed="True" />
              <test-case description="updates the existing re-enable scheduled task trigger when the existing task is stale" name="Disable-WtcgTasksInWindowAndScheduleReenable orchestration.updates the existing re-enable scheduled task trigger when the existing task is stale" time="0.3865" asserts="0" success="True" result="Success" executed="True" />
              <test-case description="returns without disabling or scheduling when no tasks are inside the window" name="Disable-WtcgTasksInWindowAndScheduleReenable orchestration.returns without disabling or scheduling when no tasks are inside the window" time="0.1392" asserts="0" success="True" result="Success" executed="True" />
              <test-case description="supports WhatIf so tasks are found and identities are exported without disabling or scheduling" name="Disable-WtcgTasksInWindowAndScheduleReenable orchestration.supports WhatIf so tasks are found and identities are exported without disabling or scheduling" time="0.2427" asserts="0" success="True" result="Success" executed="True" />
            </results>
          </test-suite>
        </results>
      </test-suite>
      <test-suite type="TestFixture" name="C:\Users\vcucc\Downloads\WinTaskCrossingGuard-future-adapters-fixed-v5\WinTaskCrossingGuard-future-adapters\tests\SplitJsonMailConfig.Tests.ps1" executed="True" result="Success" success="True" time="0.1913" asserts="0" description="C:\Users\vcucc\Downloads\WinTaskCrossingGuard-future-adapters-fixed-v5\WinTaskCrossingGuard-future-adapters\tests\SplitJsonMailConfig.Tests.ps1">
        <results>
          <test-suite type="TestFixture" name="Strict split JSON mail configuration" executed="True" result="Success" success="True" time="0.1652" asserts="0" description="Strict split JSON mail configuration">
            <results>
              <test-case description="directly accepts one result and one error event through Assert-WtcgMailEventSettings" name="Strict split JSON mail configuration.directly accepts one result and one error event through Assert-WtcgMailEventSettings" time="0.0161" asserts="0" success="True" result="Success" executed="True" />
              <test-case description="uses one mail entry for both result and error notifications" name="Strict split JSON mail configuration.uses one mail entry for both result and error notifications" time="0.0181" asserts="0" success="True" result="Success" executed="True" />
              <test-case description="uses separate result and error entries when event values are provided" name="Strict split JSON mail configuration.uses separate result and error entries when event values are provided" time="0.0334" asserts="0" success="True" result="Success" executed="True" />
              <test-case description="throws when two mail entries are provided and one is missing event" name="Strict split JSON mail configuration.throws when two mail entries are provided and one is missing event" time="0.0113" asserts="0" success="True" result="Success" executed="True" />
              <test-case description="throws when two mail entries do not contain exactly one result and one error event" name="Strict split JSON mail configuration.throws when two mail entries do not contain exactly one result and one error event" time="0.0133" asserts="0" success="True" result="Success" executed="True" />
              <test-case description="imports split mail settings from SelectionPath JSON when events are valid" name="Strict split JSON mail configuration.imports split mail settings from SelectionPath JSON when events are valid" time="0.0498" asserts="0" success="True" result="Success" executed="True" />
              <test-case description="imports fallback error mail settings for configuration errors" name="Strict split JSON mail configuration.imports fallback error mail settings for configuration errors" time="0.0204" asserts="0" success="True" result="Success" executed="True" />
            </results>
          </test-suite>
        </results>
      </test-suite>
      <test-suite type="TestFixture" name="C:\Users\vcucc\Downloads\WinTaskCrossingGuard-future-adapters-fixed-v5\WinTaskCrossingGuard-future-adapters\tests\TelemetryExport.Tests.ps1" executed="True" result="Success" success="True" time="1.4786" asserts="0" description="C:\Users\vcucc\Downloads\WinTaskCrossingGuard-future-adapters-fixed-v5\WinTaskCrossingGuard-future-adapters\tests\TelemetryExport.Tests.ps1">
        <results>
          <test-suite type="TestFixture" name="Telemetry export Stage 1 configuration and payload building" executed="True" result="Success" success="True" time="0.3161" asserts="0" description="Telemetry export Stage 1 configuration and payload building">
            <results>
              <test-case description="imports telemetry and Elasticsearch settings from .env" name="Telemetry export Stage 1 configuration and payload building.imports telemetry and Elasticsearch settings from .env" time="0.0918" asserts="0" success="True" result="Success" executed="True" />
              <test-case description="uses safe telemetry defaults when .env is missing" name="Telemetry export Stage 1 configuration and payload building.uses safe telemetry defaults when .env is missing" time="0.063" asserts="0" success="True" result="Success" executed="True" />
              <test-case description="throws for unsupported Elasticsearch auth type" name="Telemetry export Stage 1 configuration and payload building.throws for unsupported Elasticsearch auth type" time="0.027" asserts="0" success="True" result="Success" executed="True" />
              <test-case description="imports newline-delimited JSON events from a JSONL file" name="Telemetry export Stage 1 configuration and payload building.imports newline-delimited JSON events from a JSONL file" time="0.0111" asserts="0" success="True" result="Success" executed="True" />
              <test-case description="builds an Elasticsearch bulk NDJSON payload from JSONL events" name="Telemetry export Stage 1 configuration and payload building.builds an Elasticsearch bulk NDJSON payload from JSONL events" time="0.0304" asserts="0" success="True" result="Success" executed="True" />
              <test-case description="builds an index bulk payload from piped event objects" name="Telemetry export Stage 1 configuration and payload building.builds an index bulk payload from piped event objects" time="0.0217" asserts="0" success="True" result="Success" executed="True" />
              <test-case description="does not include configured secrets in generated bulk payloads" name="Telemetry export Stage 1 configuration and payload building.does not include configured secrets in generated bulk payloads" time="0.0684" asserts="0" success="True" result="Success" executed="True" />
            </results>
          </test-suite>
          <test-suite type="TestFixture" name="Telemetry export Stage 2 generic HTTP sender" executed="True" result="Success" success="True" time="0.5568" asserts="0" description="Telemetry export Stage 2 generic HTTP sender">
            <results>
              <test-case description="imports generic HTTP telemetry settings from .env" name="Telemetry export Stage 2 generic HTTP sender.imports generic HTTP telemetry settings from .env" time="0.0777" asserts="0" success="True" result="Success" executed="True" />
              <test-case description="builds HTTP headers from static entries and an auth header" name="Telemetry export Stage 2 generic HTTP sender.builds HTTP headers from static entries and an auth header" time="0.0118" asserts="0" success="True" result="Success" executed="True" />
              <test-case description="sends a generic HTTP payload with timeout headers and TLS option without returning header secrets" name="Telemetry export Stage 2 generic HTTP sender.sends a generic HTTP payload with timeout headers and TLS option without returning header secrets" time="0.0362" asserts="0" success="True" result="Success" executed="True" />
              <test-case description="retries transient HTTP sender failures before succeeding" name="Telemetry export Stage 2 generic HTTP sender.retries transient HTTP sender failures before succeeding" time="0.0371" asserts="0" success="True" result="Success" executed="True" />
              <test-case description="returns a sanitized failure result when sending fails and fail-on-error is disabled" name="Telemetry export Stage 2 generic HTTP sender.returns a sanitized failure result when sending fails and fail-on-error is disabled" time="0.0311" asserts="0" success="True" result="Success" executed="True" />
              <test-case description="throws when sending fails and fail-on-error is enabled" name="Telemetry export Stage 2 generic HTTP sender.throws when sending fails and fail-on-error is enabled" time="0.018" asserts="0" success="True" result="Success" executed="True" />
              <test-case description="passes SkipCertificateCheck to Invoke-RestMethod when insecure TLS is allowed on PowerShell 7+" name="Telemetry export Stage 2 generic HTTP sender.passes SkipCertificateCheck to Invoke-RestMethod when insecure TLS is allowed on PowerShell 7+" time="0.0263" asserts="0" success="True" result="Success" executed="True" />
            </results>
          </test-suite>
          <test-suite type="TestFixture" name="Telemetry export Stage 4 workflow integration helpers" executed="True" result="Success" success="True" time="1.0042" asserts="0" description="Telemetry export Stage 4 workflow integration helpers">
            <results>
              <test-case description="exports JSONL events to the generic HTTP sink and writes a run report without secrets" name="Telemetry export Stage 4 workflow integration helpers.exports JSONL events to the generic HTTP sink and writes a run report without secrets" time="0.1555" asserts="0" success="True" result="Success" executed="True" />
              <test-case description="exports JSONL events to Elasticsearch bulk endpoint using NDJSON and sanitized reports" name="Telemetry export Stage 4 workflow integration helpers.exports JSONL events to Elasticsearch bulk endpoint using NDJSON and sanitized reports" time="0.1154" asserts="0" success="True" result="Success" executed="True" />
              <test-case description="writes an export error report when a configured sink fails non-fatally" name="Telemetry export Stage 4 workflow integration helpers.writes an export error report when a configured sink fails non-fatally" time="0.1008" asserts="0" success="True" result="Success" executed="True" />
              <test-case description="does not send or write a report when telemetry is disabled" name="Telemetry export Stage 4 workflow integration helpers.does not send or write a report when telemetry is disabled" time="0.0732" asserts="0" success="True" result="Success" executed="True" />
            </results>
          </test-suite>
          <test-suite type="TestFixture" name="Telemetry export Stage 6 future adapters" executed="True" result="Success" success="True" time="1.3882" asserts="0" description="Telemetry export Stage 6 future adapters">
            <results>
              <test-case description="imports Datadog Splunk Azure Monitor and Logstash settings from .env" name="Telemetry export Stage 6 future adapters.imports Datadog Splunk Azure Monitor and Logstash settings from .env" time="0.0743" asserts="0" success="True" result="Success" executed="True" />
              <test-case description="builds Datadog log payloads without exposing the API key" name="Telemetry export Stage 6 future adapters.builds Datadog log payloads without exposing the API key" time="0.0178" asserts="0" success="True" result="Success" executed="True" />
              <test-case description="builds Splunk HEC payloads and auth headers" name="Telemetry export Stage 6 future adapters.builds Splunk HEC payloads and auth headers" time="0.079" asserts="0" success="True" result="Success" executed="True" />
              <test-case description="builds Azure Monitor Logs Ingestion payloads and URI" name="Telemetry export Stage 6 future adapters.builds Azure Monitor Logs Ingestion payloads and URI" time="0.0264" asserts="0" success="True" result="Success" executed="True" />
              <test-case description="exports to Datadog Splunk Azure Monitor and Logstash using sanitized report results" name="Telemetry export Stage 6 future adapters.exports to Datadog Splunk Azure Monitor and Logstash using sanitized report results" time="0.1836" asserts="0" success="True" result="Success" executed="True" />
            </results>
          </test-suite>
        </results>
      </test-suite>
      <test-suite type="TestFixture" name="C:\Users\vcucc\Downloads\WinTaskCrossingGuard-future-adapters-fixed-v5\WinTaskCrossingGuard-future-adapters\tests\UnitCoverageRecovery.Tests.ps1" executed="True" result="Success" success="True" time="0.5438" asserts="0" description="C:\Users\vcucc\Downloads\WinTaskCrossingGuard-future-adapters-fixed-v5\WinTaskCrossingGuard-future-adapters\tests\UnitCoverageRecovery.Tests.ps1">
        <results>
          <test-suite type="TestFixture" name="WinTaskCrossingGuard coverage recovery tests" executed="True" result="Success" success="True" time="0.5194" asserts="0" description="WinTaskCrossingGuard coverage recovery tests">
            <results>
              <test-case description="returns null for unreadable restore artifact JSON candidates" name="WinTaskCrossingGuard coverage recovery tests.returns null for unreadable restore artifact JSON candidates" time="0.0131" asserts="0" success="True" result="Success" executed="True" />
              <test-case description="infers restore run metadata from the manifests folder when payload fields are absent" name="WinTaskCrossingGuard coverage recovery tests.infers restore run metadata from the manifests folder when payload fields are absent" time="0.0151" asserts="0" success="True" result="Success" executed="True" />
              <test-case description="uses RunRootPath when finding the latest restore artifact without SearchPath" name="WinTaskCrossingGuard coverage recovery tests.uses RunRootPath when finding the latest restore artifact without SearchPath" time="0.0182" asserts="0" success="True" result="Success" executed="True" />
              <test-case description="throws for invalid boolean text" name="WinTaskCrossingGuard coverage recovery tests.throws for invalid boolean text" time="0.0087" asserts="0" success="True" result="Success" executed="True" />
              <test-case description="converts array values to a trimmed string list while removing blanks" name="WinTaskCrossingGuard coverage recovery tests.converts array values to a trimmed string list while removing blanks" time="0.0186" asserts="0" success="True" result="Success" executed="True" />
              <test-case description="throws for invalid telemetry numeric settings" name="WinTaskCrossingGuard coverage recovery tests.throws for invalid telemetry numeric settings" time="0.0504" asserts="0" success="True" result="Success" executed="True" />
              <test-case description="uses defaults when optional telemetry names are blank" name="WinTaskCrossingGuard coverage recovery tests.uses defaults when optional telemetry names are blank" time="0.0438" asserts="0" success="True" result="Success" executed="True" />
              <test-case description="throws for unsupported generic HTTP telemetry method and format" name="WinTaskCrossingGuard coverage recovery tests.throws for unsupported generic HTTP telemetry method and format" time="0.0455" asserts="0" success="True" result="Success" executed="True" />
              <test-case description="throws when importing a missing JSONL event file" name="WinTaskCrossingGuard coverage recovery tests.throws when importing a missing JSONL event file" time="0.0114" asserts="0" success="True" result="Success" executed="True" />
              <test-case description="throws with the line number when importing invalid JSONL content" name="WinTaskCrossingGuard coverage recovery tests.throws with the line number when importing invalid JSONL content" time="0.0102" asserts="0" success="True" result="Success" executed="True" />
              <test-case description="returns an empty bulk payload when no telemetry events are supplied" name="WinTaskCrossingGuard coverage recovery tests.returns an empty bulk payload when no telemetry events are supplied" time="0.0087" asserts="0" success="True" result="Success" executed="True" />
              <test-case description="accepts string telemetry events when building Elasticsearch bulk payloads" name="WinTaskCrossingGuard coverage recovery tests.accepts string telemetry events when building Elasticsearch bulk payloads" time="0.0121" asserts="0" success="True" result="Success" executed="True" />
              <test-case description="builds HTTP headers from hashtable entries" name="WinTaskCrossingGuard coverage recovery tests.builds HTTP headers from hashtable entries" time="0.0094" asserts="0" success="True" result="Success" executed="True" />
              <test-case description="throws when an HTTP header entry is malformed" name="WinTaskCrossingGuard coverage recovery tests.throws when an HTTP header entry is malformed" time="0.0091" asserts="0" success="True" result="Success" executed="True" />
              <test-case description="builds Elasticsearch authorization headers without leaking blanks" name="WinTaskCrossingGuard coverage recovery tests.builds Elasticsearch authorization headers without leaking blanks" time="0.0129" asserts="0" success="True" result="Success" executed="True" />
              <test-case description="falls back cleanly when sanitizing an invalid telemetry result URI" name="WinTaskCrossingGuard coverage recovery tests.falls back cleanly when sanitizing an invalid telemetry result URI" time="0.0092" asserts="0" success="True" result="Success" executed="True" />
              <test-case description="reports configured telemetry sinks that are enabled without required URIs" name="WinTaskCrossingGuard coverage recovery tests.reports configured telemetry sinks that are enabled without required URIs" time="0.0674" asserts="0" success="True" result="Success" executed="True" />
              <test-case description="skips telemetry export when no configured sinks are enabled" name="WinTaskCrossingGuard coverage recovery tests.skips telemetry export when no configured sinks are enabled" time="0.0515" asserts="0" success="True" result="Success" executed="True" />
              <test-case description="writes a telemetry error report when export throws and fail-on-error is disabled" name="WinTaskCrossingGuard coverage recovery tests.writes a telemetry error report when export throws and fail-on-error is disabled" time="0.0666" asserts="0" success="True" result="Success" executed="True" />
              <test-case description="skips direct Windows event log writes on non-Windows platforms" name="WinTaskCrossingGuard coverage recovery tests.skips direct Windows event log writes on non-Windows platforms" time="0.0161" asserts="0" success="True" result="Success" executed="True" />
              <test-case description="skips direct Windows event log writes when the source cannot be ensured" name="WinTaskCrossingGuard coverage recovery tests.skips direct Windows event log writes when the source cannot be ensured" time="0.0181" asserts="0" success="True" result="Success" executed="True" />
            </results>
          </test-suite>
        </results>
      </test-suite>
      <test-suite type="TestFixture" name="C:\Users\vcucc\Downloads\WinTaskCrossingGuard-future-adapters-fixed-v5\WinTaskCrossingGuard-future-adapters\tests\WebhookNotifications.Tests.ps1" executed="True" result="Success" success="True" time="0.1774" asserts="0" description="C:\Users\vcucc\Downloads\WinTaskCrossingGuard-future-adapters-fixed-v5\WinTaskCrossingGuard-future-adapters\tests\WebhookNotifications.Tests.ps1">
        <results>
          <test-suite type="TestFixture" name="Webhook and ChatOps notifications" executed="True" result="Success" success="True" time="0.1565" asserts="0" description="Webhook and ChatOps notifications">
            <results>
              <test-case description="imports Teams, Slack, and Discord webhook settings from .env" name="Webhook and ChatOps notifications.imports Teams, Slack, and Discord webhook settings from .env" time="0.0363" asserts="0" success="True" result="Success" executed="True" />
              <test-case description="builds provider-specific payload shapes" name="Webhook and ChatOps notifications.builds provider-specific payload shapes" time="0.0129" asserts="0" success="True" result="Success" executed="True" />
              <test-case description="sends enabled result webhooks and writes JSONL notification audit events" name="Webhook and ChatOps notifications.sends enabled result webhooks and writes JSONL notification audit events" time="0.0649" asserts="0" success="True" result="Success" executed="True" />
              <test-case description="does not throw on webhook failure unless fail-on-error is enabled" name="Webhook and ChatOps notifications.does not throw on webhook failure unless fail-on-error is enabled" time="0.0399" asserts="0" success="True" result="Success" executed="True" />
            </results>
          </test-suite>
        </results>
      </test-suite>
      <test-suite type="TestFixture" name="C:\Users\vcucc\Downloads\WinTaskCrossingGuard-future-adapters-fixed-v5\WinTaskCrossingGuard-future-adapters\tests\WindowsEventLog.Tests.ps1" executed="True" result="Success" success="True" time="0.0706" asserts="0" description="C:\Users\vcucc\Downloads\WinTaskCrossingGuard-future-adapters-fixed-v5\WinTaskCrossingGuard-future-adapters\tests\WindowsEventLog.Tests.ps1">
        <results>
          <test-suite type="TestFixture" name="Windows Event Log audit integration" executed="True" result="Success" success="True" time="0.052" asserts="0" description="Windows Event Log audit integration">
            <results>
              <test-case description="formats audit events for the WinTaskCrossingGuard source" name="Windows Event Log audit integration.formats audit events for the WinTaskCrossingGuard source" time="0.0276" asserts="0" success="True" result="Success" executed="True" />
              <test-case description="can be disabled without calling the native event writer" name="Windows Event Log audit integration.can be disabled without calling the native event writer" time="0.0127" asserts="0" success="True" result="Success" executed="True" />
              <test-case description="skips source creation on non-Windows platforms" name="Windows Event Log audit integration.skips source creation on non-Windows platforms" time="0.0089" asserts="0" success="True" result="Success" executed="True" />
            </results>
          </test-suite>
        </results>
      </test-suite>
      <test-suite type="TestFixture" name="C:\Users\vcucc\Downloads\WinTaskCrossingGuard-future-adapters-fixed-v5\WinTaskCrossingGuard-future-adapters\tests\WinTaskCrossingGuard.Tests.ps1" executed="True" result="Success" success="True" time="0.9879" asserts="0" description="C:\Users\vcucc\Downloads\WinTaskCrossingGuard-future-adapters-fixed-v5\WinTaskCrossingGuard-future-adapters\tests\WinTaskCrossingGuard.Tests.ps1">
        <results>
          <test-suite type="TestFixture" name="WinTaskCrossingGuard pure date/time helpers" executed="True" result="Success" success="True" time="0.0493" asserts="0" description="WinTaskCrossingGuard pure date/time helpers">
            <results>
              <test-case description="parses an ISO date/time string as an exact DateTime" name="WinTaskCrossingGuard pure date/time helpers.parses an ISO date/time string as an exact DateTime" time="0.0092" asserts="0" success="True" result="Success" executed="True" />
              <test-case description="anchors a time-only string to the provided anchor date" name="WinTaskCrossingGuard pure date/time helpers.anchors a time-only string to the provided anchor date" time="0.0089" asserts="0" success="True" result="Success" executed="True" />
              <test-case description="anchors a time-only string with AM/PM to the provided anchor date" name="WinTaskCrossingGuard pure date/time helpers.anchors a time-only string with AM/PM to the provided anchor date" time="0.0092" asserts="0" success="True" result="Success" executed="True" />
              <test-case description="throws for unparseable date/time input" name="WinTaskCrossingGuard pure date/time helpers.throws for unparseable date/time input" time="0.0042" asserts="0" success="True" result="Success" executed="True" />
              <test-case description="resolves a same-day window" name="WinTaskCrossingGuard pure date/time helpers.resolves a same-day window" time="0.0044" asserts="0" success="True" result="Success" executed="True" />
              <test-case description="resolves an overnight window by adding a day to End" name="WinTaskCrossingGuard pure date/time helpers.resolves an overnight window by adding a day to End" time="0.0042" asserts="0" success="True" result="Success" executed="True" />
              <test-case description="treats date/times inside the window as in-window inclusively" name="WinTaskCrossingGuard pure date/time helpers.treats date/times inside the window as in-window inclusively" time="0.0034" asserts="0" success="True" result="Success" executed="True" />
              <test-case description="treats date/times outside the window as outside" name="WinTaskCrossingGuard pure date/time helpers.treats date/times outside the window as outside" time="0.0031" asserts="0" success="True" result="Success" executed="True" />
            </results>
          </test-suite>
          <test-suite type="TestFixture" name="WinTaskCrossingGuard task path and folder selection helpers" executed="True" result="Success" success="True" time="0.0809" asserts="0" description="WinTaskCrossingGuard task path and folder selection helpers">
            <results>
              <test-case description="normalizes null, empty, relative, and slashless task paths" name="WinTaskCrossingGuard task path and folder selection helpers.normalizes null, empty, relative, and slashless task paths" time="0.0068" asserts="0" success="True" result="Success" executed="True" />
              <test-case description="creates a folder selection with normalized task path and recurse flag" name="WinTaskCrossingGuard task path and folder selection helpers.creates a folder selection with normalized task path and recurse flag" time="0.004" asserts="0" success="True" result="Success" executed="True" />
              <test-case description="converts a legacy string folder entry using the provided default recurse value" name="WinTaskCrossingGuard task path and folder selection helpers.converts a legacy string folder entry using the provided default recurse value" time="0.0041" asserts="0" success="True" result="Success" executed="True" />
              <test-case description="converts an object folder entry that uses taskPath and recurse" name="WinTaskCrossingGuard task path and folder selection helpers.converts an object folder entry that uses taskPath and recurse" time="0.0049" asserts="0" success="True" result="Success" executed="True" />
              <test-case description="converts an object folder entry that uses path alias" name="WinTaskCrossingGuard task path and folder selection helpers.converts an object folder entry that uses path alias" time="0.005" asserts="0" success="True" result="Success" executed="True" />
              <test-case description="throws when folder selection object has no path" name="WinTaskCrossingGuard task path and folder selection helpers.throws when folder selection object has no path" time="0.0044" asserts="0" success="True" result="Success" executed="True" />
            </results>
          </test-suite>
          <test-suite type="TestFixture" name="WinTaskCrossingGuard task identity import/export helpers" executed="True" result="Success" success="True" time="0.1538" asserts="0" description="WinTaskCrossingGuard task identity import/export helpers">
            <results>
              <test-case description="creates a task identity with normalized path and full name" name="WinTaskCrossingGuard task identity import/export helpers.creates a task identity with normalized path and full name" time="0.0134" asserts="0" success="True" result="Success" executed="True" />
              <test-case description="exports task identities to JSON and imports them back from the Tasks payload shape" name="WinTaskCrossingGuard task identity import/export helpers.exports task identities to JSON and imports them back from the Tasks payload shape" time="0.0314" asserts="0" success="True" result="Success" executed="True" />
              <test-case description="imports a bare array of task identities" name="WinTaskCrossingGuard task identity import/export helpers.imports a bare array of task identities" time="0.0156" asserts="0" success="True" result="Success" executed="True" />
              <test-case description="throws when importing a missing identity file" name="WinTaskCrossingGuard task identity import/export helpers.throws when importing a missing identity file" time="0.0077" asserts="0" success="True" result="Success" executed="True" />
            </results>
          </test-suite>
          <test-suite type="TestFixture" name="WinTaskCrossingGuard selection JSON import and matching" executed="True" result="Success" success="True" time="0.402" asserts="0" description="WinTaskCrossingGuard selection JSON import and matching">
            <results>
              <test-case description="imports selection JSON with per-folder recurse and default recurse values" name="WinTaskCrossingGuard selection JSON import and matching.imports selection JSON with per-folder recurse and default recurse values" time="0.0378" asserts="0" success="True" result="Success" executed="True" />
              <test-case description="throws when selection file is missing" name="WinTaskCrossingGuard selection JSON import and matching.throws when selection file is missing" time="0.008" asserts="0" success="True" result="Success" executed="True" />
              <test-case description="throws when selection JSON is invalid" name="WinTaskCrossingGuard selection JSON import and matching.throws when selection JSON is invalid" time="0.0095" asserts="0" success="True" result="Success" executed="True" />
              <test-case description="throws when a task include has an empty taskName" name="WinTaskCrossingGuard selection JSON import and matching.throws when a task include has an empty taskName" time="0.0123" asserts="0" success="True" result="Success" executed="True" />
              <test-case description="matches task specs by exact folder and wildcard task name" name="WinTaskCrossingGuard selection JSON import and matching.matches task specs by exact folder and wildcard task name" time="0.007" asserts="0" success="True" result="Success" executed="True" />
              <test-case description="does not match task specs when folder differs" name="WinTaskCrossingGuard selection JSON import and matching.does not match task specs when folder differs" time="0.0071" asserts="0" success="True" result="Success" executed="True" />
              <test-case description="matches recursive folder selections against descendants" name="WinTaskCrossingGuard selection JSON import and matching.matches recursive folder selections against descendants" time="0.0074" asserts="0" success="True" result="Success" executed="True" />
              <test-case description="matches non-recursive folder selections only against exact folders" name="WinTaskCrossingGuard selection JSON import and matching.matches non-recursive folder selections only against exact folders" time="0.0105" asserts="0" success="True" result="Success" executed="True" />
              <test-case description="allows all tasks when selection is null" name="WinTaskCrossingGuard selection JSON import and matching.allows all tasks when selection is null" time="0.0173" asserts="0" success="True" result="Success" executed="True" />
              <test-case description="excludes task when an exclude folder matches" name="WinTaskCrossingGuard selection JSON import and matching.excludes task when an exclude folder matches" time="0.0268" asserts="0" success="True" result="Success" executed="True" />
              <test-case description="excludes task when an exclude task spec matches" name="WinTaskCrossingGuard selection JSON import and matching.excludes task when an exclude task spec matches" time="0.0201" asserts="0" success="True" result="Success" executed="True" />
              <test-case description="allows task when include folder matches and no exclusion matches" name="WinTaskCrossingGuard selection JSON import and matching.allows task when include folder matches and no exclusion matches" time="0.0205" asserts="0" success="True" result="Success" executed="True" />
              <test-case description="allows task when include task spec matches and no exclusion matches" name="WinTaskCrossingGuard selection JSON import and matching.allows task when include task spec matches and no exclusion matches" time="0.0199" asserts="0" success="True" result="Success" executed="True" />
              <test-case description="blocks task when includes exist but none match" name="WinTaskCrossingGuard selection JSON import and matching.blocks task when includes exist but none match" time="0.0205" asserts="0" success="True" result="Success" executed="True" />
              <test-case description="allows task when only exclusions exist and none match" name="WinTaskCrossingGuard selection JSON import and matching.allows task when only exclusions exist and none match" time="0.0208" asserts="0" success="True" result="Success" executed="True" />
            </results>
          </test-suite>
          <test-suite type="TestFixture" name="WinTaskCrossingGuard scheduled task discovery with mocked ScheduledTasks module" executed="True" result="Success" success="True" time="0.8082" asserts="0" description="WinTaskCrossingGuard scheduled task discovery with mocked ScheduledTasks module">
            <results>
              <test-case description="gets only exact-folder command-line candidates when Recurse is not used" name="WinTaskCrossingGuard scheduled task discovery with mocked ScheduledTasks module.gets only exact-folder command-line candidates when Recurse is not used" time="0.0387" asserts="0" success="True" result="Success" executed="True" />
              <test-case description="includes disabled candidates when IncludeDisabled is used" name="WinTaskCrossingGuard scheduled task discovery with mocked ScheduledTasks module.includes disabled candidates when IncludeDisabled is used" time="0.0351" asserts="0" success="True" result="Success" executed="True" />
              <test-case description="uses command-line recurse by scanning all tasks and filtering paths" name="WinTaskCrossingGuard scheduled task discovery with mocked ScheduledTasks module.uses command-line recurse by scanning all tasks and filtering paths" time="0.0385" asserts="0" success="True" result="Success" executed="True" />
              <test-case description="adds selection include folders with their own recurse settings" name="WinTaskCrossingGuard scheduled task discovery with mocked ScheduledTasks module.adds selection include folders with their own recurse settings" time="0.0816" asserts="0" success="True" result="Success" executed="True" />
              <test-case description="adds explicitly included tasks from selection and de-duplicates results" name="WinTaskCrossingGuard scheduled task discovery with mocked ScheduledTasks module.adds explicitly included tasks from selection and de-duplicates results" time="0.0437" asserts="0" success="True" result="Success" executed="True" />
              <test-case description="filters candidate names using TaskName wildcards" name="WinTaskCrossingGuard scheduled task discovery with mocked ScheduledTasks module.filters candidate names using TaskName wildcards" time="0.0256" asserts="0" success="True" result="Success" executed="True" />
              <test-case description="finds in-window tasks and returns rich records by default" name="WinTaskCrossingGuard scheduled task discovery with mocked ScheduledTasks module.finds in-window tasks and returns rich records by default" time="0.0463" asserts="0" success="True" result="Success" executed="True" />
              <test-case description="finds in-window tasks and returns identity-only records" name="WinTaskCrossingGuard scheduled task discovery with mocked ScheduledTasks module.finds in-window tasks and returns identity-only records" time="0.0311" asserts="0" success="True" result="Success" executed="True" />
              <test-case description="skips tasks with no upcoming run" name="WinTaskCrossingGuard scheduled task discovery with mocked ScheduledTasks module.skips tasks with no upcoming run" time="0.0276" asserts="0" success="True" result="Success" executed="True" />
              <test-case description="warns and skips tasks whose info cannot be read" name="WinTaskCrossingGuard scheduled task discovery with mocked ScheduledTasks module.warns and skips tasks whose info cannot be read" time="0.0349" asserts="0" success="True" result="Success" executed="True" />
            </results>
          </test-suite>
          <test-suite type="TestFixture" name="WinTaskCrossingGuard identity actions with mocked ScheduledTasks module" executed="True" result="Success" success="True" time="0.9178" asserts="0" description="WinTaskCrossingGuard identity actions with mocked ScheduledTasks module">
            <results>
              <test-case description="disables task identities from the pipeline and returns identities" name="WinTaskCrossingGuard identity actions with mocked ScheduledTasks module.disables task identities from the pipeline and returns identities" time="0.0196" asserts="0" success="True" result="Success" executed="True" />
              <test-case description="enables task identities from the pipeline and returns identities" name="WinTaskCrossingGuard identity actions with mocked ScheduledTasks module.enables task identities from the pipeline and returns identities" time="0.0242" asserts="0" success="True" result="Success" executed="True" />
              <test-case description="starts task identities from the pipeline and returns identities" name="WinTaskCrossingGuard identity actions with mocked ScheduledTasks module.starts task identities from the pipeline and returns identities" time="0.022" asserts="0" success="True" result="Success" executed="True" />
              <test-case description="respects WhatIf for disable operations" name="WinTaskCrossingGuard identity actions with mocked ScheduledTasks module.respects WhatIf for disable operations" time="0.0128" asserts="0" success="True" result="Success" executed="True" />
              <test-case description="respects WhatIf for enable operations" name="WinTaskCrossingGuard identity actions with mocked ScheduledTasks module.respects WhatIf for enable operations" time="0.0161" asserts="0" success="True" result="Success" executed="True" />
              <test-case description="respects WhatIf for start operations" name="WinTaskCrossingGuard identity actions with mocked ScheduledTasks module.respects WhatIf for start operations" time="0.0125" asserts="0" success="True" result="Success" executed="True" />
            </results>
          </test-suite>
          <test-suite type="TestFixture" name="WinTaskCrossingGuard manifest output" executed="True" result="Success" success="True" time="0.9481" asserts="0" description="WinTaskCrossingGuard manifest output">
            <results>
              <test-case description="writes a manifest with window and selection source information" name="WinTaskCrossingGuard manifest output.writes a manifest with window and selection source information" time="0.0161" asserts="0" success="True" result="Success" executed="True" />
              <test-case description="writes null selection source when no selection is provided" name="WinTaskCrossingGuard manifest output.writes null selection source when no selection is provided" time="0.0119" asserts="0" success="True" result="Success" executed="True" />
            </results>
          </test-suite>
        </results>
      </test-suite>
      <test-suite type="TestFixture" name="C:\Users\vcucc\Downloads\WinTaskCrossingGuard-future-adapters-fixed-v5\WinTaskCrossingGuard-future-adapters\tests\WrapperScripts.Tests.ps1" executed="True" result="Success" success="True" time="0.1093" asserts="0" description="C:\Users\vcucc\Downloads\WinTaskCrossingGuard-future-adapters-fixed-v5\WinTaskCrossingGuard-future-adapters\tests\WrapperScripts.Tests.ps1">
        <results>
          <test-suite type="TestFixture" name="Wrapper script availability" executed="True" result="Success" success="True" time="0.0186" asserts="0" description="Wrapper script availability">
            <results>
              <test-case description="ships all wrapper scripts expected by the suite" name="Wrapper script availability.ships all wrapper scripts expected by the suite" time="0.0058" asserts="0" success="True" result="Success" executed="True" />
              <test-case description="wrapper scripts parse without syntax errors" name="Wrapper script availability.wrapper scripts parse without syntax errors" time="0.0103" asserts="0" success="True" result="Success" executed="True" />
            </results>
          </test-suite>
          <test-suite type="TestFixture" name="Wrapper script identity file consumers" executed="True" result="Success" success="True" time="0.0898" asserts="0" description="Wrapper script identity file consumers">
            <results>
              <test-case description="Enable-TaskIdentities.ps1 supports WhatIf with an identity file" name="Wrapper script identity file consumers.Enable-TaskIdentities.ps1 supports WhatIf with an identity file" time="0.0245" asserts="0" success="True" result="Success" executed="True" />
              <test-case description="Start-TaskIdentities.ps1 supports WhatIf with an identity file" name="Wrapper script identity file consumers.Start-TaskIdentities.ps1 supports WhatIf with an identity file" time="0.0225" asserts="0" success="True" result="Success" executed="True" />
              <test-case description="Enable-TaskIdentities.ps1 throws when no identities are supplied" name="Wrapper script identity file consumers.Enable-TaskIdentities.ps1 throws when no identities are supplied" time="0.011" asserts="0" success="True" result="Success" executed="True" />
              <test-case description="Start-TaskIdentities.ps1 throws when no identities are supplied" name="Wrapper script identity file consumers.Start-TaskIdentities.ps1 throws when no identities are supplied" time="0.0106" asserts="0" success="True" result="Success" executed="True" />
            </results>
          </test-suite>
        </results>
      </test-suite>
      <test-suite type="TestFixture" name="C:\Users\vcucc\Downloads\WinTaskCrossingGuard-future-adapters-fixed-v5\WinTaskCrossingGuard-future-adapters\tests\XmlDisableLog.Tests.ps1" executed="True" result="Success" success="True" time="0.0695" asserts="0" description="C:\Users\vcucc\Downloads\WinTaskCrossingGuard-future-adapters-fixed-v5\WinTaskCrossingGuard-future-adapters\tests\XmlDisableLog.Tests.ps1">
        <results>
          <test-suite type="TestFixture" name="Write-WtcgDisableXmlLog" executed="True" result="Success" success="True" time="0.0513" asserts="0" description="Write-WtcgDisableXmlLog">
            <results>
              <test-case description="writes an XML log with timestamp, window, metadata, and disabled task entries" name="Write-WtcgDisableXmlLog.writes an XML log with timestamp, window, metadata, and disabled task entries" time="0.0335" asserts="0" success="True" result="Success" executed="True" />
              <test-case description="omits optional metadata when optional values are absent" name="Write-WtcgDisableXmlLog.omits optional metadata when optional values are absent" time="0.0154" asserts="0" success="True" result="Success" executed="True" />
            </results>
          </test-suite>
        </results>
      </test-suite>
    </results>
  </test-suite>
</test-results>