<?xml version="1.0" encoding="utf-8" standalone="no"?>
<test-results xmlns:xsi="http://www.w3.org/2001/XMLSchema-instance" xsi:noNamespaceSchemaLocation="nunit_schema_2.5.xsd" name="Pester" total="150" errors="0" failures="0" not-run="0" inconclusive="0" ignored="0" skipped="0" invalid="0" date="2026-05-01" time="17:57:57">
  <environment user-domain="FISHBALLOON" platform="Microsoft Windows 11 Pro|C:\Windows|\Device\Harddisk1\Partition3" cwd="L:\github_repos\WinTaskCrossingGuard" os-version="10.0.22631" user="vcucc" clr-version="10.0.6" machine-name="FISHBALLOON" nunit-version="2.5.8.0" />
  <culture-info current-culture="en-US" current-uiculture="en-US" />
  <test-suite type="TestFixture" name="Pester" executed="True" result="Success" success="True" time="10.976" asserts="0" description="Pester">
    <results>
      <test-suite type="TestFixture" name="L:\github_repos\WinTaskCrossingGuard\tests\ConfigurationErrorXmlLog.Tests.ps1" executed="True" result="Success" success="True" time="0.7207" asserts="0" description="L:\github_repos\WinTaskCrossingGuard\tests\ConfigurationErrorXmlLog.Tests.ps1">
        <results>
          <test-suite type="TestFixture" name="Configuration error XML logging" executed="True" result="Success" success="True" time="0.1707" asserts="0" description="Configuration error XML logging">
            <results>
              <test-case description="writes an XML error log that records the configuration error" name="Configuration error XML logging.writes an XML error log that records the configuration error" time="0.1471" asserts="0" success="True" result="Success" executed="True" />
            </results>
          </test-suite>
        </results>
      </test-suite>
      <test-suite type="TestFixture" name="L:\github_repos\WinTaskCrossingGuard\tests\CoverageBranch.Tests.ps1" executed="True" result="Success" success="True" time="0.6945" asserts="0" description="L:\github_repos\WinTaskCrossingGuard\tests\CoverageBranch.Tests.ps1">
        <results>
          <test-suite type="TestFixture" name="WinTaskCrossingGuard coverage branch tests" executed="True" result="Success" success="True" time="0.5978" asserts="0" description="WinTaskCrossingGuard coverage branch tests">
            <results>
              <test-case description="returns the default object property value when the input object is null" name="WinTaskCrossingGuard coverage branch tests.returns the default object property value when the input object is null" time="0.0181" asserts="0" success="True" result="Success" executed="True" />
              <test-case description="returns false when checking explicit includes against null selection" name="WinTaskCrossingGuard coverage branch tests.returns false when checking explicit includes against null selection" time="0.0125" asserts="0" success="True" result="Success" executed="True" />
              <test-case description="throws when protectedTasks has an empty taskName" name="WinTaskCrossingGuard coverage branch tests.throws when protectedTasks has an empty taskName" time="0.1309" asserts="0" success="True" result="Success" executed="True" />
              <test-case description="throws when .env contains a malformed line without equals" name="WinTaskCrossingGuard coverage branch tests.throws when .env contains a malformed line without equals" time="0.0238" asserts="0" success="True" result="Success" executed="True" />
              <test-case description="throws when .env contains an empty key" name="WinTaskCrossingGuard coverage branch tests.throws when .env contains an empty key" time="0.0241" asserts="0" success="True" result="Success" executed="True" />
              <test-case description="skips log cleanup when logs folder is missing" name="WinTaskCrossingGuard coverage branch tests.skips log cleanup when logs folder is missing" time="0.0459" asserts="0" success="True" result="Success" executed="True" />
              <test-case description="returns disabled mail settings for missing configuration-error selection path" name="WinTaskCrossingGuard coverage branch tests.returns disabled mail settings for missing configuration-error selection path" time="0.018" asserts="0" success="True" result="Success" executed="True" />
              <test-case description="returns disabled mail settings when configuration-error JSON has no mail block" name="WinTaskCrossingGuard coverage branch tests.returns disabled mail settings when configuration-error JSON has no mail block" time="0.0241" asserts="0" success="True" result="Success" executed="True" />
              <test-case description="uses a single mail entry for configuration-error fallback" name="WinTaskCrossingGuard coverage branch tests.uses a single mail entry for configuration-error fallback" time="0.0906" asserts="0" success="True" result="Success" executed="True" />
              <test-case description="throws when more than two mail event entries are supplied" name="WinTaskCrossingGuard coverage branch tests.throws when more than two mail event entries are supplied" time="0.0144" asserts="0" success="True" result="Success" executed="True" />
              <test-case description="throws when an unsupported mail event value is supplied" name="WinTaskCrossingGuard coverage branch tests.throws when an unsupported mail event value is supplied" time="0.0326" asserts="0" success="True" result="Success" executed="True" />
              <test-case description="returns the plain Mail object when result and error wrappers are absent" name="WinTaskCrossingGuard coverage branch tests.returns the plain Mail object when result and error wrappers are absent" time="0.0421" asserts="0" success="True" result="Success" executed="True" />
              <test-case description="returns false for null mail settings readiness" name="WinTaskCrossingGuard coverage branch tests.returns false for null mail settings readiness" time="0.0118" asserts="0" success="True" result="Success" executed="True" />
              <test-case description="returns an empty attachment list when no attachments are enabled" name="WinTaskCrossingGuard coverage branch tests.returns an empty attachment list when no attachments are enabled" time="0.0169" asserts="0" success="True" result="Success" executed="True" />
              <test-case description="throws from direct mail sender when there are no recipients" name="WinTaskCrossingGuard coverage branch tests.throws from direct mail sender when there are no recipients" time="0.0271" asserts="0" success="True" result="Success" executed="True" />
              <test-case description="throws from direct mail sender when an attachment is missing" name="WinTaskCrossingGuard coverage branch tests.throws from direct mail sender when an attachment is missing" time="0.0265" asserts="0" success="True" result="Success" executed="True" />
              <test-case description="builds an error XML log when the error record is plain text-like" name="WinTaskCrossingGuard coverage branch tests.builds an error XML log when the error record is plain text-like" time="0.0335" asserts="0" success="True" result="Success" executed="True" />
            </results>
          </test-suite>
        </results>
      </test-suite>
      <test-suite type="TestFixture" name="L:\github_repos\WinTaskCrossingGuard\tests\DefaultXmlLogPath.Tests.ps1" executed="True" result="Success" success="True" time="0.2046" asserts="0" description="L:\github_repos\WinTaskCrossingGuard\tests\DefaultXmlLogPath.Tests.ps1">
        <results>
          <test-suite type="TestFixture" name="Default XML log path behavior" executed="True" result="Success" success="True" time="0.117" asserts="0" description="Default XML log path behavior">
            <results>
              <test-case description="resolves an empty XML log path to logs folder with current date/time filename" name="Default XML log path behavior.resolves an empty XML log path to logs folder with current date/time filename" time="0.0164" asserts="0" success="True" result="Success" executed="True" />
              <test-case description="keeps the provided XML log path unchanged" name="Default XML log path behavior.keeps the provided XML log path unchanged" time="0.0106" asserts="0" success="True" result="Success" executed="True" />
              <test-case description="writes to logs folder with timestamp when Write-WtcgDisableXmlLog receives no path" name="Default XML log path behavior.writes to logs folder with timestamp when Write-WtcgDisableXmlLog receives no path" time="0.0864" asserts="0" success="True" result="Success" executed="True" />
            </results>
          </test-suite>
        </results>
      </test-suite>
      <test-suite type="TestFixture" name="L:\github_repos\WinTaskCrossingGuard\tests\EmailNotifications.Tests.ps1" executed="True" result="Success" success="True" time="1.064" asserts="0" description="L:\github_repos\WinTaskCrossingGuard\tests\EmailNotifications.Tests.ps1">
        <results>
          <test-suite type="TestFixture" name="WinTaskCrossingGuard email body helpers" executed="True" result="Success" success="True" time="0.9888" asserts="0" description="WinTaskCrossingGuard email body helpers">
            <results>
              <test-case description="builds a log-generated email body that references the XML log" name="WinTaskCrossingGuard email body helpers.builds a log-generated email body that references the XML log" time="0.0194" asserts="0" success="True" result="Success" executed="True" />
              <test-case description="builds an error email body that references the XML log and error message" name="WinTaskCrossingGuard email body helpers.builds an error email body that references the XML log and error message" time="0.019" asserts="0" success="True" result="Success" executed="True" />
              <test-case description="log-generated notification attempts to attach the XML log when requested" name="WinTaskCrossingGuard email body helpers.log-generated notification attempts to attach the XML log when requested" time="0.3423" asserts="0" success="True" result="Success" executed="True" />
              <test-case description="error notification attempts to attach the XML log when requested" name="WinTaskCrossingGuard email body helpers.error notification attempts to attach the XML log when requested" time="0.1953" asserts="0" success="True" result="Success" executed="True" />
              <test-case description="notification helpers warn instead of throwing when email send fails by default" name="WinTaskCrossingGuard email body helpers.notification helpers warn instead of throwing when email send fails by default" time="0.2211" asserts="0" success="True" result="Success" executed="True" />
              <test-case description="notification helpers can fail the operation when FailOnEmailError is set" name="WinTaskCrossingGuard email body helpers.notification helpers can fail the operation when FailOnEmailError is set" time="0.1883" asserts="0" success="True" result="Success" executed="True" />
            </results>
          </test-suite>
        </results>
      </test-suite>
      <test-suite type="TestFixture" name="L:\github_repos\WinTaskCrossingGuard\tests\EmergencyRestoreLatest.Tests.ps1" executed="True" result="Success" success="True" time="0.6424" asserts="0" description="L:\github_repos\WinTaskCrossingGuard\tests\EmergencyRestoreLatest.Tests.ps1">
        <results>
          <test-suite type="TestFixture" name="Emergency restore latest artifact discovery" executed="True" result="Success" success="True" time="0.5767" asserts="0" description="Emergency restore latest artifact discovery">
            <results>
              <test-case description="finds the newest restorable identity or manifest JSON file under the run root" name="Emergency restore latest artifact discovery.finds the newest restorable identity or manifest JSON file under the run root" time="0.3975" asserts="0" success="True" result="Success" executed="True" />
              <test-case description="imports only tasks that were originally enabled and disabled by this suite run" name="Emergency restore latest artifact discovery.imports only tasks that were originally enabled and disabled by this suite run" time="0.1529" asserts="0" success="True" result="Success" executed="True" />
              <test-case description="ships a root wrapper for the emergency restore script" name="Emergency restore latest artifact discovery.ships a root wrapper for the emergency restore script" time="0.0112" asserts="0" success="True" result="Success" executed="True" />
            </results>
          </test-suite>
        </results>
      </test-suite>
      <test-suite type="TestFixture" name="L:\github_repos\WinTaskCrossingGuard\tests\JsonlLogging.Tests.ps1" executed="True" result="Success" success="True" time="0.3915" asserts="0" description="L:\github_repos\WinTaskCrossingGuard\tests\JsonlLogging.Tests.ps1">
        <results>
          <test-suite type="TestFixture" name="SIEM-friendly JSONL logging" executed="True" result="Success" success="True" time="0.3095" asserts="0" description="SIEM-friendly JSONL logging">
            <results>
              <test-case description="resolves an empty JSONL log path to the steamablelogs folder" name="SIEM-friendly JSONL logging.resolves an empty JSONL log path to the steamablelogs folder" time="0.0145" asserts="0" success="True" result="Success" executed="True" />
              <test-case description="writes disable actions as newline-delimited JSON events" name="SIEM-friendly JSONL logging.writes disable actions as newline-delimited JSON events" time="0.1254" asserts="0" success="True" result="Success" executed="True" />
              <test-case description="writes re-enable actions as JSONL events" name="SIEM-friendly JSONL logging.writes re-enable actions as JSONL events" time="0.0501" asserts="0" success="True" result="Success" executed="True" />
              <test-case description="writes error actions as JSONL events" name="SIEM-friendly JSONL logging.writes error actions as JSONL events" time="0.0359" asserts="0" success="True" result="Success" executed="True" />
              <test-case description="writes notification actions as JSONL events" name="SIEM-friendly JSONL logging.writes notification actions as JSONL events" time="0.0342" asserts="0" success="True" result="Success" executed="True" />
              <test-case description="cleans up old JSONL files when requested with a JSONL filter" name="SIEM-friendly JSONL logging.cleans up old JSONL files when requested with a JSONL filter" time="0.0458" asserts="0" success="True" result="Success" executed="True" />
            </results>
          </test-suite>
        </results>
      </test-suite>
      <test-suite type="TestFixture" name="L:\github_repos\WinTaskCrossingGuard\tests\JsonMailConfig.Tests.ps1" executed="True" result="Success" success="True" time="0.6992" asserts="0" description="L:\github_repos\WinTaskCrossingGuard\tests\JsonMailConfig.Tests.ps1">
        <results>
          <test-suite type="TestFixture" name="JSON mail configuration" executed="True" result="Success" success="True" time="0.6417" asserts="0" description="JSON mail configuration">
            <results>
              <test-case description="imports mail settings from SelectionPath JSON" name="JSON mail configuration.imports mail settings from SelectionPath JSON" time="0.1541" asserts="0" success="True" result="Success" executed="True" />
              <test-case description="treats missing mail settings as disabled" name="JSON mail configuration.treats missing mail settings as disabled" time="0.0241" asserts="0" success="True" result="Success" executed="True" />
              <test-case description="builds attachment list from JSON mail settings for XML log and identity file" name="JSON mail configuration.builds attachment list from JSON mail settings for XML log and identity file" time="0.0497" asserts="0" success="True" result="Success" executed="True" />
              <test-case description="does not attach identity file when attachIdentityFile is false" name="JSON mail configuration.does not attach identity file when attachIdentityFile is false" time="0.045" asserts="0" success="True" result="Success" executed="True" />
              <test-case description="dispatches log-generated notification from JSON settings with configured attachments" name="JSON mail configuration.dispatches log-generated notification from JSON settings with configured attachments" time="0.1862" asserts="0" success="True" result="Success" executed="True" />
              <test-case description="dispatches error notification from JSON settings with configured attachments" name="JSON mail configuration.dispatches error notification from JSON settings with configured attachments" time="0.1792" asserts="0" success="True" result="Success" executed="True" />
            </results>
          </test-suite>
        </results>
      </test-suite>
      <test-suite type="TestFixture" name="L:\github_repos\WinTaskCrossingGuard\tests\LogRetentionEnv.Tests.ps1" executed="True" result="Success" success="True" time="0.192" asserts="0" description="L:\github_repos\WinTaskCrossingGuard\tests\LogRetentionEnv.Tests.ps1">
        <results>
          <test-suite type="TestFixture" name=".env log retention cleanup" executed="True" result="Success" success="True" time="0.1326" asserts="0" description=".env log retention cleanup">
            <results>
              <test-case description="imports KEY=VALUE pairs from a .env file and ignores comments/blanks" name=".env log retention cleanup.imports KEY=VALUE pairs from a .env file and ignores comments/blanks" time="0.0249" asserts="0" success="True" result="Success" executed="True" />
              <test-case description="returns null when LOG_RETENTION is not configured" name=".env log retention cleanup.returns null when LOG_RETENTION is not configured" time="0.0183" asserts="0" success="True" result="Success" executed="True" />
              <test-case description="throws when LOG_RETENTION is not a whole number" name=".env log retention cleanup.throws when LOG_RETENTION is not a whole number" time="0.0179" asserts="0" success="True" result="Success" executed="True" />
              <test-case description="throws when LOG_RETENTION is negative" name=".env log retention cleanup.throws when LOG_RETENTION is negative" time="0.018" asserts="0" success="True" result="Success" executed="True" />
              <test-case description="deletes XML logs older than LOG_RETENTION days and keeps newer XML logs" name=".env log retention cleanup.deletes XML logs older than LOG_RETENTION days and keeps newer XML logs" time="0.0348" asserts="0" success="True" result="Success" executed="True" />
              <test-case description="skips cleanup when .env file is missing" name=".env log retention cleanup.skips cleanup when .env file is missing" time="0.0154" asserts="0" success="True" result="Success" executed="True" />
            </results>
          </test-suite>
        </results>
      </test-suite>
      <test-suite type="TestFixture" name="L:\github_repos\WinTaskCrossingGuard\tests\RunFolderLayout.Tests.ps1" executed="True" result="Success" success="True" time="0.4373" asserts="0" description="L:\github_repos\WinTaskCrossingGuard\tests\RunFolderLayout.Tests.ps1">
        <results>
          <test-suite type="TestFixture" name="Central run folder and run ID" executed="True" result="Success" success="True" time="0.3889" asserts="0" description="Central run folder and run ID">
            <results>
              <test-case description="creates a unique run folder with the expected artifact subfolders and run-info file" name="Central run folder and run ID.creates a unique run folder with the expected artifact subfolders and run-info file" time="0.071" asserts="0" success="True" result="Success" executed="True" />
              <test-case description="resolves artifacts into the central run folder layout" name="Central run folder and run ID.resolves artifacts into the central run folder layout" time="0.0871" asserts="0" success="True" result="Success" executed="True" />
              <test-case description="adds run correlation fields to manifests, reports, XML logs, and JSONL events" name="Central run folder and run ID.adds run correlation fields to manifests, reports, XML logs, and JSONL events" time="0.2277" asserts="0" success="True" result="Success" executed="True" />
            </results>
          </test-suite>
        </results>
      </test-suite>
      <test-suite type="TestFixture" name="L:\github_repos\WinTaskCrossingGuard\tests\SafetyAllowListProtectedTasks.Tests.ps1" executed="True" result="Success" success="True" time="1.6086" asserts="0" description="L:\github_repos\WinTaskCrossingGuard\tests\SafetyAllowListProtectedTasks.Tests.ps1">
        <results>
          <test-suite type="TestFixture" name="Safety allow-list mode" executed="True" result="Success" success="True" time="0.8551" asserts="0" description="Safety allow-list mode">
            <results>
              <test-case description="imports safetyAllowListMode from SelectionPath JSON" name="Safety allow-list mode.imports safetyAllowListMode from SelectionPath JSON" time="0.0697" asserts="0" success="True" result="Success" executed="True" />
              <test-case description="throws before scanning when safety allow-list mode is enabled without includes" name="Safety allow-list mode.throws before scanning when safety allow-list mode is enabled without includes" time="0.1841" asserts="0" success="True" result="Success" executed="True" />
              <test-case description="allows scanning when safety allow-list mode has includeTasks" name="Safety allow-list mode.allows scanning when safety allow-list mode has includeTasks" time="0.3068" asserts="0" success="True" result="Success" executed="True" />
              <test-case description="allows scanning when safety allow-list mode has includeFolders" name="Safety allow-list mode.allows scanning when safety allow-list mode has includeFolders" time="0.272" asserts="0" success="True" result="Success" executed="True" />
              <test-case description="directly allows explicit includes through Assert-WtcgSafetyAllowListSatisfied" name="Safety allow-list mode.directly allows explicit includes through Assert-WtcgSafetyAllowListSatisfied" time="0.0183" asserts="0" success="True" result="Success" executed="True" />
            </results>
          </test-suite>
          <test-suite type="TestFixture" name="Protected never-disable task policy" executed="True" result="Success" success="True" time="1.5573" asserts="0" description="Protected never-disable task policy">
            <results>
              <test-case description="returns built-in protected folder selections" name="Protected never-disable task policy.returns built-in protected folder selections" time="0.0633" asserts="0" success="True" result="Success" executed="True" />
              <test-case description="treats Microsoft UpdateOrchestrator tasks as protected by default" name="Protected never-disable task policy.treats Microsoft UpdateOrchestrator tasks as protected by default" time="0.0684" asserts="0" success="True" result="Success" executed="True" />
              <test-case description="lets callers disable the built-in protected task list explicitly" name="Protected never-disable task policy.lets callers disable the built-in protected task list explicitly" time="0.0666" asserts="0" success="True" result="Success" executed="True" />
              <test-case description="treats user-defined protected folders as protected" name="Protected never-disable task policy.treats user-defined protected folders as protected" time="0.1039" asserts="0" success="True" result="Success" executed="True" />
              <test-case description="treats user-defined protected tasks as protected by wildcard name" name="Protected never-disable task policy.treats user-defined protected tasks as protected by wildcard name" time="0.07" asserts="0" success="True" result="Success" executed="True" />
              <test-case description="protected tasks are blocked even when explicitly included" name="Protected never-disable task policy.protected tasks are blocked even when explicitly included" time="0.0702" asserts="0" success="True" result="Success" executed="True" />
              <test-case description="candidate discovery filters out built-in protected tasks" name="Protected never-disable task policy.candidate discovery filters out built-in protected tasks" time="0.1898" asserts="0" success="True" result="Success" executed="True" />
              <test-case description="imports protectedFolders and protectedTasks from SelectionPath JSON" name="Protected never-disable task policy.imports protectedFolders and protectedTasks from SelectionPath JSON" time="0.067" asserts="0" success="True" result="Success" executed="True" />
            </results>
          </test-suite>
        </results>
      </test-suite>
      <test-suite type="TestFixture" name="L:\github_repos\WinTaskCrossingGuard\tests\ScheduledReenable.Tests.ps1" executed="True" result="Success" success="True" time="2.2442" asserts="0" description="L:\github_repos\WinTaskCrossingGuard\tests\ScheduledReenable.Tests.ps1">
        <results>
          <test-suite type="TestFixture" name="Disable-WtcgTasksInWindowAndScheduleReenable orchestration" executed="True" result="Success" success="True" time="2.1889" asserts="0" description="Disable-WtcgTasksInWindowAndScheduleReenable orchestration">
            <results>
              <test-case description="finds tasks, disables them, writes identities, and creates a re-enable scheduled task when one does not exist" name="Disable-WtcgTasksInWindowAndScheduleReenable orchestration.finds tasks, disables them, writes identities, and creates a re-enable scheduled task when one does not exist" time="0.7739" asserts="0" success="True" result="Success" executed="True" />
              <test-case description="blocks a new run when the configured re-enable task is still active" name="Disable-WtcgTasksInWindowAndScheduleReenable orchestration.blocks a new run when the configured re-enable task is still active" time="0.4964" asserts="0" success="True" result="Success" executed="True" />
              <test-case description="detects an overlapping manifest-backed active prior run in the re-enable folder" name="Disable-WtcgTasksInWindowAndScheduleReenable orchestration.detects an overlapping manifest-backed active prior run in the re-enable folder" time="0.0956" asserts="0" success="True" result="Success" executed="True" />
              <test-case description="updates the existing re-enable scheduled task trigger when the existing task is stale" name="Disable-WtcgTasksInWindowAndScheduleReenable orchestration.updates the existing re-enable scheduled task trigger when the existing task is stale" time="0.3704" asserts="0" success="True" result="Success" executed="True" />
              <test-case description="returns without disabling or scheduling when no tasks are inside the window" name="Disable-WtcgTasksInWindowAndScheduleReenable orchestration.returns without disabling or scheduling when no tasks are inside the window" time="0.1616" asserts="0" success="True" result="Success" executed="True" />
              <test-case description="supports WhatIf so tasks are found and identities are exported without disabling or scheduling" name="Disable-WtcgTasksInWindowAndScheduleReenable orchestration.supports WhatIf so tasks are found and identities are exported without disabling or scheduling" time="0.2881" asserts="0" success="True" result="Success" executed="True" />
            </results>
          </test-suite>
        </results>
      </test-suite>
      <test-suite type="TestFixture" name="L:\github_repos\WinTaskCrossingGuard\tests\SplitJsonMailConfig.Tests.ps1" executed="True" result="Success" success="True" time="0.2231" asserts="0" description="L:\github_repos\WinTaskCrossingGuard\tests\SplitJsonMailConfig.Tests.ps1">
        <results>
          <test-suite type="TestFixture" name="Strict split JSON mail configuration" executed="True" result="Success" success="True" time="0.1938" asserts="0" description="Strict split JSON mail configuration">
            <results>
              <test-case description="directly accepts one result and one error event through Assert-WtcgMailEventSettings" name="Strict split JSON mail configuration.directly accepts one result and one error event through Assert-WtcgMailEventSettings" time="0.0181" asserts="0" success="True" result="Success" executed="True" />
              <test-case description="uses one mail entry for both result and error notifications" name="Strict split JSON mail configuration.uses one mail entry for both result and error notifications" time="0.0221" asserts="0" success="True" result="Success" executed="True" />
              <test-case description="uses separate result and error entries when event values are provided" name="Strict split JSON mail configuration.uses separate result and error entries when event values are provided" time="0.0376" asserts="0" success="True" result="Success" executed="True" />
              <test-case description="throws when two mail entries are provided and one is missing event" name="Strict split JSON mail configuration.throws when two mail entries are provided and one is missing event" time="0.0125" asserts="0" success="True" result="Success" executed="True" />
              <test-case description="throws when two mail entries do not contain exactly one result and one error event" name="Strict split JSON mail configuration.throws when two mail entries do not contain exactly one result and one error event" time="0.0151" asserts="0" success="True" result="Success" executed="True" />
              <test-case description="imports split mail settings from SelectionPath JSON when events are valid" name="Strict split JSON mail configuration.imports split mail settings from SelectionPath JSON when events are valid" time="0.0606" asserts="0" success="True" result="Success" executed="True" />
              <test-case description="imports fallback error mail settings for configuration errors" name="Strict split JSON mail configuration.imports fallback error mail settings for configuration errors" time="0.0248" asserts="0" success="True" result="Success" executed="True" />
            </results>
          </test-suite>
        </results>
      </test-suite>
      <test-suite type="TestFixture" name="L:\github_repos\WinTaskCrossingGuard\tests\TelemetryExport.Tests.ps1" executed="True" result="Success" success="True" time="0.2686" asserts="0" description="L:\github_repos\WinTaskCrossingGuard\tests\TelemetryExport.Tests.ps1">
        <results>
          <test-suite type="TestFixture" name="Telemetry export Stage 1 configuration and payload building" executed="True" result="Success" success="True" time="0.223" asserts="0" description="Telemetry export Stage 1 configuration and payload building">
            <results>
              <test-case description="imports telemetry and Elasticsearch settings from .env" name="Telemetry export Stage 1 configuration and payload building.imports telemetry and Elasticsearch settings from .env" time="0.0771" asserts="0" success="True" result="Success" executed="True" />
              <test-case description="uses safe telemetry defaults when .env is missing" name="Telemetry export Stage 1 configuration and payload building.uses safe telemetry defaults when .env is missing" time="0.0316" asserts="0" success="True" result="Success" executed="True" />
              <test-case description="throws for unsupported Elasticsearch auth type" name="Telemetry export Stage 1 configuration and payload building.throws for unsupported Elasticsearch auth type" time="0.0265" asserts="0" success="True" result="Success" executed="True" />
              <test-case description="imports newline-delimited JSON events from a JSONL file" name="Telemetry export Stage 1 configuration and payload building.imports newline-delimited JSON events from a JSONL file" time="0.0159" asserts="0" success="True" result="Success" executed="True" />
              <test-case description="builds an Elasticsearch bulk NDJSON payload from JSONL events" name="Telemetry export Stage 1 configuration and payload building.builds an Elasticsearch bulk NDJSON payload from JSONL events" time="0.024" asserts="0" success="True" result="Success" executed="True" />
              <test-case description="builds an index bulk payload from piped event objects" name="Telemetry export Stage 1 configuration and payload building.builds an index bulk payload from piped event objects" time="0.0145" asserts="0" success="True" result="Success" executed="True" />
              <test-case description="does not include configured secrets in generated bulk payloads" name="Telemetry export Stage 1 configuration and payload building.does not include configured secrets in generated bulk payloads" time="0.03" asserts="0" success="True" result="Success" executed="True" />
            </results>
          </test-suite>
        </results>
      </test-suite>
      <test-suite type="TestFixture" name="L:\github_repos\WinTaskCrossingGuard\tests\WebhookNotifications.Tests.ps1" executed="True" result="Success" success="True" time="0.2177" asserts="0" description="L:\github_repos\WinTaskCrossingGuard\tests\WebhookNotifications.Tests.ps1">
        <results>
          <test-suite type="TestFixture" name="Webhook and ChatOps notifications" executed="True" result="Success" success="True" time="0.1942" asserts="0" description="Webhook and ChatOps notifications">
            <results>
              <test-case description="imports Teams, Slack, and Discord webhook settings from .env" name="Webhook and ChatOps notifications.imports Teams, Slack, and Discord webhook settings from .env" time="0.0466" asserts="0" success="True" result="Success" executed="True" />
              <test-case description="builds provider-specific payload shapes" name="Webhook and ChatOps notifications.builds provider-specific payload shapes" time="0.0128" asserts="0" success="True" result="Success" executed="True" />
              <test-case description="sends enabled result webhooks and writes JSONL notification audit events" name="Webhook and ChatOps notifications.sends enabled result webhooks and writes JSONL notification audit events" time="0.0832" asserts="0" success="True" result="Success" executed="True" />
              <test-case description="does not throw on webhook failure unless fail-on-error is enabled" name="Webhook and ChatOps notifications.does not throw on webhook failure unless fail-on-error is enabled" time="0.0486" asserts="0" success="True" result="Success" executed="True" />
            </results>
          </test-suite>
        </results>
      </test-suite>
      <test-suite type="TestFixture" name="L:\github_repos\WinTaskCrossingGuard\tests\WindowsEventLog.Tests.ps1" executed="True" result="Success" success="True" time="0.085" asserts="0" description="L:\github_repos\WinTaskCrossingGuard\tests\WindowsEventLog.Tests.ps1">
        <results>
          <test-suite type="TestFixture" name="Windows Event Log audit integration" executed="True" result="Success" success="True" time="0.0652" asserts="0" description="Windows Event Log audit integration">
            <results>
              <test-case description="formats audit events for the WinTaskCrossingGuard source" name="Windows Event Log audit integration.formats audit events for the WinTaskCrossingGuard source" time="0.0331" asserts="0" success="True" result="Success" executed="True" />
              <test-case description="can be disabled without calling the native event writer" name="Windows Event Log audit integration.can be disabled without calling the native event writer" time="0.0145" asserts="0" success="True" result="Success" executed="True" />
              <test-case description="skips source creation on non-Windows platforms" name="Windows Event Log audit integration.skips source creation on non-Windows platforms" time="0.0148" asserts="0" success="True" result="Success" executed="True" />
            </results>
          </test-suite>
        </results>
      </test-suite>
      <test-suite type="TestFixture" name="L:\github_repos\WinTaskCrossingGuard\tests\WinTaskCrossingGuard.Tests.ps1" executed="True" result="Success" success="True" time="1.0965" asserts="0" description="L:\github_repos\WinTaskCrossingGuard\tests\WinTaskCrossingGuard.Tests.ps1">
        <results>
          <test-suite type="TestFixture" name="WinTaskCrossingGuard pure date/time helpers" executed="True" result="Success" success="True" time="0.0632" asserts="0" description="WinTaskCrossingGuard pure date/time helpers">
            <results>
              <test-case description="parses an ISO date/time string as an exact DateTime" name="WinTaskCrossingGuard pure date/time helpers.parses an ISO date/time string as an exact DateTime" time="0.0106" asserts="0" success="True" result="Success" executed="True" />
              <test-case description="anchors a time-only string to the provided anchor date" name="WinTaskCrossingGuard pure date/time helpers.anchors a time-only string to the provided anchor date" time="0.0091" asserts="0" success="True" result="Success" executed="True" />
              <test-case description="anchors a time-only string with AM/PM to the provided anchor date" name="WinTaskCrossingGuard pure date/time helpers.anchors a time-only string with AM/PM to the provided anchor date" time="0.0142" asserts="0" success="True" result="Success" executed="True" />
              <test-case description="throws for unparseable date/time input" name="WinTaskCrossingGuard pure date/time helpers.throws for unparseable date/time input" time="0.006" asserts="0" success="True" result="Success" executed="True" />
              <test-case description="resolves a same-day window" name="WinTaskCrossingGuard pure date/time helpers.resolves a same-day window" time="0.0058" asserts="0" success="True" result="Success" executed="True" />
              <test-case description="resolves an overnight window by adding a day to End" name="WinTaskCrossingGuard pure date/time helpers.resolves an overnight window by adding a day to End" time="0.0057" asserts="0" success="True" result="Success" executed="True" />
              <test-case description="treats date/times inside the window as in-window inclusively" name="WinTaskCrossingGuard pure date/time helpers.treats date/times inside the window as in-window inclusively" time="0.0045" asserts="0" success="True" result="Success" executed="True" />
              <test-case description="treats date/times outside the window as outside" name="WinTaskCrossingGuard pure date/time helpers.treats date/times outside the window as outside" time="0.0039" asserts="0" success="True" result="Success" executed="True" />
            </results>
          </test-suite>
          <test-suite type="TestFixture" name="WinTaskCrossingGuard task path and folder selection helpers" executed="True" result="Success" success="True" time="0.1059" asserts="0" description="WinTaskCrossingGuard task path and folder selection helpers">
            <results>
              <test-case description="normalizes null, empty, relative, and slashless task paths" name="WinTaskCrossingGuard task path and folder selection helpers.normalizes null, empty, relative, and slashless task paths" time="0.0095" asserts="0" success="True" result="Success" executed="True" />
              <test-case description="creates a folder selection with normalized task path and recurse flag" name="WinTaskCrossingGuard task path and folder selection helpers.creates a folder selection with normalized task path and recurse flag" time="0.005" asserts="0" success="True" result="Success" executed="True" />
              <test-case description="converts a legacy string folder entry using the provided default recurse value" name="WinTaskCrossingGuard task path and folder selection helpers.converts a legacy string folder entry using the provided default recurse value" time="0.0055" asserts="0" success="True" result="Success" executed="True" />
              <test-case description="converts an object folder entry that uses taskPath and recurse" name="WinTaskCrossingGuard task path and folder selection helpers.converts an object folder entry that uses taskPath and recurse" time="0.0061" asserts="0" success="True" result="Success" executed="True" />
              <test-case description="converts an object folder entry that uses path alias" name="WinTaskCrossingGuard task path and folder selection helpers.converts an object folder entry that uses path alias" time="0.0069" asserts="0" success="True" result="Success" executed="True" />
              <test-case description="throws when folder selection object has no path" name="WinTaskCrossingGuard task path and folder selection helpers.throws when folder selection object has no path" time="0.0066" asserts="0" success="True" result="Success" executed="True" />
            </results>
          </test-suite>
          <test-suite type="TestFixture" name="WinTaskCrossingGuard task identity import/export helpers" executed="True" result="Success" success="True" time="0.1908" asserts="0" description="WinTaskCrossingGuard task identity import/export helpers">
            <results>
              <test-case description="creates a task identity with normalized path and full name" name="WinTaskCrossingGuard task identity import/export helpers.creates a task identity with normalized path and full name" time="0.0162" asserts="0" success="True" result="Success" executed="True" />
              <test-case description="exports task identities to JSON and imports them back from the Tasks payload shape" name="WinTaskCrossingGuard task identity import/export helpers.exports task identities to JSON and imports them back from the Tasks payload shape" time="0.0381" asserts="0" success="True" result="Success" executed="True" />
              <test-case description="imports a bare array of task identities" name="WinTaskCrossingGuard task identity import/export helpers.imports a bare array of task identities" time="0.0173" asserts="0" success="True" result="Success" executed="True" />
              <test-case description="throws when importing a missing identity file" name="WinTaskCrossingGuard task identity import/export helpers.throws when importing a missing identity file" time="0.0085" asserts="0" success="True" result="Success" executed="True" />
            </results>
          </test-suite>
          <test-suite type="TestFixture" name="WinTaskCrossingGuard selection JSON import and matching" executed="True" result="Success" success="True" time="0.4593" asserts="0" description="WinTaskCrossingGuard selection JSON import and matching">
            <results>
              <test-case description="imports selection JSON with per-folder recurse and default recurse values" name="WinTaskCrossingGuard selection JSON import and matching.imports selection JSON with per-folder recurse and default recurse values" time="0.0431" asserts="0" success="True" result="Success" executed="True" />
              <test-case description="throws when selection file is missing" name="WinTaskCrossingGuard selection JSON import and matching.throws when selection file is missing" time="0.0085" asserts="0" success="True" result="Success" executed="True" />
              <test-case description="throws when selection JSON is invalid" name="WinTaskCrossingGuard selection JSON import and matching.throws when selection JSON is invalid" time="0.0118" asserts="0" success="True" result="Success" executed="True" />
              <test-case description="throws when a task include has an empty taskName" name="WinTaskCrossingGuard selection JSON import and matching.throws when a task include has an empty taskName" time="0.0136" asserts="0" success="True" result="Success" executed="True" />
              <test-case description="matches task specs by exact folder and wildcard task name" name="WinTaskCrossingGuard selection JSON import and matching.matches task specs by exact folder and wildcard task name" time="0.0073" asserts="0" success="True" result="Success" executed="True" />
              <test-case description="does not match task specs when folder differs" name="WinTaskCrossingGuard selection JSON import and matching.does not match task specs when folder differs" time="0.0075" asserts="0" success="True" result="Success" executed="True" />
              <test-case description="matches recursive folder selections against descendants" name="WinTaskCrossingGuard selection JSON import and matching.matches recursive folder selections against descendants" time="0.0074" asserts="0" success="True" result="Success" executed="True" />
              <test-case description="matches non-recursive folder selections only against exact folders" name="WinTaskCrossingGuard selection JSON import and matching.matches non-recursive folder selections only against exact folders" time="0.0089" asserts="0" success="True" result="Success" executed="True" />
              <test-case description="allows all tasks when selection is null" name="WinTaskCrossingGuard selection JSON import and matching.allows all tasks when selection is null" time="0.0222" asserts="0" success="True" result="Success" executed="True" />
              <test-case description="excludes task when an exclude folder matches" name="WinTaskCrossingGuard selection JSON import and matching.excludes task when an exclude folder matches" time="0.0226" asserts="0" success="True" result="Success" executed="True" />
              <test-case description="excludes task when an exclude task spec matches" name="WinTaskCrossingGuard selection JSON import and matching.excludes task when an exclude task spec matches" time="0.0223" asserts="0" success="True" result="Success" executed="True" />
              <test-case description="allows task when include folder matches and no exclusion matches" name="WinTaskCrossingGuard selection JSON import and matching.allows task when include folder matches and no exclusion matches" time="0.0225" asserts="0" success="True" result="Success" executed="True" />
              <test-case description="allows task when include task spec matches and no exclusion matches" name="WinTaskCrossingGuard selection JSON import and matching.allows task when include task spec matches and no exclusion matches" time="0.0218" asserts="0" success="True" result="Success" executed="True" />
              <test-case description="blocks task when includes exist but none match" name="WinTaskCrossingGuard selection JSON import and matching.blocks task when includes exist but none match" time="0.0229" asserts="0" success="True" result="Success" executed="True" />
              <test-case description="allows task when only exclusions exist and none match" name="WinTaskCrossingGuard selection JSON import and matching.allows task when only exclusions exist and none match" time="0.0228" asserts="0" success="True" result="Success" executed="True" />
            </results>
          </test-suite>
          <test-suite type="TestFixture" name="WinTaskCrossingGuard scheduled task discovery with mocked ScheduledTasks module" executed="True" result="Success" success="True" time="0.8935" asserts="0" description="WinTaskCrossingGuard scheduled task discovery with mocked ScheduledTasks module">
            <results>
              <test-case description="gets only exact-folder command-line candidates when Recurse is not used" name="WinTaskCrossingGuard scheduled task discovery with mocked ScheduledTasks module.gets only exact-folder command-line candidates when Recurse is not used" time="0.0444" asserts="0" success="True" result="Success" executed="True" />
              <test-case description="includes disabled candidates when IncludeDisabled is used" name="WinTaskCrossingGuard scheduled task discovery with mocked ScheduledTasks module.includes disabled candidates when IncludeDisabled is used" time="0.0407" asserts="0" success="True" result="Success" executed="True" />
              <test-case description="uses command-line recurse by scanning all tasks and filtering paths" name="WinTaskCrossingGuard scheduled task discovery with mocked ScheduledTasks module.uses command-line recurse by scanning all tasks and filtering paths" time="0.0396" asserts="0" success="True" result="Success" executed="True" />
              <test-case description="adds selection include folders with their own recurse settings" name="WinTaskCrossingGuard scheduled task discovery with mocked ScheduledTasks module.adds selection include folders with their own recurse settings" time="0.0815" asserts="0" success="True" result="Success" executed="True" />
              <test-case description="adds explicitly included tasks from selection and de-duplicates results" name="WinTaskCrossingGuard scheduled task discovery with mocked ScheduledTasks module.adds explicitly included tasks from selection and de-duplicates results" time="0.0447" asserts="0" success="True" result="Success" executed="True" />
              <test-case description="filters candidate names using TaskName wildcards" name="WinTaskCrossingGuard scheduled task discovery with mocked ScheduledTasks module.filters candidate names using TaskName wildcards" time="0.0276" asserts="0" success="True" result="Success" executed="True" />
              <test-case description="finds in-window tasks and returns rich records by default" name="WinTaskCrossingGuard scheduled task discovery with mocked ScheduledTasks module.finds in-window tasks and returns rich records by default" time="0.0502" asserts="0" success="True" result="Success" executed="True" />
              <test-case description="finds in-window tasks and returns identity-only records" name="WinTaskCrossingGuard scheduled task discovery with mocked ScheduledTasks module.finds in-window tasks and returns identity-only records" time="0.0329" asserts="0" success="True" result="Success" executed="True" />
              <test-case description="skips tasks with no upcoming run" name="WinTaskCrossingGuard scheduled task discovery with mocked ScheduledTasks module.skips tasks with no upcoming run" time="0.0327" asserts="0" success="True" result="Success" executed="True" />
              <test-case description="warns and skips tasks whose info cannot be read" name="WinTaskCrossingGuard scheduled task discovery with mocked ScheduledTasks module.warns and skips tasks whose info cannot be read" time="0.0369" asserts="0" success="True" result="Success" executed="True" />
            </results>
          </test-suite>
          <test-suite type="TestFixture" name="WinTaskCrossingGuard identity actions with mocked ScheduledTasks module" executed="True" result="Success" success="True" time="1.0208" asserts="0" description="WinTaskCrossingGuard identity actions with mocked ScheduledTasks module">
            <results>
              <test-case description="disables task identities from the pipeline and returns identities" name="WinTaskCrossingGuard identity actions with mocked ScheduledTasks module.disables task identities from the pipeline and returns identities" time="0.024" asserts="0" success="True" result="Success" executed="True" />
              <test-case description="enables task identities from the pipeline and returns identities" name="WinTaskCrossingGuard identity actions with mocked ScheduledTasks module.enables task identities from the pipeline and returns identities" time="0.024" asserts="0" success="True" result="Success" executed="True" />
              <test-case description="starts task identities from the pipeline and returns identities" name="WinTaskCrossingGuard identity actions with mocked ScheduledTasks module.starts task identities from the pipeline and returns identities" time="0.0286" asserts="0" success="True" result="Success" executed="True" />
              <test-case description="respects WhatIf for disable operations" name="WinTaskCrossingGuard identity actions with mocked ScheduledTasks module.respects WhatIf for disable operations" time="0.0149" asserts="0" success="True" result="Success" executed="True" />
              <test-case description="respects WhatIf for enable operations" name="WinTaskCrossingGuard identity actions with mocked ScheduledTasks module.respects WhatIf for enable operations" time="0.0181" asserts="0" success="True" result="Success" executed="True" />
              <test-case description="respects WhatIf for start operations" name="WinTaskCrossingGuard identity actions with mocked ScheduledTasks module.respects WhatIf for start operations" time="0.0149" asserts="0" success="True" result="Success" executed="True" />
            </results>
          </test-suite>
          <test-suite type="TestFixture" name="WinTaskCrossingGuard manifest output" executed="True" result="Success" success="True" time="1.0539" asserts="0" description="WinTaskCrossingGuard manifest output">
            <results>
              <test-case description="writes a manifest with window and selection source information" name="WinTaskCrossingGuard manifest output.writes a manifest with window and selection source information" time="0.018" asserts="0" success="True" result="Success" executed="True" />
              <test-case description="writes null selection source when no selection is provided" name="WinTaskCrossingGuard manifest output.writes null selection source when no selection is provided" time="0.0125" asserts="0" success="True" result="Success" executed="True" />
            </results>
          </test-suite>
        </results>
      </test-suite>
      <test-suite type="TestFixture" name="L:\github_repos\WinTaskCrossingGuard\tests\WrapperScripts.Tests.ps1" executed="True" result="Success" success="True" time="0.1121" asserts="0" description="L:\github_repos\WinTaskCrossingGuard\tests\WrapperScripts.Tests.ps1">
        <results>
          <test-suite type="TestFixture" name="Wrapper script availability" executed="True" result="Success" success="True" time="0.0212" asserts="0" description="Wrapper script availability">
            <results>
              <test-case description="ships all wrapper scripts expected by the suite" name="Wrapper script availability.ships all wrapper scripts expected by the suite" time="0.0072" asserts="0" success="True" result="Success" executed="True" />
              <test-case description="wrapper scripts parse without syntax errors" name="Wrapper script availability.wrapper scripts parse without syntax errors" time="0.0113" asserts="0" success="True" result="Success" executed="True" />
            </results>
          </test-suite>
          <test-suite type="TestFixture" name="Wrapper script identity file consumers" executed="True" result="Success" success="True" time="0.0916" asserts="0" description="Wrapper script identity file consumers">
            <results>
              <test-case description="Enable-TaskIdentities.ps1 supports WhatIf with an identity file" name="Wrapper script identity file consumers.Enable-TaskIdentities.ps1 supports WhatIf with an identity file" time="0.0252" asserts="0" success="True" result="Success" executed="True" />
              <test-case description="Start-TaskIdentities.ps1 supports WhatIf with an identity file" name="Wrapper script identity file consumers.Start-TaskIdentities.ps1 supports WhatIf with an identity file" time="0.0222" asserts="0" success="True" result="Success" executed="True" />
              <test-case description="Enable-TaskIdentities.ps1 throws when no identities are supplied" name="Wrapper script identity file consumers.Enable-TaskIdentities.ps1 throws when no identities are supplied" time="0.0104" asserts="0" success="True" result="Success" executed="True" />
              <test-case description="Start-TaskIdentities.ps1 throws when no identities are supplied" name="Wrapper script identity file consumers.Start-TaskIdentities.ps1 throws when no identities are supplied" time="0.0099" asserts="0" success="True" result="Success" executed="True" />
            </results>
          </test-suite>
        </results>
      </test-suite>
      <test-suite type="TestFixture" name="L:\github_repos\WinTaskCrossingGuard\tests\XmlDisableLog.Tests.ps1" executed="True" result="Success" success="True" time="0.0739" asserts="0" description="L:\github_repos\WinTaskCrossingGuard\tests\XmlDisableLog.Tests.ps1">
        <results>
          <test-suite type="TestFixture" name="Write-WtcgDisableXmlLog" executed="True" result="Success" success="True" time="0.0545" asserts="0" description="Write-WtcgDisableXmlLog">
            <results>
              <test-case description="writes an XML log with timestamp, window, metadata, and disabled task entries" name="Write-WtcgDisableXmlLog.writes an XML log with timestamp, window, metadata, and disabled task entries" time="0.0368" asserts="0" success="True" result="Success" executed="True" />
              <test-case description="omits optional metadata when optional values are absent" name="Write-WtcgDisableXmlLog.omits optional metadata when optional values are absent" time="0.0151" asserts="0" success="True" result="Success" executed="True" />
            </results>
          </test-suite>
        </results>
      </test-suite>
    </results>
  </test-suite>
</test-results>